#
# There is insufficient memory for the Java Runtime Environment to continue.
# Native memory allocation (malloc) failed to allocate 1527536 bytes for Chunk::new
# Possible reasons:
#   The system is out of physical RAM or swap space
#   The process is running with CompressedOops enabled, and the Java Heap may be blocking the growth of the native heap
# Possible solutions:
#   Reduce memory load on the system
#   Increase physical memory or swap space
#   Check if swap backing store is full
#   Decrease Java heap size (-Xmx/-Xms)
#   Decrease number of Java threads
#   Decrease Java thread stack sizes (-Xss)
#   Set larger code cache with -XX:ReservedCodeCacheSize=
#   JVM is running with Unscaled Compressed Oops mode in which the Java heap is
#     placed in the first 4GB address space. The Java Heap base address is the
#     maximum limit for the native heap growth. Please use -XX:HeapBaseMinAddress
#     to set the Java Heap base and to place the Java Heap above 4GB virtual address.
# This output file may be truncated or incomplete.
#
#  Out of Memory Error (arena.cpp:168), pid=3972, tid=17064
#
# JRE version: Java(TM) SE Runtime Environment (21.0.5+9) (build 21.0.5+9-LTS-239)
# Java VM: Java HotSpot(TM) 64-Bit Server VM (21.0.5+9-LTS-239, mixed mode, sharing, tiered, compressed oops, compressed class ptrs, parallel gc, windows-amd64)
# No core dump will be written. Minidumps are not enabled by default on client versions of Windows
#

---------------  S U M M A R Y ------------

Command Line: --add-modules=ALL-SYSTEM --add-opens=java.base/java.util=ALL-UNNAMED --add-opens=java.base/java.lang=ALL-UNNAMED --add-opens=java.base/sun.nio.fs=ALL-UNNAMED -Declipse.application=org.eclipse.jdt.ls.core.id1 -Dosgi.bundles.defaultStartLevel=4 -Declipse.product=org.eclipse.jdt.ls.core.product -Djava.import.generatesMetadataFilesAtProjectRoot=false -DDetectVMInstallationsJob.disabled=true -Dfile.encoding=utf8 -XX:+UseParallelGC -XX:GCTimeRatio=4 -XX:AdaptiveSizePolicyWeight=90 -Dsun.zip.disableMemoryMapping=true -Xmx1G -Xms100m -Xlog:disable -javaagent:c:\Users\oak pumirut\.vscode\extensions\redhat.java-1.38.0-win32-x64\lombok\lombok-1.18.34.jar c:\Users\oak pumirut\.vscode\extensions\redhat.java-1.38.0-win32-x64\server\plugins\org.eclipse.equinox.launcher_1.6.900.v20240613-2009.jar -configuration c:\Users\oak pumirut\AppData\Roaming\Code\User\globalStorage\redhat.java\1.38.0\config_ss_win -data c:\Users\oak pumirut\AppData\Roaming\Code\User\workspaceStorage\a3c4028b28b4910effa67704777bf6b0\redhat.java\ss_ws --pipe=\\.\pipe\lsp-1321d904f2d70628209a5a79a0d084c3-sock

Host: 13th Gen Intel(R) Core(TM) i5-13420H, 12 cores, 15G,  Windows 11 , 64 bit Build 26100 (10.0.26100.2454)
Time: Mon Jan 13 14:06:44 2025 SE Asia Standard Time elapsed time: 5.750975 seconds (0d 0h 0m 5s)

---------------  T H R E A D  ---------------

Current thread (0x000002096e46b0d0):  JavaThread "C2 CompilerThread0" daemon [_thread_in_native, id=17064, stack(0x0000003e43600000,0x0000003e43700000) (1024K)]


Current CompileTask:
C2:   5751 4596       4       org.lombokweb.asm.ClassReader::readMethod (1066 bytes)

Stack: [0x0000003e43600000,0x0000003e43700000]
Native frames: (J=compiled Java code, j=interpreted, Vv=VM code, C=native code)
V  [jvm.dll+0x6ca289]
V  [jvm.dll+0x854a51]
V  [jvm.dll+0x856f7e]
V  [jvm.dll+0x857653]
V  [jvm.dll+0x27dd26]
V  [jvm.dll+0xc4c2d]
V  [jvm.dll+0xc5163]
V  [jvm.dll+0x3b4d02]
V  [jvm.dll+0x3814b5]
V  [jvm.dll+0x38092a]
V  [jvm.dll+0x246910]
V  [jvm.dll+0x245eef]
V  [jvm.dll+0x1c6d0e]
V  [jvm.dll+0x2554d9]
V  [jvm.dll+0x253a6a]
V  [jvm.dll+0x3ee136]
V  [jvm.dll+0x7fee9b]
V  [jvm.dll+0x6c896d]
C  [ucrtbase.dll+0x14ea0]
C  [KERNEL32.DLL+0x2e8d7]
C  [ntdll.dll+0xdfbcc]


---------------  P R O C E S S  ---------------

Threads class SMR info:
_java_thread_list=0x00000209742e4350, length=41, elements={
0x000002090f9c57a0, 0x000002092b2366f0, 0x000002092b23c3f0, 0x000002096e4570b0,
0x000002096e457b00, 0x000002096e458550, 0x000002096e45da00, 0x000002096e46b0d0,
0x000002096e46d020, 0x000002096e554100, 0x000002096e6c9750, 0x000002097356dc80,
0x0000020973468010, 0x000002097345bb60, 0x00000209733c6ef0, 0x0000020973406720,
0x000002097370ed80, 0x000002097393ab10, 0x00000209738ce4e0, 0x0000020973b1e820,
0x0000020973b1cde0, 0x0000020973b1c750, 0x0000020973b1ba30, 0x0000020973b1e190,
0x0000020973b1d470, 0x0000020973b1db00, 0x0000020973b1b3a0, 0x0000020973b1c0c0,
0x0000020974209760, 0x000002097420b1a0, 0x000002097420b830, 0x000002097420bec0,
0x000002097420a480, 0x00000209742090d0, 0x0000020974209df0, 0x000002097420c550,
0x000002097420cbe0, 0x000002097420d270, 0x000002097420d900, 0x000002097420df90,
0x000002097420ab10
}

Java Threads: ( => current thread )
  0x000002090f9c57a0 JavaThread "main"                              [_thread_blocked, id=6796, stack(0x0000003e42c00000,0x0000003e42d00000) (1024K)]
  0x000002092b2366f0 JavaThread "Reference Handler"          daemon [_thread_blocked, id=24800, stack(0x0000003e43000000,0x0000003e43100000) (1024K)]
  0x000002092b23c3f0 JavaThread "Finalizer"                  daemon [_thread_blocked, id=18912, stack(0x0000003e43100000,0x0000003e43200000) (1024K)]
  0x000002096e4570b0 JavaThread "Signal Dispatcher"          daemon [_thread_blocked, id=8552, stack(0x0000003e43200000,0x0000003e43300000) (1024K)]
  0x000002096e457b00 JavaThread "Attach Listener"            daemon [_thread_blocked, id=20148, stack(0x0000003e43300000,0x0000003e43400000) (1024K)]
  0x000002096e458550 JavaThread "Service Thread"             daemon [_thread_blocked, id=3452, stack(0x0000003e43400000,0x0000003e43500000) (1024K)]
  0x000002096e45da00 JavaThread "Monitor Deflation Thread"   daemon [_thread_blocked, id=24044, stack(0x0000003e43500000,0x0000003e43600000) (1024K)]
=>0x000002096e46b0d0 JavaThread "C2 CompilerThread0"         daemon [_thread_in_native, id=17064, stack(0x0000003e43600000,0x0000003e43700000) (1024K)]
  0x000002096e46d020 JavaThread "C1 CompilerThread0"         daemon [_thread_blocked, id=15036, stack(0x0000003e43700000,0x0000003e43800000) (1024K)]
  0x000002096e554100 JavaThread "Common-Cleaner"             daemon [_thread_blocked, id=20872, stack(0x0000003e43800000,0x0000003e43900000) (1024K)]
  0x000002096e6c9750 JavaThread "Notification Thread"        daemon [_thread_blocked, id=25556, stack(0x0000003e43900000,0x0000003e43a00000) (1024K)]
  0x000002097356dc80 JavaThread "Active Thread: Equinox Container: 69f5dab2-f650-45c6-93ea-b6803ec1cdb2"        [_thread_blocked, id=21184, stack(0x0000003e44000000,0x0000003e44100000) (1024K)]
  0x0000020973468010 JavaThread "Framework Event Dispatcher: Equinox Container: 69f5dab2-f650-45c6-93ea-b6803ec1cdb2" daemon [_thread_blocked, id=22632, stack(0x0000003e44100000,0x0000003e44200000) (1024K)]
  0x000002097345bb60 JavaThread "Start Level: Equinox Container: 69f5dab2-f650-45c6-93ea-b6803ec1cdb2" daemon [_thread_blocked, id=18240, stack(0x0000003e44200000,0x0000003e44300000) (1024K)]
  0x00000209733c6ef0 JavaThread "SCR Component Actor"        daemon [_thread_blocked, id=3808, stack(0x0000003e44300000,0x0000003e44400000) (1024K)]
  0x0000020973406720 JavaThread "SCR Component Registry"     daemon [_thread_blocked, id=6396, stack(0x0000003e44500000,0x0000003e44600000) (1024K)]
  0x000002097370ed80 JavaThread "Worker-JM"                         [_thread_blocked, id=24380, stack(0x0000003e44600000,0x0000003e44700000) (1024K)]
  0x000002097393ab10 JavaThread "JNA Cleaner"                daemon [_thread_blocked, id=24980, stack(0x0000003e44900000,0x0000003e44a00000) (1024K)]
  0x00000209738ce4e0 JavaThread "Worker-0"                          [_thread_blocked, id=6420, stack(0x0000003e44a00000,0x0000003e44b00000) (1024K)]
  0x0000020973b1e820 JavaThread "Worker-1"                          [_thread_blocked, id=17600, stack(0x0000003e44b00000,0x0000003e44c00000) (1024K)]
  0x0000020973b1cde0 JavaThread "Thread-2"                   daemon [_thread_in_native, id=21076, stack(0x0000003e44e00000,0x0000003e44f00000) (1024K)]
  0x0000020973b1c750 JavaThread "Thread-3"                   daemon [_thread_in_native, id=14280, stack(0x0000003e44f00000,0x0000003e45000000) (1024K)]
  0x0000020973b1ba30 JavaThread "Thread-4"                   daemon [_thread_in_native, id=11612, stack(0x0000003e45000000,0x0000003e45100000) (1024K)]
  0x0000020973b1e190 JavaThread "Thread-5"                   daemon [_thread_in_native, id=2180, stack(0x0000003e45100000,0x0000003e45200000) (1024K)]
  0x0000020973b1d470 JavaThread "Thread-6"                   daemon [_thread_in_native, id=4384, stack(0x0000003e45200000,0x0000003e45300000) (1024K)]
  0x0000020973b1db00 JavaThread "Thread-7"                   daemon [_thread_in_native, id=21544, stack(0x0000003e45300000,0x0000003e45400000) (1024K)]
  0x0000020973b1b3a0 JavaThread "Thread-8"                   daemon [_thread_in_native, id=9048, stack(0x0000003e45400000,0x0000003e45500000) (1024K)]
  0x0000020973b1c0c0 JavaThread "Thread-9"                   daemon [_thread_in_native, id=19188, stack(0x0000003e45500000,0x0000003e45600000) (1024K)]
  0x0000020974209760 JavaThread "Thread-10"                  daemon [_thread_in_native, id=20632, stack(0x0000003e45600000,0x0000003e45700000) (1024K)]
  0x000002097420b1a0 JavaThread "Thread-11"                  daemon [_thread_in_native, id=7680, stack(0x0000003e45700000,0x0000003e45800000) (1024K)]
  0x000002097420b830 JavaThread "Thread-12"                  daemon [_thread_in_native, id=21700, stack(0x0000003e45800000,0x0000003e45900000) (1024K)]
  0x000002097420bec0 JavaThread "Thread-13"                  daemon [_thread_in_native, id=22232, stack(0x0000003e45900000,0x0000003e45a00000) (1024K)]
  0x000002097420a480 JavaThread "Thread-14"                  daemon [_thread_in_native, id=23132, stack(0x0000003e45a00000,0x0000003e45b00000) (1024K)]
  0x00000209742090d0 JavaThread "pool-2-thread-1"                   [_thread_blocked, id=6172, stack(0x0000003e45b00000,0x0000003e45c00000) (1024K)]
  0x0000020974209df0 JavaThread "Worker-2"                          [_thread_blocked, id=20528, stack(0x0000003e45c00000,0x0000003e45d00000) (1024K)]
  0x000002097420c550 JavaThread "WorkspaceEventsHandler"            [_thread_blocked, id=13628, stack(0x0000003e45d00000,0x0000003e45e00000) (1024K)]
  0x000002097420cbe0 JavaThread "pool-1-thread-1"                   [_thread_blocked, id=3944, stack(0x0000003e45e00000,0x0000003e45f00000) (1024K)]
  0x000002097420d270 JavaThread "ForkJoinPool.commonPool-worker-1" daemon [_thread_in_vm, id=8992, stack(0x0000003e45f00000,0x0000003e46000000) (1024K)]
  0x000002097420d900 JavaThread "ForkJoinPool.commonPool-worker-2" daemon [_thread_blocked, id=3192, stack(0x0000003e46000000,0x0000003e46100000) (1024K)]
  0x000002097420df90 JavaThread "ForkJoinPool.commonPool-worker-3" daemon [_thread_blocked, id=21736, stack(0x0000003e46100000,0x0000003e46200000) (1024K)]
  0x000002097420ab10 JavaThread "ForkJoinPool.commonPool-worker-4" daemon [_thread_blocked, id=22172, stack(0x0000003e46200000,0x0000003e46300000) (1024K)]
Total: 41

Other Threads:
  0x000002092b224c30 VMThread "VM Thread"                           [id=24348, stack(0x0000003e42f00000,0x0000003e43000000) (1024K)]
  0x000002092b11cb20 WatcherThread "VM Periodic Task Thread"        [id=21816, stack(0x0000003e42e00000,0x0000003e42f00000) (1024K)]
  0x0000020911bd5a00 WorkerThread "GC Thread#0"                     [id=22352, stack(0x0000003e42d00000,0x0000003e42e00000) (1024K)]
  0x00000209732c3870 WorkerThread "GC Thread#1"                     [id=6160, stack(0x0000003e43a00000,0x0000003e43b00000) (1024K)]
  0x00000209732e6510 WorkerThread "GC Thread#2"                     [id=7092, stack(0x0000003e43b00000,0x0000003e43c00000) (1024K)]
  0x00000209730ef7c0 WorkerThread "GC Thread#3"                     [id=16532, stack(0x0000003e43c00000,0x0000003e43d00000) (1024K)]
  0x00000209730efb60 WorkerThread "GC Thread#4"                     [id=23492, stack(0x0000003e43d00000,0x0000003e43e00000) (1024K)]
  0x00000209730eff00 WorkerThread "GC Thread#5"                     [id=12900, stack(0x0000003e43e00000,0x0000003e43f00000) (1024K)]
  0x0000020973654a70 WorkerThread "GC Thread#6"                     [id=22864, stack(0x0000003e43f00000,0x0000003e44000000) (1024K)]
  0x0000020973479870 WorkerThread "GC Thread#7"                     [id=21732, stack(0x0000003e44400000,0x0000003e44500000) (1024K)]
  0x000002097347aa90 WorkerThread "GC Thread#8"                     [id=7672, stack(0x0000003e44700000,0x0000003e44800000) (1024K)]
  0x0000020973479fb0 WorkerThread "GC Thread#9"                     [id=19028, stack(0x0000003e44800000,0x0000003e44900000) (1024K)]
Total: 12

Threads with active compile tasks:
C2 CompilerThread0     5770 4596       4       org.lombokweb.asm.ClassReader::readMethod (1066 bytes)
Total: 1

VM state: not at safepoint (normal execution)

VM Mutex/Monitor currently owned by a thread: None

Heap address: 0x00000000c0000000, size: 1024 MB, Compressed Oops mode: 32-bit

CDS archive(s) mapped at: [0x000002092c000000-0x000002092cc90000-0x000002092cc90000), size 13172736, SharedBaseAddress: 0x000002092c000000, ArchiveRelocationMode: 1.
Compressed class space mapped at: 0x000002092d000000-0x000002096d000000, reserved size: 1073741824
Narrow klass base: 0x000002092c000000, Narrow klass shift: 0, Narrow klass range: 0x100000000

GC Precious Log:
 CardTable entry size: 512
 CPUs: 12 total, 12 available
 Memory: 16071M
 Large Page Support: Disabled
 NUMA Support: Disabled
 Compressed Oops: Enabled (32-bit)
 Alignments: Space 512K, Generation 512K, Heap 2M
 Heap Min Capacity: 100M
 Heap Initial Capacity: 100M
 Heap Max Capacity: 1G
 Pre-touch: Disabled
 Parallel Workers: 10

Heap:
 PSYoungGen      total 22528K, used 2990K [0x00000000eab00000, 0x00000000ec480000, 0x0000000100000000)
  eden space 22016K, 11% used [0x00000000eab00000,0x00000000ead6bb20,0x00000000ec080000)
  from space 512K, 100% used [0x00000000ec300000,0x00000000ec380000,0x00000000ec380000)
  to   space 1024K, 0% used [0x00000000ec380000,0x00000000ec380000,0x00000000ec480000)
 ParOldGen       total 68608K, used 21907K [0x00000000c0000000, 0x00000000c4300000, 0x00000000eab00000)
  object space 68608K, 31% used [0x00000000c0000000,0x00000000c1564d68,0x00000000c4300000)
 Metaspace       used 39711K, committed 40768K, reserved 1114112K
  class space    used 3879K, committed 4352K, reserved 1048576K

Card table byte_map: [0x0000020911570000,0x0000020911780000] _byte_map_base: 0x0000020910f70000

Marking Bits: (ParMarkBitMap*) 0x00007ffbb0e30df0
 Begin Bits: [0x0000020929040000, 0x000002092a040000)
 End Bits:   [0x000002092a040000, 0x000002092b040000)

Polling page: 0x000002090f960000

Metaspace:

Usage:
  Non-class:     34.99 MB used.
      Class:      3.79 MB used.
       Both:     38.78 MB used.

Virtual space:
  Non-class space:       64.00 MB reserved,      35.56 MB ( 56%) committed,  1 nodes.
      Class space:        1.00 GB reserved,       4.25 MB ( <1%) committed,  1 nodes.
             Both:        1.06 GB reserved,      39.81 MB (  4%) committed. 

Chunk freelists:
   Non-Class:  12.05 MB
       Class:  11.61 MB
        Both:  23.65 MB

MaxMetaspaceSize: unlimited
CompressedClassSpaceSize: 1.00 GB
Initial GC threshold: 21.00 MB
Current GC threshold: 58.38 MB
CDS: on
 - commit_granule_bytes: 65536.
 - commit_granule_words: 8192.
 - virtual_space_node_default_size: 8388608.
 - enlarge_chunks_in_place: 1.
 - use_allocation_guard: 0.


Internal statistics:

num_allocs_failed_limit: 8.
num_arena_births: 1008.
num_arena_deaths: 210.
num_vsnodes_births: 2.
num_vsnodes_deaths: 0.
num_space_committed: 637.
num_space_uncommitted: 0.
num_chunks_returned_to_freelist: 306.
num_chunks_taken_from_freelist: 2829.
num_chunk_merges: 124.
num_chunk_splits: 1694.
num_chunks_enlarged: 936.
num_inconsistent_stats: 0.

CodeHeap 'non-profiled nmethods': size=120000Kb used=1800Kb max_used=1870Kb free=118200Kb
 bounds [0x0000020921b10000, 0x0000020921d80000, 0x0000020929040000]
CodeHeap 'profiled nmethods': size=120000Kb used=9736Kb max_used=9736Kb free=110263Kb
 bounds [0x000002091a040000, 0x000002091a9d0000, 0x0000020921570000]
CodeHeap 'non-nmethods': size=5760Kb used=1395Kb max_used=1431Kb free=4364Kb
 bounds [0x0000020921570000, 0x00000209217e0000, 0x0000020921b10000]
 total_blobs=5315 nmethods=4615 adapters=606
 compilation: enabled
              stopped_count=0, restarted_count=0
 full_count=0

Compilation events (20 events):
Event: 4.727 Thread 0x000002096e46d020 4978   !   2       com.google.gson.internal.bind.ReflectiveTypeAdapterFactory$2::write (140 bytes)
Event: 4.728 Thread 0x000002096e46d020 nmethod 4978 0x000002091a9b3590 code [0x000002091a9b38a0, 0x000002091a9b41f0]
Event: 4.728 Thread 0x000002096e46d020 4981       2       com.google.gson.stream.JsonWriter::name (56 bytes)
Event: 4.729 Thread 0x000002096e46d020 nmethod 4981 0x000002091a9b4890 code [0x000002091a9b4a80, 0x000002091a9b4f18]
Event: 4.729 Thread 0x000002096e46d020 4979       2       com.google.gson.stream.JsonWriter::beforeValue (139 bytes)
Event: 4.729 Thread 0x000002096e46d020 nmethod 4979 0x000002091a9b5190 code [0x000002091a9b53c0, 0x000002091a9b5900]
Event: 4.729 Thread 0x000002096e46d020 4980       2       com.google.gson.stream.JsonWriter::writeDeferredName (25 bytes)
Event: 4.729 Thread 0x000002096e46d020 nmethod 4980 0x000002091a9b5b90 code [0x000002091a9b5d40, 0x000002091a9b5ec8]
Event: 4.729 Thread 0x000002096e46d020 4982       2       java.io.StringWriter::append (6 bytes)
Event: 4.730 Thread 0x000002096e46d020 nmethod 4982 0x000002091a9b5f90 code [0x000002091a9b6140, 0x000002091a9b63e0]
Event: 4.730 Thread 0x000002096e46d020 4984       2       com.google.gson.internal.bind.TypeAdapterRuntimeTypeWrapper::getRuntimeTypeIfMoreSpecific (25 bytes)
Event: 4.730 Thread 0x000002096e46d020 nmethod 4984 0x000002091a9b6590 code [0x000002091a9b6720, 0x000002091a9b68e0]
Event: 4.730 Thread 0x000002096e46d020 4985       2       com.google.gson.internal.bind.TypeAdapterRuntimeTypeWrapper::write (80 bytes)
Event: 4.730 Thread 0x000002096e46d020 nmethod 4985 0x000002091a9b6990 code [0x000002091a9b6b80, 0x000002091a9b7140]
Event: 4.730 Thread 0x000002096e46d020 4986       1       sun.nio.ch.Iocp$CompletionStatus::completionKey (5 bytes)
Event: 4.731 Thread 0x000002096e46d020 nmethod 4986 0x0000020921b44710 code [0x0000020921b448a0, 0x0000020921b44968]
Event: 5.120 Thread 0x000002096e46d020 4987       2       org.eclipse.core.internal.jobs.JobListeners::getJobListenerTimeout (4 bytes)
Event: 5.120 Thread 0x000002096e46d020 nmethod 4987 0x000002091a9b7410 code [0x000002091a9b75a0, 0x000002091a9b7690]
Event: 5.199 Thread 0x000002096e46d020 4988       2       java.util.HashSet::size (8 bytes)
Event: 5.199 Thread 0x000002096e46d020 nmethod 4988 0x000002091a9b7710 code [0x000002091a9b78a0, 0x000002091a9b79b0]

GC Heap History (20 events):
Event: 3.304 GC heap before
{Heap before GC invocations=10 (full 1):
 PSYoungGen      total 27136K, used 27126K [0x00000000eab00000, 0x00000000ecc80000, 0x0000000100000000)
  eden space 24064K, 100% used [0x00000000eab00000,0x00000000ec280000,0x00000000ec280000)
  from space 3072K, 99% used [0x00000000ec780000,0x00000000eca7d8c8,0x00000000eca80000)
  to   space 5120K, 0% used [0x00000000ec280000,0x00000000ec280000,0x00000000ec780000)
 ParOldGen       total 68608K, used 10096K [0x00000000c0000000, 0x00000000c4300000, 0x00000000eab00000)
  object space 68608K, 14% used [0x00000000c0000000,0x00000000c09dc390,0x00000000c4300000)
 Metaspace       used 30474K, committed 31296K, reserved 1114112K
  class space    used 2921K, committed 3264K, reserved 1048576K
}
Event: 3.307 GC heap after
{Heap after GC invocations=10 (full 1):
 PSYoungGen      total 28672K, used 4705K [0x00000000eab00000, 0x00000000ecc00000, 0x0000000100000000)
  eden space 23552K, 0% used [0x00000000eab00000,0x00000000eab00000,0x00000000ec200000)
  from space 5120K, 91% used [0x00000000ec280000,0x00000000ec7186e0,0x00000000ec780000)
  to   space 4608K, 0% used [0x00000000ec780000,0x00000000ec780000,0x00000000ecc00000)
 ParOldGen       total 68608K, used 10104K [0x00000000c0000000, 0x00000000c4300000, 0x00000000eab00000)
  object space 68608K, 14% used [0x00000000c0000000,0x00000000c09de390,0x00000000c4300000)
 Metaspace       used 30474K, committed 31296K, reserved 1114112K
  class space    used 2921K, committed 3264K, reserved 1048576K
}
Event: 3.520 GC heap before
{Heap before GC invocations=11 (full 1):
 PSYoungGen      total 28672K, used 28257K [0x00000000eab00000, 0x00000000ecc00000, 0x0000000100000000)
  eden space 23552K, 100% used [0x00000000eab00000,0x00000000ec200000,0x00000000ec200000)
  from space 5120K, 91% used [0x00000000ec280000,0x00000000ec7186e0,0x00000000ec780000)
  to   space 4608K, 0% used [0x00000000ec780000,0x00000000ec780000,0x00000000ecc00000)
 ParOldGen       total 68608K, used 10104K [0x00000000c0000000, 0x00000000c4300000, 0x00000000eab00000)
  object space 68608K, 14% used [0x00000000c0000000,0x00000000c09de390,0x00000000c4300000)
 Metaspace       used 32465K, committed 33408K, reserved 1114112K
  class space    used 3181K, committed 3584K, reserved 1048576K
}
Event: 3.522 GC heap after
{Heap after GC invocations=11 (full 1):
 PSYoungGen      total 27136K, used 3635K [0x00000000eab00000, 0x00000000ecb80000, 0x0000000100000000)
  eden space 23040K, 0% used [0x00000000eab00000,0x00000000eab00000,0x00000000ec180000)
  from space 4096K, 88% used [0x00000000ec780000,0x00000000ecb0cf58,0x00000000ecb80000)
  to   space 4096K, 0% used [0x00000000ec380000,0x00000000ec380000,0x00000000ec780000)
 ParOldGen       total 68608K, used 13151K [0x00000000c0000000, 0x00000000c4300000, 0x00000000eab00000)
  object space 68608K, 19% used [0x00000000c0000000,0x00000000c0cd7f40,0x00000000c4300000)
 Metaspace       used 32465K, committed 33408K, reserved 1114112K
  class space    used 3181K, committed 3584K, reserved 1048576K
}
Event: 3.599 GC heap before
{Heap before GC invocations=12 (full 1):
 PSYoungGen      total 27136K, used 26675K [0x00000000eab00000, 0x00000000ecb80000, 0x0000000100000000)
  eden space 23040K, 100% used [0x00000000eab00000,0x00000000ec180000,0x00000000ec180000)
  from space 4096K, 88% used [0x00000000ec780000,0x00000000ecb0cf58,0x00000000ecb80000)
  to   space 4096K, 0% used [0x00000000ec380000,0x00000000ec380000,0x00000000ec780000)
 ParOldGen       total 68608K, used 13151K [0x00000000c0000000, 0x00000000c4300000, 0x00000000eab00000)
  object space 68608K, 19% used [0x00000000c0000000,0x00000000c0cd7f40,0x00000000c4300000)
 Metaspace       used 32601K, committed 33600K, reserved 1114112K
  class space    used 3189K, committed 3648K, reserved 1048576K
}
Event: 3.603 GC heap after
{Heap after GC invocations=12 (full 1):
 PSYoungGen      total 25600K, used 2641K [0x00000000eab00000, 0x00000000ec800000, 0x0000000100000000)
  eden space 22528K, 0% used [0x00000000eab00000,0x00000000eab00000,0x00000000ec100000)
  from space 3072K, 85% used [0x00000000ec380000,0x00000000ec614410,0x00000000ec680000)
  to   space 1536K, 0% used [0x00000000ec680000,0x00000000ec680000,0x00000000ec800000)
 ParOldGen       total 68608K, used 16578K [0x00000000c0000000, 0x00000000c4300000, 0x00000000eab00000)
  object space 68608K, 24% used [0x00000000c0000000,0x00000000c1030b98,0x00000000c4300000)
 Metaspace       used 32601K, committed 33600K, reserved 1114112K
  class space    used 3189K, committed 3648K, reserved 1048576K
}
Event: 3.693 GC heap before
{Heap before GC invocations=13 (full 1):
 PSYoungGen      total 25600K, used 25169K [0x00000000eab00000, 0x00000000ec800000, 0x0000000100000000)
  eden space 22528K, 100% used [0x00000000eab00000,0x00000000ec100000,0x00000000ec100000)
  from space 3072K, 85% used [0x00000000ec380000,0x00000000ec614410,0x00000000ec680000)
  to   space 1536K, 0% used [0x00000000ec680000,0x00000000ec680000,0x00000000ec800000)
 ParOldGen       total 68608K, used 16578K [0x00000000c0000000, 0x00000000c4300000, 0x00000000eab00000)
  object space 68608K, 24% used [0x00000000c0000000,0x00000000c1030b98,0x00000000c4300000)
 Metaspace       used 32857K, committed 33856K, reserved 1114112K
  class space    used 3203K, committed 3648K, reserved 1048576K
}
Event: 3.696 GC heap after
{Heap after GC invocations=13 (full 1):
 PSYoungGen      total 23552K, used 1508K [0x00000000eab00000, 0x00000000ecb80000, 0x0000000100000000)
  eden space 22016K, 0% used [0x00000000eab00000,0x00000000eab00000,0x00000000ec080000)
  from space 1536K, 98% used [0x00000000ec680000,0x00000000ec7f9340,0x00000000ec800000)
  to   space 5632K, 0% used [0x00000000ec080000,0x00000000ec080000,0x00000000ec600000)
 ParOldGen       total 68608K, used 19883K [0x00000000c0000000, 0x00000000c4300000, 0x00000000eab00000)
  object space 68608K, 28% used [0x00000000c0000000,0x00000000c136ac98,0x00000000c4300000)
 Metaspace       used 32857K, committed 33856K, reserved 1114112K
  class space    used 3203K, committed 3648K, reserved 1048576K
}
Event: 3.889 GC heap before
{Heap before GC invocations=14 (full 1):
 PSYoungGen      total 23552K, used 16643K [0x00000000eab00000, 0x00000000ecb80000, 0x0000000100000000)
  eden space 22016K, 68% used [0x00000000eab00000,0x00000000eb9c7910,0x00000000ec080000)
  from space 1536K, 98% used [0x00000000ec680000,0x00000000ec7f9340,0x00000000ec800000)
  to   space 5632K, 0% used [0x00000000ec080000,0x00000000ec080000,0x00000000ec600000)
 ParOldGen       total 68608K, used 19883K [0x00000000c0000000, 0x00000000c4300000, 0x00000000eab00000)
  object space 68608K, 28% used [0x00000000c0000000,0x00000000c136ac98,0x00000000c4300000)
 Metaspace       used 34821K, committed 35840K, reserved 1114112K
  class space    used 3429K, committed 3840K, reserved 1048576K
}
Event: 3.890 GC heap after
{Heap after GC invocations=14 (full 1):
 PSYoungGen      total 23040K, used 950K [0x00000000eab00000, 0x00000000ec700000, 0x0000000100000000)
  eden space 22016K, 0% used [0x00000000eab00000,0x00000000eab00000,0x00000000ec080000)
  from space 1024K, 92% used [0x00000000ec080000,0x00000000ec16dbf0,0x00000000ec180000)
  to   space 2560K, 0% used [0x00000000ec480000,0x00000000ec480000,0x00000000ec700000)
 ParOldGen       total 68608K, used 21196K [0x00000000c0000000, 0x00000000c4300000, 0x00000000eab00000)
  object space 68608K, 30% used [0x00000000c0000000,0x00000000c14b3310,0x00000000c4300000)
 Metaspace       used 34821K, committed 35840K, reserved 1114112K
  class space    used 3429K, committed 3840K, reserved 1048576K
}
Event: 3.890 GC heap before
{Heap before GC invocations=15 (full 2):
 PSYoungGen      total 23040K, used 950K [0x00000000eab00000, 0x00000000ec700000, 0x0000000100000000)
  eden space 22016K, 0% used [0x00000000eab00000,0x00000000eab00000,0x00000000ec080000)
  from space 1024K, 92% used [0x00000000ec080000,0x00000000ec16dbf0,0x00000000ec180000)
  to   space 2560K, 0% used [0x00000000ec480000,0x00000000ec480000,0x00000000ec700000)
 ParOldGen       total 68608K, used 21196K [0x00000000c0000000, 0x00000000c4300000, 0x00000000eab00000)
  object space 68608K, 30% used [0x00000000c0000000,0x00000000c14b3310,0x00000000c4300000)
 Metaspace       used 34821K, committed 35840K, reserved 1114112K
  class space    used 3429K, committed 3840K, reserved 1048576K
}
Event: 3.921 GC heap after
{Heap after GC invocations=15 (full 2):
 PSYoungGen      total 23040K, used 0K [0x00000000eab00000, 0x00000000ec700000, 0x0000000100000000)
  eden space 22016K, 0% used [0x00000000eab00000,0x00000000eab00000,0x00000000ec080000)
  from space 1024K, 0% used [0x00000000ec080000,0x00000000ec080000,0x00000000ec180000)
  to   space 2560K, 0% used [0x00000000ec480000,0x00000000ec480000,0x00000000ec700000)
 ParOldGen       total 68608K, used 20955K [0x00000000c0000000, 0x00000000c4300000, 0x00000000eab00000)
  object space 68608K, 30% used [0x00000000c0000000,0x00000000c1476d28,0x00000000c4300000)
 Metaspace       used 34651K, committed 35840K, reserved 1114112K
  class space    used 3381K, committed 3840K, reserved 1048576K
}
Event: 4.000 GC heap before
{Heap before GC invocations=16 (full 2):
 PSYoungGen      total 23040K, used 22016K [0x00000000eab00000, 0x00000000ec700000, 0x0000000100000000)
  eden space 22016K, 100% used [0x00000000eab00000,0x00000000ec080000,0x00000000ec080000)
  from space 1024K, 0% used [0x00000000ec080000,0x00000000ec080000,0x00000000ec180000)
  to   space 2560K, 0% used [0x00000000ec480000,0x00000000ec480000,0x00000000ec700000)
 ParOldGen       total 68608K, used 20955K [0x00000000c0000000, 0x00000000c4300000, 0x00000000eab00000)
  object space 68608K, 30% used [0x00000000c0000000,0x00000000c1476d28,0x00000000c4300000)
 Metaspace       used 34968K, committed 35968K, reserved 1114112K
  class space    used 3401K, committed 3840K, reserved 1048576K
}
Event: 4.001 GC heap after
{Heap after GC invocations=16 (full 2):
 PSYoungGen      total 23552K, used 1371K [0x00000000eab00000, 0x00000000ec600000, 0x0000000100000000)
  eden space 22016K, 0% used [0x00000000eab00000,0x00000000eab00000,0x00000000ec080000)
  from space 1536K, 89% used [0x00000000ec480000,0x00000000ec5d6e28,0x00000000ec600000)
  to   space 1536K, 0% used [0x00000000ec300000,0x00000000ec300000,0x00000000ec480000)
 ParOldGen       total 68608K, used 20963K [0x00000000c0000000, 0x00000000c4300000, 0x00000000eab00000)
  object space 68608K, 30% used [0x00000000c0000000,0x00000000c1478d28,0x00000000c4300000)
 Metaspace       used 34968K, committed 35968K, reserved 1114112K
  class space    used 3401K, committed 3840K, reserved 1048576K
}
Event: 4.126 GC heap before
{Heap before GC invocations=17 (full 2):
 PSYoungGen      total 23552K, used 23387K [0x00000000eab00000, 0x00000000ec600000, 0x0000000100000000)
  eden space 22016K, 100% used [0x00000000eab00000,0x00000000ec080000,0x00000000ec080000)
  from space 1536K, 89% used [0x00000000ec480000,0x00000000ec5d6e28,0x00000000ec600000)
  to   space 1536K, 0% used [0x00000000ec300000,0x00000000ec300000,0x00000000ec480000)
 ParOldGen       total 68608K, used 20963K [0x00000000c0000000, 0x00000000c4300000, 0x00000000eab00000)
  object space 68608K, 30% used [0x00000000c0000000,0x00000000c1478d28,0x00000000c4300000)
 Metaspace       used 36306K, committed 37184K, reserved 1114112K
  class space    used 3536K, committed 3904K, reserved 1048576K
}
Event: 4.127 GC heap after
{Heap after GC invocations=17 (full 2):
 PSYoungGen      total 22528K, used 320K [0x00000000eab00000, 0x00000000ec500000, 0x0000000100000000)
  eden space 22016K, 0% used [0x00000000eab00000,0x00000000eab00000,0x00000000ec080000)
  from space 512K, 62% used [0x00000000ec300000,0x00000000ec350000,0x00000000ec380000)
  to   space 1024K, 0% used [0x00000000ec400000,0x00000000ec400000,0x00000000ec500000)
 ParOldGen       total 68608K, used 21035K [0x00000000c0000000, 0x00000000c4300000, 0x00000000eab00000)
  object space 68608K, 30% used [0x00000000c0000000,0x00000000c148ad28,0x00000000c4300000)
 Metaspace       used 36306K, committed 37184K, reserved 1114112K
  class space    used 3536K, committed 3904K, reserved 1048576K
}
Event: 4.415 GC heap before
{Heap before GC invocations=18 (full 2):
 PSYoungGen      total 22528K, used 22304K [0x00000000eab00000, 0x00000000ec500000, 0x0000000100000000)
  eden space 22016K, 99% used [0x00000000eab00000,0x00000000ec078208,0x00000000ec080000)
  from space 512K, 62% used [0x00000000ec300000,0x00000000ec350000,0x00000000ec380000)
  to   space 1024K, 0% used [0x00000000ec400000,0x00000000ec400000,0x00000000ec500000)
 ParOldGen       total 68608K, used 21035K [0x00000000c0000000, 0x00000000c4300000, 0x00000000eab00000)
  object space 68608K, 30% used [0x00000000c0000000,0x00000000c148ad28,0x00000000c4300000)
 Metaspace       used 37238K, committed 38208K, reserved 1114112K
  class space    used 3655K, committed 4096K, reserved 1048576K
}
Event: 4.416 GC heap after
{Heap after GC invocations=18 (full 2):
 PSYoungGen      total 22528K, used 416K [0x00000000eab00000, 0x00000000ec480000, 0x0000000100000000)
  eden space 22016K, 0% used [0x00000000eab00000,0x00000000eab00000,0x00000000ec080000)
  from space 512K, 81% used [0x00000000ec400000,0x00000000ec468000,0x00000000ec480000)
  to   space 512K, 0% used [0x00000000ec300000,0x00000000ec300000,0x00000000ec380000)
 ParOldGen       total 68608K, used 21211K [0x00000000c0000000, 0x00000000c4300000, 0x00000000eab00000)
  object space 68608K, 30% used [0x00000000c0000000,0x00000000c14b6d28,0x00000000c4300000)
 Metaspace       used 37238K, committed 38208K, reserved 1114112K
  class space    used 3655K, committed 4096K, reserved 1048576K
}
Event: 4.724 GC heap before
{Heap before GC invocations=19 (full 2):
 PSYoungGen      total 22528K, used 22432K [0x00000000eab00000, 0x00000000ec480000, 0x0000000100000000)
  eden space 22016K, 100% used [0x00000000eab00000,0x00000000ec080000,0x00000000ec080000)
  from space 512K, 81% used [0x00000000ec400000,0x00000000ec468000,0x00000000ec480000)
  to   space 512K, 0% used [0x00000000ec300000,0x00000000ec300000,0x00000000ec380000)
 ParOldGen       total 68608K, used 21211K [0x00000000c0000000, 0x00000000c4300000, 0x00000000eab00000)
  object space 68608K, 30% used [0x00000000c0000000,0x00000000c14b6d28,0x00000000c4300000)
 Metaspace       used 39239K, committed 40192K, reserved 1114112K
  class space    used 3848K, committed 4288K, reserved 1048576K
}
Event: 4.725 GC heap after
{Heap after GC invocations=19 (full 2):
 PSYoungGen      total 22528K, used 512K [0x00000000eab00000, 0x00000000ec480000, 0x0000000100000000)
  eden space 22016K, 0% used [0x00000000eab00000,0x00000000eab00000,0x00000000ec080000)
  from space 512K, 100% used [0x00000000ec300000,0x00000000ec380000,0x00000000ec380000)
  to   space 1024K, 0% used [0x00000000ec380000,0x00000000ec380000,0x00000000ec480000)
 ParOldGen       total 68608K, used 21907K [0x00000000c0000000, 0x00000000c4300000, 0x00000000eab00000)
  object space 68608K, 31% used [0x00000000c0000000,0x00000000c1564d68,0x00000000c4300000)
 Metaspace       used 39239K, committed 40192K, reserved 1114112K
  class space    used 3848K, committed 4288K, reserved 1048576K
}

Dll operation events (11 events):
Event: 0.014 Loaded shared library C:\Program Files\Java\jdk-21\bin\java.dll
Event: 0.057 Loaded shared library C:\Program Files\Java\jdk-21\bin\jsvml.dll
Event: 0.099 Loaded shared library C:\Program Files\Java\jdk-21\bin\zip.dll
Event: 0.104 Loaded shared library C:\Program Files\Java\jdk-21\bin\instrument.dll
Event: 0.109 Loaded shared library C:\Program Files\Java\jdk-21\bin\net.dll
Event: 0.112 Loaded shared library C:\Program Files\Java\jdk-21\bin\nio.dll
Event: 0.115 Loaded shared library C:\Program Files\Java\jdk-21\bin\zip.dll
Event: 0.131 Loaded shared library C:\Program Files\Java\jdk-21\bin\jimage.dll
Event: 0.196 Loaded shared library C:\Program Files\Java\jdk-21\bin\verify.dll
Event: 1.227 Loaded shared library C:\Users\oak pumirut\AppData\Roaming\Code\User\globalStorage\redhat.java\1.38.0\config_ss_win\org.eclipse.equinox.launcher\org.eclipse.equinox.launcher.win32.win32.x86_64_1.2.1100.v20240722-2106\eclipse_11904.dll
Event: 1.956 Loaded shared library C:\Users\oak pumirut\AppData\Local\Temp\jna-105890889\jna12277965556102540336.dll

Deoptimization events (20 events):
Event: 4.689 Thread 0x000002097420cbe0 Uncommon trap: trap_request=0xffffff45 fr.pc=0x0000020921b7d5b8 relative=0x0000000000000478
Event: 4.689 Thread 0x000002097420cbe0 Uncommon trap: reason=unstable_if action=reinterpret pc=0x0000020921b7d5b8 method=java.lang.AbstractStringBuilder.isLatin1()Z @ 10 c2
Event: 4.689 Thread 0x000002097420cbe0 DEOPT PACKING pc=0x0000020921b7d5b8 sp=0x0000003e45efe320
Event: 4.689 Thread 0x000002097420cbe0 DEOPT UNPACKING pc=0x00000209215c3aa2 sp=0x0000003e45efe1b8 mode 2
Event: 4.689 Thread 0x000002097420cbe0 Uncommon trap: trap_request=0xffffff45 fr.pc=0x0000020921c56a44 relative=0x00000000000004c4
Event: 4.689 Thread 0x000002097420cbe0 Uncommon trap: reason=unstable_if action=reinterpret pc=0x0000020921c56a44 method=java.lang.String.getBytes([BIB)V @ 5 c2
Event: 4.689 Thread 0x000002097420cbe0 DEOPT PACKING pc=0x0000020921c56a44 sp=0x0000003e45efe180
Event: 4.689 Thread 0x000002097420cbe0 DEOPT UNPACKING pc=0x00000209215c3aa2 sp=0x0000003e45efdfb8 mode 2
Event: 4.689 Thread 0x000002097420cbe0 Uncommon trap: trap_request=0xffffff45 fr.pc=0x0000020921c4f734 relative=0x00000000000004b4
Event: 4.689 Thread 0x000002097420cbe0 Uncommon trap: reason=unstable_if action=reinterpret pc=0x0000020921c4f734 method=java.lang.String.getBytes([BIB)V @ 5 c2
Event: 4.689 Thread 0x000002097420cbe0 DEOPT PACKING pc=0x0000020921c4f734 sp=0x0000003e45efe230
Event: 4.689 Thread 0x000002097420cbe0 DEOPT UNPACKING pc=0x00000209215c3aa2 sp=0x0000003e45efe128 mode 2
Event: 4.690 Thread 0x000002097420cbe0 Uncommon trap: trap_request=0xffffff45 fr.pc=0x0000020921b4330c relative=0x00000000000000ec
Event: 4.690 Thread 0x000002097420cbe0 Uncommon trap: reason=unstable_if action=reinterpret pc=0x0000020921b4330c method=java.lang.String.getBytes([BIB)V @ 5 c2
Event: 4.690 Thread 0x000002097420cbe0 DEOPT PACKING pc=0x0000020921b4330c sp=0x0000003e45efdfe0
Event: 4.690 Thread 0x000002097420cbe0 DEOPT UNPACKING pc=0x00000209215c3aa2 sp=0x0000003e45efdf88 mode 2
Event: 4.690 Thread 0x000002097420cbe0 Uncommon trap: trap_request=0xffffff45 fr.pc=0x0000020921ccfb24 relative=0x0000000000000264
Event: 4.690 Thread 0x000002097420cbe0 Uncommon trap: reason=unstable_if action=reinterpret pc=0x0000020921ccfb24 method=java.lang.String.getChars(II[CI)V @ 24 c2
Event: 4.690 Thread 0x000002097420cbe0 DEOPT PACKING pc=0x0000020921ccfb24 sp=0x0000003e45efe590
Event: 4.690 Thread 0x000002097420cbe0 DEOPT UNPACKING pc=0x00000209215c3aa2 sp=0x0000003e45efe550 mode 2

Classes loaded (20 events):
Event: 4.685 Loading class java/lang/StackStreamFactory$StackFrameTraverser$StackFrameBuffer
Event: 4.685 Loading class java/lang/StackStreamFactory$FrameBuffer
Event: 4.685 Loading class java/lang/StackStreamFactory$FrameBuffer done
Event: 4.685 Loading class java/lang/StackStreamFactory$StackFrameTraverser$StackFrameBuffer done
Event: 4.687 Loading class java/util/logging/Level$RbAccess
Event: 4.687 Loading class java/util/logging/Level$RbAccess done
Event: 4.688 Loading class sun/util/logging/resources/logging
Event: 4.688 Loading class sun/util/logging/resources/logging done
Event: 4.688 Loading class sun/util/logging/resources/logging_en
Event: 4.688 Loading class sun/util/logging/resources/logging_en done
Event: 4.688 Loading class sun/util/logging/resources/logging_en
Event: 4.688 Loading class sun/util/logging/resources/logging_en done
Event: 4.688 Loading class sun/util/logging/resources/logging_en_US
Event: 4.688 Loading class sun/util/logging/resources/logging_en_US done
Event: 4.688 Loading class sun/util/logging/resources/logging_en_US
Event: 4.688 Loading class sun/util/logging/resources/logging_en_US done
Event: 4.688 Loading class java/util/Formatter$DateTime
Event: 4.688 Loading class java/util/Formatter$DateTime done
Event: 4.689 Loading class java/time/ZonedDateTime$1
Event: 4.689 Loading class java/time/ZonedDateTime$1 done

Classes unloaded (20 events):
Event: 3.895 Thread 0x000002092b224c30 Unloading class 0x000002092d355400 'java/lang/invoke/LambdaForm$MH+0x000002092d355400'
Event: 3.895 Thread 0x000002092b224c30 Unloading class 0x000002092d355000 'java/lang/invoke/LambdaForm$MH+0x000002092d355000'
Event: 3.895 Thread 0x000002092b224c30 Unloading class 0x000002092d354c00 'java/lang/invoke/LambdaForm$MH+0x000002092d354c00'
Event: 3.895 Thread 0x000002092b224c30 Unloading class 0x000002092d354800 'java/lang/invoke/LambdaForm$MH+0x000002092d354800'
Event: 3.895 Thread 0x000002092b224c30 Unloading class 0x000002092d354000 'java/lang/invoke/LambdaForm$MH+0x000002092d354000'
Event: 3.895 Thread 0x000002092b224c30 Unloading class 0x000002092d353c00 'java/lang/invoke/LambdaForm$MH+0x000002092d353c00'
Event: 3.895 Thread 0x000002092b224c30 Unloading class 0x000002092d353800 'java/lang/invoke/LambdaForm$MH+0x000002092d353800'
Event: 3.895 Thread 0x000002092b224c30 Unloading class 0x000002092d353400 'java/lang/invoke/LambdaForm$MH+0x000002092d353400'
Event: 3.895 Thread 0x000002092b224c30 Unloading class 0x000002092d352c00 'java/lang/invoke/LambdaForm$MH+0x000002092d352c00'
Event: 3.895 Thread 0x000002092b224c30 Unloading class 0x000002092d352800 'java/lang/invoke/LambdaForm$MH+0x000002092d352800'
Event: 3.895 Thread 0x000002092b224c30 Unloading class 0x000002092d352000 'java/lang/invoke/LambdaForm$MH+0x000002092d352000'
Event: 3.895 Thread 0x000002092b224c30 Unloading class 0x000002092d352400 'java/lang/invoke/LambdaForm$MH+0x000002092d352400'
Event: 3.895 Thread 0x000002092b224c30 Unloading class 0x000002092d351c00 'java/lang/invoke/LambdaForm$MH+0x000002092d351c00'
Event: 3.895 Thread 0x000002092b224c30 Unloading class 0x000002092d351800 'java/lang/invoke/LambdaForm$MH+0x000002092d351800'
Event: 3.895 Thread 0x000002092b224c30 Unloading class 0x000002092d351400 'java/lang/invoke/LambdaForm$MH+0x000002092d351400'
Event: 3.895 Thread 0x000002092b224c30 Unloading class 0x000002092d351000 'java/lang/invoke/LambdaForm$MH+0x000002092d351000'
Event: 3.895 Thread 0x000002092b224c30 Unloading class 0x000002092d350800 'java/lang/invoke/LambdaForm$DMH+0x000002092d350800'
Event: 3.895 Thread 0x000002092b224c30 Unloading class 0x000002092d350000 'java/lang/invoke/LambdaForm$DMH+0x000002092d350000'
Event: 3.895 Thread 0x000002092b224c30 Unloading class 0x000002092d349c00 'java/lang/invoke/LambdaForm$DMH+0x000002092d349c00'
Event: 3.895 Thread 0x000002092b224c30 Unloading class 0x000002092d350400 'java/lang/invoke/LambdaForm$DMH+0x000002092d350400'

Classes redefined (0 events):
No events

Internal exceptions (20 events):
Event: 3.475 Thread 0x000002097420df90 Implicit null exception at 0x0000020921c90513 to 0x0000020921c907b8
Event: 3.476 Thread 0x000002097420df90 Exception <a 'java/lang/NoSuchMethodError'{0x00000000eb96fab0}: 'int java.lang.invoke.Invokers$Holder.linkToTargetMethod(java.lang.Object, java.lang.Object, java.lang.Object)'> (0x00000000eb96fab0) 
thrown [s\open\src\hotspot\share\interpreter\linkResolver.cpp, line 773]
Event: 3.476 Thread 0x000002097420d270 Exception <a 'java/lang/NoSuchMethodError'{0x00000000eb9961b8}: 'int java.lang.invoke.Invokers$Holder.linkToTargetMethod(java.lang.Object, java.lang.Object, java.lang.Object)'> (0x00000000eb9961b8) 
thrown [s\open\src\hotspot\share\interpreter\linkResolver.cpp, line 773]
Event: 3.476 Thread 0x000002097420ab10 Exception <a 'java/lang/NoSuchMethodError'{0x00000000eb9665a8}: 'int java.lang.invoke.Invokers$Holder.linkToTargetMethod(java.lang.Object, java.lang.Object, java.lang.Object)'> (0x00000000eb9665a8) 
thrown [s\open\src\hotspot\share\interpreter\linkResolver.cpp, line 773]
Event: 3.476 Thread 0x000002097420cbe0 Exception <a 'java/lang/NoSuchMethodError'{0x00000000eb93d110}: 'int java.lang.invoke.Invokers$Holder.linkToTargetMethod(java.lang.Object, java.lang.Object, java.lang.Object)'> (0x00000000eb93d110) 
thrown [s\open\src\hotspot\share\interpreter\linkResolver.cpp, line 773]
Event: 3.880 Thread 0x000002097420df90 Exception <a 'java/lang/LinkageError'{0x00000000eb86cd38}: loader lombok.launch.ShadowClassLoader @326ca195 attempted duplicate class definition for lombok.launch.PatchFixesHider$ValPortal. (lombok.launch.PatchFixesHider$ValPortal is in unnamed module of loader lombok.launch.ShadowClassLoader @326ca195, parent loader org.eclipse.osgi.internal.loader.EquinoxClassLoader @1fa0531)> (0x00000000eb86cd38) 
thrown [s\open\src\hotspot\share\classfile\systemDictionary.cpp, line 1682]
Event: 3.883 Thread 0x000002097420cbe0 Exception <a 'java/lang/LinkageError'{0x00000000eb71b6f8}: loader lombok.launch.ShadowClassLoader @326ca195 attempted duplicate class definition for lombok.launch.PatchFixesHider$ValPortal. (lombok.launch.PatchFixesHider$ValPortal is in unnamed module of loader lombok.launch.ShadowClassLoader @326ca195, parent loader org.eclipse.osgi.internal.loader.EquinoxClassLoader @1fa0531)> (0x00000000eb71b6f8) 
thrown [s\open\src\hotspot\share\classfile\systemDictionary.cpp, line 1682]
Event: 3.884 Thread 0x000002097420ab10 Exception <a 'java/lang/LinkageError'{0x00000000eb8ad680}: loader lombok.launch.ShadowClassLoader @326ca195 attempted duplicate class definition for lombok.launch.PatchFixesHider$ValPortal. (lombok.launch.PatchFixesHider$ValPortal is in unnamed module of loader lombok.launch.ShadowClassLoader @326ca195, parent loader org.eclipse.osgi.internal.loader.EquinoxClassLoader @1fa0531)> (0x00000000eb8ad680) 
thrown [s\open\src\hotspot\share\classfile\systemDictionary.cpp, line 1682]
Event: 3.884 Thread 0x000002097420d900 Exception <a 'java/lang/LinkageError'{0x00000000eb85cd40}: loader lombok.launch.ShadowClassLoader @326ca195 attempted duplicate class definition for lombok.launch.PatchFixesHider$ValPortal. (lombok.launch.PatchFixesHider$ValPortal is in unnamed module of loader lombok.launch.ShadowClassLoader @326ca195, parent loader org.eclipse.osgi.internal.loader.EquinoxClassLoader @1fa0531)> (0x00000000eb85cd40) 
thrown [s\open\src\hotspot\share\classfile\systemDictionary.cpp, line 1682]
Event: 4.083 Thread 0x000002097420d900 Exception <a 'java/lang/LinkageError'{0x00000000ebd50688}: loader lombok.launch.ShadowClassLoader @326ca195 attempted duplicate class definition for lombok.launch.PatchFixesHider$Transform. (lombok.launch.PatchFixesHider$Transform is in unnamed module of loader lombok.launch.ShadowClassLoader @326ca195, parent loader org.eclipse.osgi.internal.loader.EquinoxClassLoader @1fa0531)> (0x00000000ebd50688) 
thrown [s\open\src\hotspot\share\classfile\systemDictionary.cpp, line 1682]
Event: 4.083 Thread 0x000002097420ab10 Exception <a 'java/lang/LinkageError'{0x00000000ebd051a8}: loader lombok.launch.ShadowClassLoader @326ca195 attempted duplicate class definition for lombok.launch.PatchFixesHider$Transform. (lombok.launch.PatchFixesHider$Transform is in unnamed module of loader lombok.launch.ShadowClassLoader @326ca195, parent loader org.eclipse.osgi.internal.loader.EquinoxClassLoader @1fa0531)> (0x00000000ebd051a8) 
thrown [s\open\src\hotspot\share\classfile\systemDictionary.cpp, line 1682]
Event: 4.084 Thread 0x000002097420df90 Exception <a 'java/lang/LinkageError'{0x00000000ebc7e518}: loader lombok.launch.ShadowClassLoader @326ca195 attempted duplicate class definition for lombok.launch.PatchFixesHider$Transform. (lombok.launch.PatchFixesHider$Transform is in unnamed module of loader lombok.launch.ShadowClassLoader @326ca195, parent loader org.eclipse.osgi.internal.loader.EquinoxClassLoader @1fa0531)> (0x00000000ebc7e518) 
thrown [s\open\src\hotspot\share\classfile\systemDictionary.cpp, line 1682]
Event: 4.084 Thread 0x000002097420cbe0 Exception <a 'java/lang/LinkageError'{0x00000000ebcded08}: loader lombok.launch.ShadowClassLoader @326ca195 attempted duplicate class definition for lombok.launch.PatchFixesHider$Transform. (lombok.launch.PatchFixesHider$Transform is in unnamed module of loader lombok.launch.ShadowClassLoader @326ca195, parent loader org.eclipse.osgi.internal.loader.EquinoxClassLoader @1fa0531)> (0x00000000ebcded08) 
thrown [s\open\src\hotspot\share\classfile\systemDictionary.cpp, line 1682]
Event: 4.399 Thread 0x000002097420d270 Implicit null exception at 0x0000020921bcde9d to 0x0000020921bce9d8
Event: 4.558 Thread 0x000002097420cbe0 Exception <a 'java/lang/LinkageError'{0x00000000eb5d5f90}: loader lombok.launch.ShadowClassLoader @2de50812 attempted duplicate class definition for lombok.launch.PatchFixesHider$FieldInitializer. (lombok.launch.PatchFixesHider$FieldInitializer is in unnamed module of loader lombok.launch.ShadowClassLoader @2de50812, parent loader org.eclipse.osgi.internal.loader.EquinoxClassLoader @39eac7ea)> (0x00000000eb5d5f90) 
thrown [s\open\src\hotspot\share\classfile\systemDictionary.cpp, line 1682]
Event: 4.558 Thread 0x000002097420d900 Exception <a 'java/lang/LinkageError'{0x00000000eb5dd348}: loader lombok.launch.ShadowClassLoader @2de50812 attempted duplicate class definition for lombok.launch.PatchFixesHider$FieldInitializer. (lombok.launch.PatchFixesHider$FieldInitializer is in unnamed module of loader lombok.launch.ShadowClassLoader @2de50812, parent loader org.eclipse.osgi.internal.loader.EquinoxClassLoader @39eac7ea)> (0x00000000eb5dd348) 
thrown [s\open\src\hotspot\share\classfile\systemDictionary.cpp, line 1682]
Event: 4.558 Thread 0x000002097420ab10 Exception <a 'java/lang/LinkageError'{0x00000000eb5e0468}: loader lombok.launch.ShadowClassLoader @2de50812 attempted duplicate class definition for lombok.launch.PatchFixesHider$FieldInitializer. (lombok.launch.PatchFixesHider$FieldInitializer is in unnamed module of loader lombok.launch.ShadowClassLoader @2de50812, parent loader org.eclipse.osgi.internal.loader.EquinoxClassLoader @39eac7ea)> (0x00000000eb5e0468) 
thrown [s\open\src\hotspot\share\classfile\systemDictionary.cpp, line 1682]
Event: 4.688 Thread 0x000002097420cbe0 Exception <a 'java/lang/ClassNotFoundException'{0x00000000ebeeb270}: sun/util/logging/resources/spi/loggingProvider> (0x00000000ebeeb270) 
thrown [s\open\src\hotspot\share\classfile\systemDictionary.cpp, line 312]
Event: 4.694 Thread 0x000002097420cbe0 Exception <a 'java/lang/IncompatibleClassChangeError'{0x00000000ebf699e8}: Found class java.lang.Object, but interface was expected> (0x00000000ebf699e8) 
thrown [s\open\src\hotspot\share\interpreter\linkResolver.cpp, line 840]
Event: 4.696 Thread 0x000002097420cbe0 Exception <a 'java/lang/IncompatibleClassChangeError'{0x00000000ebf7f4a0}: Found class java.lang.Object, but interface was expected> (0x00000000ebf7f4a0) 
thrown [s\open\src\hotspot\share\interpreter\linkResolver.cpp, line 840]

ZGC Phase Switch (0 events):
No events

VM Operations (20 events):
Event: 3.599 Executing VM operation: ParallelGCFailedAllocation (Allocation Failure)
Event: 3.603 Executing VM operation: ParallelGCFailedAllocation (Allocation Failure) done
Event: 3.693 Executing VM operation: ParallelGCFailedAllocation (Allocation Failure)
Event: 3.696 Executing VM operation: ParallelGCFailedAllocation (Allocation Failure) done
Event: 3.846 Executing VM operation: HandshakeAllThreads (Deoptimize)
Event: 3.846 Executing VM operation: HandshakeAllThreads (Deoptimize) done
Event: 3.888 Executing VM operation: CollectForMetadataAllocation (Metadata GC Threshold)
Event: 3.921 Executing VM operation: CollectForMetadataAllocation (Metadata GC Threshold) done
Event: 3.922 Executing VM operation: CollectForMetadataAllocation (Metadata GC Threshold)
Event: 3.922 Executing VM operation: CollectForMetadataAllocation (Metadata GC Threshold) done
Event: 4.000 Executing VM operation: ParallelGCFailedAllocation (Allocation Failure)
Event: 4.001 Executing VM operation: ParallelGCFailedAllocation (Allocation Failure) done
Event: 4.126 Executing VM operation: ParallelGCFailedAllocation (Allocation Failure)
Event: 4.127 Executing VM operation: ParallelGCFailedAllocation (Allocation Failure) done
Event: 4.415 Executing VM operation: ParallelGCFailedAllocation (Allocation Failure)
Event: 4.416 Executing VM operation: ParallelGCFailedAllocation (Allocation Failure) done
Event: 4.517 Executing VM operation: HandshakeAllThreads (Deoptimize)
Event: 4.517 Executing VM operation: HandshakeAllThreads (Deoptimize) done
Event: 4.724 Executing VM operation: ParallelGCFailedAllocation (Allocation Failure)
Event: 4.725 Executing VM operation: ParallelGCFailedAllocation (Allocation Failure) done

Events (20 events):
Event: 3.901 Thread 0x000002092b224c30 flushing nmethod 0x000002091a349810
Event: 3.901 Thread 0x000002092b224c30 flushing nmethod 0x000002091a34b910
Event: 3.901 Thread 0x000002092b224c30 flushing nmethod 0x000002091a34eb90
Event: 3.901 Thread 0x000002092b224c30 flushing nmethod 0x000002091a351290
Event: 3.901 Thread 0x000002092b224c30 flushing nmethod 0x000002091a395e90
Event: 3.901 Thread 0x000002092b224c30 flushing nmethod 0x000002091a396190
Event: 3.901 Thread 0x000002092b224c30 flushing nmethod 0x000002091a3c9b90
Event: 3.901 Thread 0x000002092b224c30 flushing nmethod 0x000002091a453710
Event: 3.901 Thread 0x000002092b224c30 flushing nmethod 0x000002091a453b90
Event: 3.901 Thread 0x000002092b224c30 flushing nmethod 0x000002091a4bb710
Event: 3.901 Thread 0x000002092b224c30 flushing nmethod 0x000002091a4bba10
Event: 3.901 Thread 0x000002092b224c30 flushing nmethod 0x000002091a4bdc10
Event: 3.901 Thread 0x000002092b224c30 flushing nmethod 0x000002091a4be590
Event: 3.901 Thread 0x000002092b224c30 flushing nmethod 0x000002091a4f1290
Event: 3.901 Thread 0x000002092b224c30 flushing nmethod 0x000002091a4f1690
Event: 3.901 Thread 0x000002092b224c30 flushing nmethod 0x000002091a4f2110
Event: 3.901 Thread 0x000002092b224c30 flushing nmethod 0x000002091a4f9a10
Event: 3.901 Thread 0x000002092b224c30 flushing nmethod 0x000002091a50f390
Event: 3.901 Thread 0x000002092b224c30 flushing nmethod 0x000002091a50fc10
Event: 3.901 Thread 0x000002092b224c30 flushing nmethod 0x000002091a510010


Dynamic libraries:
0x00007ff784200000 - 0x00007ff784210000 	C:\Program Files\Java\jdk-21\bin\java.exe
0x00007ffc08c80000 - 0x00007ffc08ee3000 	C:\WINDOWS\SYSTEM32\ntdll.dll
0x00007ffc06cf0000 - 0x00007ffc06db8000 	C:\WINDOWS\System32\KERNEL32.DLL
0x00007ffc063f0000 - 0x00007ffc067a2000 	C:\WINDOWS\System32\KERNELBASE.dll
0x00007ffc062a0000 - 0x00007ffc063eb000 	C:\WINDOWS\System32\ucrtbase.dll
0x00007ffbf2d50000 - 0x00007ffbf2d69000 	C:\Program Files\Java\jdk-21\bin\jli.dll
0x00007ffbf2de0000 - 0x00007ffbf2dfb000 	C:\Program Files\Java\jdk-21\bin\VCRUNTIME140.dll
0x00007ffc06c30000 - 0x00007ffc06ce4000 	C:\WINDOWS\System32\ADVAPI32.dll
0x00007ffc07a30000 - 0x00007ffc07ad9000 	C:\WINDOWS\System32\msvcrt.dll
0x00007ffc07cb0000 - 0x00007ffc07d56000 	C:\WINDOWS\System32\sechost.dll
0x00007ffc06b10000 - 0x00007ffc06c26000 	C:\WINDOWS\System32\RPCRT4.dll
0x00007ffc07530000 - 0x00007ffc076f8000 	C:\WINDOWS\System32\USER32.dll
0x00007ffc060f0000 - 0x00007ffc06117000 	C:\WINDOWS\System32\win32u.dll
0x00007ffbe3040000 - 0x00007ffbe32d0000 	C:\WINDOWS\WinSxS\amd64_microsoft.windows.common-controls_6595b64144ccf1df_6.0.26100.2454_none_3e0b68a2e331ad60\COMCTL32.dll
0x00007ffc07ae0000 - 0x00007ffc07b0a000 	C:\WINDOWS\System32\GDI32.dll
0x00007ffc06870000 - 0x00007ffc0699b000 	C:\WINDOWS\System32\gdi32full.dll
0x00007ffc06a30000 - 0x00007ffc06ad3000 	C:\WINDOWS\System32\msvcp_win.dll
0x00007ffbeac80000 - 0x00007ffbeac8b000 	C:\WINDOWS\SYSTEM32\VERSION.dll
0x00007ffc08270000 - 0x00007ffc0829f000 	C:\WINDOWS\System32\IMM32.DLL
0x00007ffc00430000 - 0x00007ffc0043c000 	C:\Program Files\Java\jdk-21\bin\vcruntime140_1.dll
0x00007ffbca3c0000 - 0x00007ffbca44e000 	C:\Program Files\Java\jdk-21\bin\msvcp140.dll
0x00007ffbb01f0000 - 0x00007ffbb0f08000 	C:\Program Files\Java\jdk-21\bin\server\jvm.dll
0x00007ffc081f0000 - 0x00007ffc08264000 	C:\WINDOWS\System32\WS2_32.dll
0x00007ffc05e30000 - 0x00007ffc05e7e000 	C:\WINDOWS\SYSTEM32\POWRPROF.dll
0x00007ffbf8630000 - 0x00007ffbf8666000 	C:\WINDOWS\SYSTEM32\WINMM.dll
0x00007ffc05d00000 - 0x00007ffc05d14000 	C:\WINDOWS\SYSTEM32\UMPDC.dll
0x00007ffc04e90000 - 0x00007ffc04eaa000 	C:\WINDOWS\SYSTEM32\kernel.appcore.dll
0x00007ffbfb8b0000 - 0x00007ffbfb8ba000 	C:\Program Files\Java\jdk-21\bin\jimage.dll
0x00007ffc036f0000 - 0x00007ffc03931000 	C:\WINDOWS\SYSTEM32\DBGHELP.DLL
0x00007ffc07de0000 - 0x00007ffc0815e000 	C:\WINDOWS\System32\combase.dll
0x00007ffc077d0000 - 0x00007ffc078a6000 	C:\WINDOWS\System32\OLEAUT32.dll
0x00007ffbaa7a0000 - 0x00007ffbaa7d9000 	C:\WINDOWS\SYSTEM32\dbgcore.DLL
0x00007ffc06050000 - 0x00007ffc060e9000 	C:\WINDOWS\System32\bcryptPrimitives.dll
0x00007ffbf7f30000 - 0x00007ffbf7f3f000 	C:\Program Files\Java\jdk-21\bin\instrument.dll
0x00007ffbef970000 - 0x00007ffbef98f000 	C:\Program Files\Java\jdk-21\bin\java.dll
0x00007ffc06e20000 - 0x00007ffc07520000 	C:\WINDOWS\System32\SHELL32.dll
0x00007ffc03d80000 - 0x00007ffc045b1000 	C:\WINDOWS\SYSTEM32\windows.storage.dll
0x00007ffc08830000 - 0x00007ffc0890a000 	C:\WINDOWS\System32\SHCORE.dll
0x00007ffc08340000 - 0x00007ffc0839d000 	C:\WINDOWS\System32\shlwapi.dll
0x00007ffc05f60000 - 0x00007ffc05f8e000 	C:\WINDOWS\SYSTEM32\profapi.dll
0x00007ffbc82b0000 - 0x00007ffbc8387000 	C:\Program Files\Java\jdk-21\bin\jsvml.dll
0x00007ffbf2ed0000 - 0x00007ffbf2ee8000 	C:\Program Files\Java\jdk-21\bin\zip.dll
0x00007ffbf2e20000 - 0x00007ffbf2e30000 	C:\Program Files\Java\jdk-21\bin\net.dll
0x00007ffbfefd0000 - 0x00007ffbff0f6000 	C:\WINDOWS\SYSTEM32\WINHTTP.dll
0x00007ffc05390000 - 0x00007ffc053f8000 	C:\WINDOWS\system32\mswsock.dll
0x00007ffbedd90000 - 0x00007ffbedda6000 	C:\Program Files\Java\jdk-21\bin\nio.dll
0x00007ffbf3340000 - 0x00007ffbf3350000 	C:\Program Files\Java\jdk-21\bin\verify.dll
0x00007ffbc5e40000 - 0x00007ffbc5e85000 	C:\Users\oak pumirut\AppData\Roaming\Code\User\globalStorage\redhat.java\1.38.0\config_ss_win\org.eclipse.equinox.launcher\org.eclipse.equinox.launcher.win32.win32.x86_64_1.2.1100.v20240722-2106\eclipse_11904.dll
0x00007ffc07b10000 - 0x00007ffc07ca9000 	C:\WINDOWS\System32\ole32.dll
0x00007ffc05630000 - 0x00007ffc0564c000 	C:\WINDOWS\SYSTEM32\CRYPTSP.dll
0x00007ffc04df0000 - 0x00007ffc04e28000 	C:\WINDOWS\system32\rsaenh.dll
0x00007ffc05430000 - 0x00007ffc0545b000 	C:\WINDOWS\SYSTEM32\USERENV.dll
0x00007ffc05800000 - 0x00007ffc05826000 	C:\WINDOWS\SYSTEM32\bcrypt.dll
0x00007ffc05650000 - 0x00007ffc0565c000 	C:\WINDOWS\SYSTEM32\CRYPTBASE.dll
0x00007ffc04a10000 - 0x00007ffc04a42000 	C:\WINDOWS\SYSTEM32\IPHLPAPI.DLL
0x00007ffc06b00000 - 0x00007ffc06b0a000 	C:\WINDOWS\System32\NSI.dll
0x00007ffbc3680000 - 0x00007ffbc36c9000 	C:\Users\oak pumirut\AppData\Local\Temp\jna-105890889\jna12277965556102540336.dll
0x00007ffc07710000 - 0x00007ffc07718000 	C:\WINDOWS\System32\PSAPI.DLL
0x00007ffbff310000 - 0x00007ffbff32e000 	C:\WINDOWS\SYSTEM32\dhcpcsvc6.DLL
0x00007ffbff2e0000 - 0x00007ffbff305000 	C:\WINDOWS\SYSTEM32\dhcpcsvc.DLL

dbghelp: loaded successfully - version: 4.0.5 - missing functions: none
symbol engine: initialized successfully - sym options: 0x614 - pdb path: .;C:\Program Files\Java\jdk-21\bin;C:\WINDOWS\SYSTEM32;C:\WINDOWS\WinSxS\amd64_microsoft.windows.common-controls_6595b64144ccf1df_6.0.26100.2454_none_3e0b68a2e331ad60;C:\Program Files\Java\jdk-21\bin\server;C:\Users\oak pumirut\AppData\Roaming\Code\User\globalStorage\redhat.java\1.38.0\config_ss_win\org.eclipse.equinox.launcher\org.eclipse.equinox.launcher.win32.win32.x86_64_1.2.1100.v20240722-2106;C:\Users\oak pumirut\AppData\Local\Temp\jna-105890889

VM Arguments:
jvm_args: --add-modules=ALL-SYSTEM --add-opens=java.base/java.util=ALL-UNNAMED --add-opens=java.base/java.lang=ALL-UNNAMED --add-opens=java.base/sun.nio.fs=ALL-UNNAMED -Declipse.application=org.eclipse.jdt.ls.core.id1 -Dosgi.bundles.defaultStartLevel=4 -Declipse.product=org.eclipse.jdt.ls.core.product -Djava.import.generatesMetadataFilesAtProjectRoot=false -DDetectVMInstallationsJob.disabled=true -Dfile.encoding=utf8 -XX:+UseParallelGC -XX:GCTimeRatio=4 -XX:AdaptiveSizePolicyWeight=90 -Dsun.zip.disableMemoryMapping=true -Xmx1G -Xms100m -Xlog:disable -javaagent:c:\Users\oak pumirut\.vscode\extensions\redhat.java-1.38.0-win32-x64\lombok\lombok-1.18.34.jar 
java_command: c:\Users\oak pumirut\.vscode\extensions\redhat.java-1.38.0-win32-x64\server\plugins\org.eclipse.equinox.launcher_1.6.900.v20240613-2009.jar -configuration c:\Users\oak pumirut\AppData\Roaming\Code\User\globalStorage\redhat.java\1.38.0\config_ss_win -data c:\Users\oak pumirut\AppData\Roaming\Code\User\workspaceStorage\a3c4028b28b4910effa67704777bf6b0\redhat.java\ss_ws --pipe=\\.\pipe\lsp-1321d904f2d70628209a5a79a0d084c3-sock
java_class_path (initial): c:\Users\oak pumirut\.vscode\extensions\redhat.java-1.38.0-win32-x64\server\plugins\org.eclipse.equinox.launcher_1.6.900.v20240613-2009.jar
Launcher Type: SUN_STANDARD

[Global flags]
    uintx AdaptiveSizePolicyWeight                 = 90                                        {product} {command line}
     intx CICompilerCount                          = 4                                         {product} {ergonomic}
    uintx GCTimeRatio                              = 4                                         {product} {command line}
   size_t InitialHeapSize                          = 104857600                                 {product} {command line}
   size_t MaxHeapSize                              = 1073741824                                {product} {command line}
   size_t MaxNewSize                               = 357564416                                 {product} {ergonomic}
   size_t MinHeapDeltaBytes                        = 524288                                    {product} {ergonomic}
   size_t MinHeapSize                              = 104857600                                 {product} {command line}
   size_t NewSize                                  = 34603008                                  {product} {ergonomic}
    uintx NonNMethodCodeHeapSize                   = 5839372                                {pd product} {ergonomic}
    uintx NonProfiledCodeHeapSize                  = 122909434                              {pd product} {ergonomic}
   size_t OldSize                                  = 70254592                                  {product} {ergonomic}
    uintx ProfiledCodeHeapSize                     = 122909434                              {pd product} {ergonomic}
    uintx ReservedCodeCacheSize                    = 251658240                              {pd product} {ergonomic}
     bool SegmentedCodeCache                       = true                                      {product} {ergonomic}
   size_t SoftMaxHeapSize                          = 1073741824                             {manageable} {ergonomic}
     bool UseCompressedOops                        = true                           {product lp64_product} {ergonomic}
     bool UseLargePagesIndividualAllocation        = false                                  {pd product} {ergonomic}
     bool UseParallelGC                            = true                                      {product} {command line}

Logging:
Log output configuration:
 #0: stdout all=off uptime,level,tags foldmultilines=false
 #1: stderr all=off uptime,level,tags foldmultilines=false

Environment Variables:
JAVA_HOME=C:\Program Files\Java\jdk-21\bin
PATH=C:\Program Files (x86)\VMware\VMware Workstation\bin\;C:\Program Files\Common Files\Oracle\Java\javapath;C:\Python313\Scripts\;C:\Python313\;C:\Program Files (x86)\Common Files\Oracle\Java\javapath;C:\DevSuiteHome_2\jdk\jre\bin\classic;C:\DevSuiteHome_2\jdk\jre\bin;C:\DevSuiteHome_2\jdk\jre\bin\client;C:\DevSuiteHome_2\jlib;C:\DevSuiteHome_2\bin;C:\DevSuiteHome_2\jre\1.4.2\bin\client;C:\DevSuiteHome_2\jre\1.4.2\bin;C:\DevSuiteHome_1\jdk\jre\bin\client;C:\DevSuiteHome_1\bin;C:\DevSuiteHome_1\jlib;C:\WINDOWS\system32;C:\WINDOWS;C:\WINDOWS\System32\Wbem;C:\WINDOWS\System32\WindowsPowerShell\v1.0\;C:\WINDOWS\System32\OpenSSH\;C:\Users\Pumirut\bin;C:\Program Files\dotnet\;C:\Program Files\PuTTY\;C:\Program Files\nodejs\;C:\ProgramData\chocolatey\bin;C:\Users\oak pumirut\AppData\Local\Microsoft\WindowsApps;C:\Users\oak pumirut\AppData\Local\Programs\Microsoft VS Code\bin;C:\Users\oak pumirut\AppData\Roaming\npm;
USERNAME=oak pumirut
OS=Windows_NT
PROCESSOR_IDENTIFIER=Intel64 Family 6 Model 186 Stepping 2, GenuineIntel
TMP=C:\Users\OAKPUM~1\AppData\Local\Temp
TEMP=C:\Users\OAKPUM~1\AppData\Local\Temp




Periodic native trim disabled

---------------  S Y S T E M  ---------------

OS:
 Windows 11 , 64 bit Build 26100 (10.0.26100.2454)
OS uptime: 0 days 22:43 hours

CPU: total 12 (initial active 12) (6 cores per cpu, 2 threads per core) family 6 model 186 stepping 2 microcode 0x410e, cx8, cmov, fxsr, ht, mmx, 3dnowpref, sse, sse2, sse3, ssse3, sse4.1, sse4.2, popcnt, lzcnt, tsc, tscinvbit, avx, avx2, aes, erms, clmul, bmi1, bmi2, adx, sha, fma, vzeroupper, clflush, clflushopt, clwb, serialize, rdtscp, rdpid, fsrm, f16c, pku, cet_ibt, cet_ss
Processor Information for processor 0
  Max Mhz: 2100, Current Mhz: 2100, Mhz Limit: 2100
Processor Information for processor 1
  Max Mhz: 2100, Current Mhz: 2100, Mhz Limit: 2100
Processor Information for processor 2
  Max Mhz: 2100, Current Mhz: 2100, Mhz Limit: 2100
Processor Information for processor 3
  Max Mhz: 2100, Current Mhz: 1453, Mhz Limit: 2100
Processor Information for processor 4
  Max Mhz: 2100, Current Mhz: 2100, Mhz Limit: 2100
Processor Information for processor 5
  Max Mhz: 2100, Current Mhz: 2100, Mhz Limit: 2100
Processor Information for processor 6
  Max Mhz: 2100, Current Mhz: 2100, Mhz Limit: 2100
Processor Information for processor 7
  Max Mhz: 2100, Current Mhz: 2100, Mhz Limit: 2100
Processor Information for processor 8
  Max Mhz: 2100, Current Mhz: 1500, Mhz Limit: 1491
Processor Information for processor 9
  Max Mhz: 2100, Current Mhz: 1500, Mhz Limit: 1491
Processor Information for processor 10
  Max Mhz: 2100, Current Mhz: 1500, Mhz Limit: 1491
Processor Information for processor 11
  Max Mhz: 2100, Current Mhz: 1500, Mhz Limit: 1491

Memory: 4k page, system-wide physical 16071M (310M free)
TotalPageFile size 20167M (AvailPageFile size 47M)
current process WorkingSet (physical memory assigned to process): 180M, peak: 193M
current process commit charge ("private bytes"): 277M, peak: 289M

vm_info: Java HotSpot(TM) 64-Bit Server VM (21.0.5+9-LTS-239) for windows-amd64 JRE (21.0.5+9-LTS-239), built on 2024-09-30T05:17:38Z by "mach5one" with MS VC++ 17.6 (VS2022)

END.
