#
# There is insufficient memory for the Java Runtime Environment to continue.
# Native memory allocation (malloc) failed to allocate 1048576 bytes for AllocateHeap
# Possible reasons:
#   The system is out of physical RAM or swap space
#   The process is running with CompressedOops enabled, and the Java Heap may be blocking the growth of the native heap
# Possible solutions:
#   Reduce memory load on the system
#   Increase physical memory or swap space
#   Check if swap backing store is full
#   Decrease Java heap size (-Xmx/-Xms)
#   Decrease number of Java threads
#   Decrease Java thread stack sizes (-Xss)
#   Set larger code cache with -XX:ReservedCodeCacheSize=
#   JVM is running with Unscaled Compressed Oops mode in which the Java heap is
#     placed in the first 4GB address space. The Java Heap base address is the
#     maximum limit for the native heap growth. Please use -XX:HeapBaseMinAddress
#     to set the Java Heap base and to place the Java Heap above 4GB virtual address.
# This output file may be truncated or incomplete.
#
#  Out of Memory Error (allocation.cpp:44), pid=18712, tid=16772
#
# JRE version:  (21.0.5+9) (build )
# Java VM: Java HotSpot(TM) 64-Bit Server VM (21.0.5+9-LTS-239, mixed mode, sharing, tiered, compressed oops, compressed class ptrs, parallel gc, windows-amd64)
# No core dump will be written. Minidumps are not enabled by default on client versions of Windows
#

---------------  S U M M A R Y ------------

Command Line: --add-modules=ALL-SYSTEM --add-opens=java.base/java.util=ALL-UNNAMED --add-opens=java.base/java.lang=ALL-UNNAMED --add-opens=java.base/sun.nio.fs=ALL-UNNAMED -Declipse.application=org.eclipse.jdt.ls.core.id1 -Dosgi.bundles.defaultStartLevel=4 -Declipse.product=org.eclipse.jdt.ls.core.product -Djava.import.generatesMetadataFilesAtProjectRoot=false -DDetectVMInstallationsJob.disabled=true -Dfile.encoding=utf8 -XX:+UseParallelGC -XX:GCTimeRatio=4 -XX:AdaptiveSizePolicyWeight=90 -Dsun.zip.disableMemoryMapping=true -Xmx1G -Xms100m -Xlog:disable -javaagent:c:\Users\oak pumirut\.vscode\extensions\redhat.java-1.38.0-win32-x64\lombok\lombok-1.18.34.jar c:\Users\oak pumirut\.vscode\extensions\redhat.java-1.38.0-win32-x64\server\plugins\org.eclipse.equinox.launcher_1.6.900.v20240613-2009.jar -configuration c:\Users\oak pumirut\AppData\Roaming\Code\User\globalStorage\redhat.java\1.38.0\config_ss_win -data c:\Users\oak pumirut\AppData\Roaming\Code\User\workspaceStorage\a3c4028b28b4910effa67704777bf6b0\redhat.java\ss_ws --pipe=\\.\pipe\lsp-049211b562187d6db2a31585e65dcb32-sock

Host: 13th Gen Intel(R) Core(TM) i5-13420H, 12 cores, 15G,  Windows 11 , 64 bit Build 26100 (10.0.26100.2454)
Time: Sat Jan 11 20:22:47 2025 SE Asia Standard Time elapsed time: 0.078491 seconds (0d 0h 0m 0s)

---------------  T H R E A D  ---------------

Current thread (0x00000202f7787db0):  JavaThread "Unknown thread" [_thread_in_vm, id=16772, stack(0x0000002679000000,0x0000002679100000) (1024K)]

Stack: [0x0000002679000000,0x0000002679100000]
Native frames: (J=compiled Java code, j=interpreted, Vv=VM code, C=native code)
V  [jvm.dll+0x6ca289]
V  [jvm.dll+0x854a51]
V  [jvm.dll+0x856f7e]
V  [jvm.dll+0x857653]
V  [jvm.dll+0x27dd26]
V  [jvm.dll+0xbf7d7]
V  [jvm.dll+0x6fe202]
V  [jvm.dll+0x6fef3c]
V  [jvm.dll+0x6d8ce3]
V  [jvm.dll+0x81e4bc]
V  [jvm.dll+0x3ba73c]
V  [jvm.dll+0x807268]
V  [jvm.dll+0x44f96e]
V  [jvm.dll+0x451561]
C  [jli.dll+0x52a3]
C  [ucrtbase.dll+0x14ea0]
C  [KERNEL32.DLL+0x2e8d7]
C  [ntdll.dll+0xdfbcc]


---------------  P R O C E S S  ---------------

Threads class SMR info:
_java_thread_list=0x00000202f9aaf580, length=1, elements={
0x00000202f7787db0
}

Java Threads: ( => current thread )
=>0x00000202f7787db0 JavaThread "Unknown thread"             [_thread_in_vm, id=16772, stack(0x0000002679000000,0x0000002679100000) (1024K)]
Total: 1

Other Threads:
  0x000002029749ca00 WatcherThread "VM Periodic Task Thread"        [id=15984, stack(0x0000002679200000,0x0000002679300000) (1024K)]
  0x00000202f9aa5b60 WorkerThread "GC Thread#0"                     [id=20196, stack(0x0000002679100000,0x0000002679200000) (1024K)]
Total: 2

Threads with active compile tasks:
Total: 0

VM state: not at safepoint (normal execution)

VM Mutex/Monitor currently owned by a thread: None

Heap address: 0x00000000c0000000, size: 1024 MB, Compressed Oops mode: 32-bit

CDS archive(s) mapped at: [0x0000020298000000-0x0000020298c90000-0x0000020298c90000), size 13172736, SharedBaseAddress: 0x0000020298000000, ArchiveRelocationMode: 1.
Compressed class space mapped at: 0x0000020299000000-0x00000202d9000000, reserved size: 1073741824
Narrow klass base: 0x0000020298000000, Narrow klass shift: 0, Narrow klass range: 0x100000000

GC Precious Log:
 CardTable entry size: 512
 CPUs: 12 total, 12 available
 Memory: 16071M
 Large Page Support: Disabled
 NUMA Support: Disabled
 Compressed Oops: Enabled (32-bit)
 Alignments: Space 512K, Generation 512K, Heap 2M
 Heap Min Capacity: 100M
 Heap Initial Capacity: 100M
 Heap Max Capacity: 1G
 Pre-touch: Disabled
 Parallel Workers: 10

Heap:
 PSYoungGen      total 29696K, used 512K [0x00000000eab00000, 0x00000000ecc00000, 0x0000000100000000)
  eden space 25600K, 2% used [0x00000000eab00000,0x00000000eab80020,0x00000000ec400000)
  from space 4096K, 0% used [0x00000000ec800000,0x00000000ec800000,0x00000000ecc00000)
  to   space 4096K, 0% used [0x00000000ec400000,0x00000000ec400000,0x00000000ec800000)
 ParOldGen       total 68608K, used 0K [0x00000000c0000000, 0x00000000c4300000, 0x00000000eab00000)
  object space 68608K, 0% used [0x00000000c0000000,0x00000000c0000000,0x00000000c4300000)
 Metaspace       used 0K, committed 0K, reserved 1048576K
  class space    used 0K, committed 0K, reserved 1048576K

Card table byte_map: [0x00000202f9440000,0x00000202f9650000] _byte_map_base: 0x00000202f8e40000

Marking Bits: (ParMarkBitMap*) 0x00007ff9b3ed0df0
 Begin Bits: [0x00000202f9b50000, 0x00000202fab50000)
 End Bits:   [0x00000202fab50000, 0x00000202fbb50000)

Polling page: 0x00000202f7a00000

Metaspace:

Usage:
  Non-class:      0 bytes used.
      Class:      0 bytes used.
       Both:      0 bytes used.

Virtual space:
  Non-class space:        0 bytes reserved,       0 bytes (  ?%) committed,  0 nodes.
      Class space:        1.00 GB reserved,       0 bytes (  0%) committed,  1 nodes.
             Both:        1.00 GB reserved,       0 bytes (  0%) committed. 

Chunk freelists:
   Non-Class:  0 bytes
       Class:  16.00 MB
        Both:  16.00 MB

MaxMetaspaceSize: unlimited
CompressedClassSpaceSize: 1.00 GB
Initial GC threshold: 21.00 MB
Current GC threshold: 17179869184.00 GB
CDS: on
 - commit_granule_bytes: 65536.
 - commit_granule_words: 8192.
 - virtual_space_node_default_size: 8388608.
 - enlarge_chunks_in_place: 1.
 - use_allocation_guard: 0.


Internal statistics:

num_allocs_failed_limit: 0.
num_arena_births: 0.
num_arena_deaths: 0.
num_vsnodes_births: 1.
num_vsnodes_deaths: 0.
num_space_committed: 0.
num_space_uncommitted: 0.
num_chunks_returned_to_freelist: 0.
num_chunks_taken_from_freelist: 1.
num_chunk_merges: 0.
num_chunk_splits: 1.
num_chunks_enlarged: 0.
num_inconsistent_stats: 0.

CodeHeap 'non-profiled nmethods': size=120000Kb used=0Kb max_used=0Kb free=120000Kb
 bounds [0x000002028fe90000, 0x0000020290100000, 0x00000202973c0000]
CodeHeap 'profiled nmethods': size=120000Kb used=0Kb max_used=0Kb free=120000Kb
 bounds [0x00000202883c0000, 0x0000020288630000, 0x000002028f8f0000]
CodeHeap 'non-nmethods': size=5760Kb used=194Kb max_used=342Kb free=5565Kb
 bounds [0x000002028f8f0000, 0x000002028fb60000, 0x000002028fe90000]
 total_blobs=70 nmethods=0 adapters=48
 compilation: enabled
              stopped_count=0, restarted_count=0
 full_count=0

Compilation events (0 events):
No events

GC Heap History (0 events):
No events

Dll operation events (1 events):
Event: 0.007 Loaded shared library C:\Program Files\Java\jdk-21\bin\java.dll

Deoptimization events (0 events):
No events

Classes loaded (0 events):
No events

Classes unloaded (0 events):
No events

Classes redefined (0 events):
No events

Internal exceptions (0 events):
No events

ZGC Phase Switch (0 events):
No events

VM Operations (0 events):
No events

Events (1 events):
Event: 0.021 Thread 0x00000202f7787db0 Thread added: 0x00000202f7787db0


Dynamic libraries:
0x00007ff656cc0000 - 0x00007ff656cd0000 	C:\Program Files\Java\jdk-21\bin\java.exe
0x00007ffa37760000 - 0x00007ffa379c3000 	C:\WINDOWS\SYSTEM32\ntdll.dll
0x00007ffa361d0000 - 0x00007ffa36298000 	C:\WINDOWS\System32\KERNEL32.DLL
0x00007ffa34b30000 - 0x00007ffa34ee2000 	C:\WINDOWS\System32\KERNELBASE.dll
0x00007ffa352f0000 - 0x00007ffa3543b000 	C:\WINDOWS\System32\ucrtbase.dll
0x00007ffa26010000 - 0x00007ffa2602b000 	C:\Program Files\Java\jdk-21\bin\VCRUNTIME140.dll
0x00007ffa246d0000 - 0x00007ffa246e9000 	C:\Program Files\Java\jdk-21\bin\jli.dll
0x00007ffa36030000 - 0x00007ffa360e4000 	C:\WINDOWS\System32\ADVAPI32.dll
0x00007ffa36690000 - 0x00007ffa36739000 	C:\WINDOWS\System32\msvcrt.dll
0x00007ffa359a0000 - 0x00007ffa35a46000 	C:\WINDOWS\System32\sechost.dll
0x00007ffa35800000 - 0x00007ffa35916000 	C:\WINDOWS\System32\RPCRT4.dll
0x00007ffa35e60000 - 0x00007ffa36028000 	C:\WINDOWS\System32\USER32.dll
0x00007ffa35040000 - 0x00007ffa35067000 	C:\WINDOWS\System32\win32u.dll
0x00007ffa36740000 - 0x00007ffa3676a000 	C:\WINDOWS\System32\GDI32.dll
0x00007ffa12e10000 - 0x00007ffa130a0000 	C:\WINDOWS\WinSxS\amd64_microsoft.windows.common-controls_6595b64144ccf1df_6.0.26100.2454_none_3e0b68a2e331ad60\COMCTL32.dll
0x00007ffa35110000 - 0x00007ffa3523b000 	C:\WINDOWS\System32\gdi32full.dll
0x00007ffa35240000 - 0x00007ffa352e3000 	C:\WINDOWS\System32\msvcp_win.dll
0x00007ffa2acc0000 - 0x00007ffa2accb000 	C:\WINDOWS\SYSTEM32\VERSION.dll
0x00007ffa360f0000 - 0x00007ffa3611f000 	C:\WINDOWS\System32\IMM32.DLL
0x00007ffa2d2b0000 - 0x00007ffa2d2bc000 	C:\Program Files\Java\jdk-21\bin\vcruntime140_1.dll
0x00007ffa20cc0000 - 0x00007ffa20d4e000 	C:\Program Files\Java\jdk-21\bin\msvcp140.dll
0x00007ff9b3290000 - 0x00007ff9b3fa8000 	C:\Program Files\Java\jdk-21\bin\server\jvm.dll
0x00007ffa371b0000 - 0x00007ffa37224000 	C:\WINDOWS\System32\WS2_32.dll
0x00007ffa349c0000 - 0x00007ffa34a0e000 	C:\WINDOWS\SYSTEM32\POWRPROF.dll
0x00007ffa2ebe0000 - 0x00007ffa2ec16000 	C:\WINDOWS\SYSTEM32\WINMM.dll
0x00007ffa349a0000 - 0x00007ffa349b4000 	C:\WINDOWS\SYSTEM32\UMPDC.dll
0x00007ffa33970000 - 0x00007ffa3398a000 	C:\WINDOWS\SYSTEM32\kernel.appcore.dll
0x00007ffa2d210000 - 0x00007ffa2d21a000 	C:\Program Files\Java\jdk-21\bin\jimage.dll
0x00007ffa32370000 - 0x00007ffa325b1000 	C:\WINDOWS\SYSTEM32\DBGHELP.DLL
0x00007ffa35a50000 - 0x00007ffa35dce000 	C:\WINDOWS\System32\combase.dll
0x00007ffa355c0000 - 0x00007ffa35696000 	C:\WINDOWS\System32\OLEAUT32.dll
0x00007ffa027e0000 - 0x00007ffa02819000 	C:\WINDOWS\SYSTEM32\dbgcore.DLL
0x00007ffa35070000 - 0x00007ffa35109000 	C:\WINDOWS\System32\bcryptPrimitives.dll
0x00007ffa2cbf0000 - 0x00007ffa2cbff000 	C:\Program Files\Java\jdk-21\bin\instrument.dll
0x00007ffa24620000 - 0x00007ffa2463f000 	C:\Program Files\Java\jdk-21\bin\java.dll

dbghelp: loaded successfully - version: 4.0.5 - missing functions: none
symbol engine: initialized successfully - sym options: 0x614 - pdb path: .;C:\Program Files\Java\jdk-21\bin;C:\WINDOWS\SYSTEM32;C:\WINDOWS\WinSxS\amd64_microsoft.windows.common-controls_6595b64144ccf1df_6.0.26100.2454_none_3e0b68a2e331ad60;C:\Program Files\Java\jdk-21\bin\server

VM Arguments:
jvm_args: --add-modules=ALL-SYSTEM --add-opens=java.base/java.util=ALL-UNNAMED --add-opens=java.base/java.lang=ALL-UNNAMED --add-opens=java.base/sun.nio.fs=ALL-UNNAMED -Declipse.application=org.eclipse.jdt.ls.core.id1 -Dosgi.bundles.defaultStartLevel=4 -Declipse.product=org.eclipse.jdt.ls.core.product -Djava.import.generatesMetadataFilesAtProjectRoot=false -DDetectVMInstallationsJob.disabled=true -Dfile.encoding=utf8 -XX:+UseParallelGC -XX:GCTimeRatio=4 -XX:AdaptiveSizePolicyWeight=90 -Dsun.zip.disableMemoryMapping=true -Xmx1G -Xms100m -Xlog:disable -javaagent:c:\Users\oak pumirut\.vscode\extensions\redhat.java-1.38.0-win32-x64\lombok\lombok-1.18.34.jar 
java_command: c:\Users\oak pumirut\.vscode\extensions\redhat.java-1.38.0-win32-x64\server\plugins\org.eclipse.equinox.launcher_1.6.900.v20240613-2009.jar -configuration c:\Users\oak pumirut\AppData\Roaming\Code\User\globalStorage\redhat.java\1.38.0\config_ss_win -data c:\Users\oak pumirut\AppData\Roaming\Code\User\workspaceStorage\a3c4028b28b4910effa67704777bf6b0\redhat.java\ss_ws --pipe=\\.\pipe\lsp-049211b562187d6db2a31585e65dcb32-sock
java_class_path (initial): c:\Users\oak pumirut\.vscode\extensions\redhat.java-1.38.0-win32-x64\server\plugins\org.eclipse.equinox.launcher_1.6.900.v20240613-2009.jar
Launcher Type: SUN_STANDARD

[Global flags]
    uintx AdaptiveSizePolicyWeight                 = 90                                        {product} {command line}
     intx CICompilerCount                          = 4                                         {product} {ergonomic}
    uintx GCTimeRatio                              = 4                                         {product} {command line}
   size_t InitialHeapSize                          = 104857600                                 {product} {command line}
   size_t MaxHeapSize                              = 1073741824                                {product} {command line}
   size_t MaxNewSize                               = 357564416                                 {product} {ergonomic}
   size_t MinHeapDeltaBytes                        = 524288                                    {product} {ergonomic}
   size_t MinHeapSize                              = 104857600                                 {product} {command line}
   size_t NewSize                                  = 34603008                                  {product} {ergonomic}
    uintx NonNMethodCodeHeapSize                   = 5839372                                {pd product} {ergonomic}
    uintx NonProfiledCodeHeapSize                  = 122909434                              {pd product} {ergonomic}
   size_t OldSize                                  = 70254592                                  {product} {ergonomic}
    uintx ProfiledCodeHeapSize                     = 122909434                              {pd product} {ergonomic}
    uintx ReservedCodeCacheSize                    = 251658240                              {pd product} {ergonomic}
     bool SegmentedCodeCache                       = true                                      {product} {ergonomic}
   size_t SoftMaxHeapSize                          = 1073741824                             {manageable} {ergonomic}
     bool UseCompressedOops                        = true                           {product lp64_product} {ergonomic}
     bool UseLargePagesIndividualAllocation        = false                                  {pd product} {ergonomic}
     bool UseParallelGC                            = true                                      {product} {command line}

Logging:
Log output configuration:
 #0: stdout all=off uptime,level,tags foldmultilines=false
 #1: stderr all=off uptime,level,tags foldmultilines=false

Environment Variables:
JAVA_HOME=C:\Program Files\Java\jdk-21\bin
PATH=C:\Program Files\Common Files\Oracle\Java\javapath;C:\Python313\Scripts\;C:\Python313\;C:\Program Files (x86)\VMware\VMware Workstation\bin\;C:\Program Files (x86)\Common Files\Oracle\Java\javapath;C:\DevSuiteHome_2\jdk\jre\bin\classic;C:\DevSuiteHome_2\jdk\jre\bin;C:\DevSuiteHome_2\jdk\jre\bin\client;C:\DevSuiteHome_2\jlib;C:\DevSuiteHome_2\bin;C:\DevSuiteHome_2\jre\1.4.2\bin\client;C:\DevSuiteHome_2\jre\1.4.2\bin;C:\DevSuiteHome_1\jdk\jre\bin\client;C:\DevSuiteHome_1\bin;C:\DevSuiteHome_1\jlib;C:\WINDOWS\system32;C:\WINDOWS;C:\WINDOWS\System32\Wbem;C:\WINDOWS\System32\WindowsPowerShell\v1.0\;C:\WINDOWS\System32\OpenSSH\;C:\Users\Pumirut\bin;C:\Program Files\dotnet\;C:\Program Files\PuTTY\;C:\Program Files\nodejs\;C:\ProgramData\chocolatey\bin;C:\Users\oak pumirut\AppData\Local\Microsoft\WindowsApps;C:\Users\oak pumirut\AppData\Local\Programs\Microsoft VS Code\bin;C:\Users\oak pumirut\AppData\Roaming\npm;
USERNAME=oak pumirut
OS=Windows_NT
PROCESSOR_IDENTIFIER=Intel64 Family 6 Model 186 Stepping 2, GenuineIntel
TMP=C:\Users\OAKPUM~1\AppData\Local\Temp
TEMP=C:\Users\OAKPUM~1\AppData\Local\Temp




Periodic native trim disabled

---------------  S Y S T E M  ---------------

OS:
 Windows 11 , 64 bit Build 26100 (10.0.26100.2454)
OS uptime: 1 days 4:13 hours

CPU: total 12 (initial active 12) (6 cores per cpu, 2 threads per core) family 6 model 186 stepping 2 microcode 0x410e, cx8, cmov, fxsr, ht, mmx, 3dnowpref, sse, sse2, sse3, ssse3, sse4.1, sse4.2, popcnt, lzcnt, tsc, tscinvbit, avx, avx2, aes, erms, clmul, bmi1, bmi2, adx, sha, fma, vzeroupper, clflush, clflushopt, clwb, serialize, rdtscp, rdpid, fsrm, f16c, pku, cet_ibt, cet_ss
Processor Information for processor 0
  Max Mhz: 2100, Current Mhz: 2100, Mhz Limit: 2100
Processor Information for processor 1
  Max Mhz: 2100, Current Mhz: 2100, Mhz Limit: 2100
Processor Information for processor 2
  Max Mhz: 2100, Current Mhz: 2100, Mhz Limit: 2100
Processor Information for processor 3
  Max Mhz: 2100, Current Mhz: 2100, Mhz Limit: 2100
Processor Information for processor 4
  Max Mhz: 2100, Current Mhz: 2100, Mhz Limit: 2100
Processor Information for processor 5
  Max Mhz: 2100, Current Mhz: 2100, Mhz Limit: 2100
Processor Information for processor 6
  Max Mhz: 2100, Current Mhz: 2100, Mhz Limit: 2100
Processor Information for processor 7
  Max Mhz: 2100, Current Mhz: 2100, Mhz Limit: 2100
Processor Information for processor 8
  Max Mhz: 2100, Current Mhz: 1500, Mhz Limit: 1491
Processor Information for processor 9
  Max Mhz: 2100, Current Mhz: 1500, Mhz Limit: 1491
Processor Information for processor 10
  Max Mhz: 2100, Current Mhz: 1500, Mhz Limit: 1491
Processor Information for processor 11
  Max Mhz: 2100, Current Mhz: 1500, Mhz Limit: 1491

Memory: 4k page, system-wide physical 16071M (2806M free)
TotalPageFile size 20167M (AvailPageFile size 4M)
current process WorkingSet (physical memory assigned to process): 27M, peak: 27M
current process commit charge ("private bytes"): 177M, peak: 177M

vm_info: Java HotSpot(TM) 64-Bit Server VM (21.0.5+9-LTS-239) for windows-amd64 JRE (21.0.5+9-LTS-239), built on 2024-09-30T05:17:38Z by "mach5one" with MS VC++ 17.6 (VS2022)

END.
