#
# There is insufficient memory for the Java Runtime Environment to continue.
# Native memory allocation (malloc) failed to allocate 1714960 bytes for Chunk::new
# Possible reasons:
#   The system is out of physical RAM or swap space
#   The process is running with CompressedOops enabled, and the Java Heap may be blocking the growth of the native heap
# Possible solutions:
#   Reduce memory load on the system
#   Increase physical memory or swap space
#   Check if swap backing store is full
#   Decrease Java heap size (-Xmx/-Xms)
#   Decrease number of Java threads
#   Decrease Java thread stack sizes (-Xss)
#   Set larger code cache with -XX:ReservedCodeCacheSize=
#   JVM is running with Unscaled Compressed Oops mode in which the Java heap is
#     placed in the first 4GB address space. The Java Heap base address is the
#     maximum limit for the native heap growth. Please use -XX:HeapBaseMinAddress
#     to set the Java Heap base and to place the Java Heap above 4GB virtual address.
# This output file may be truncated or incomplete.
#
#  Out of Memory Error (arena.cpp:168), pid=25396, tid=3716
#
# JRE version: Java(TM) SE Runtime Environment (21.0.5+9) (build 21.0.5+9-LTS-239)
# Java VM: Java HotSpot(TM) 64-Bit Server VM (21.0.5+9-LTS-239, mixed mode, sharing, tiered, compressed oops, compressed class ptrs, parallel gc, windows-amd64)
# No core dump will be written. Minidumps are not enabled by default on client versions of Windows
#

---------------  S U M M A R Y ------------

Command Line: --add-modules=ALL-SYSTEM --add-opens=java.base/java.util=ALL-UNNAMED --add-opens=java.base/java.lang=ALL-UNNAMED --add-opens=java.base/sun.nio.fs=ALL-UNNAMED -Declipse.application=org.eclipse.jdt.ls.core.id1 -Dosgi.bundles.defaultStartLevel=4 -Declipse.product=org.eclipse.jdt.ls.core.product -Djava.import.generatesMetadataFilesAtProjectRoot=false -DDetectVMInstallationsJob.disabled=true -Dfile.encoding=utf8 -XX:+UseParallelGC -XX:GCTimeRatio=4 -XX:AdaptiveSizePolicyWeight=90 -Dsun.zip.disableMemoryMapping=true -Xmx1G -Xms100m -Xlog:disable -javaagent:c:\Users\oak pumirut\.vscode\extensions\redhat.java-1.38.0-win32-x64\lombok\lombok-1.18.34.jar -XX:+HeapDumpOnOutOfMemoryError -XX:HeapDumpPath=c:\Users\oak pumirut\AppData\Roaming\Code\User\workspaceStorage\a3c4028b28b4910effa67704777bf6b0\redhat.java -Daether.dependencyCollector.impl=bf c:\Users\oak pumirut\.vscode\extensions\redhat.java-1.38.0-win32-x64\server\plugins\org.eclipse.equinox.launcher_1.6.900.v20240613-2009.jar -configuration c:\Users\oak pumirut\AppData\Roaming\Code\User\globalStorage\redhat.java\1.38.0\config_win -data c:\Users\oak pumirut\AppData\Roaming\Code\User\workspaceStorage\a3c4028b28b4910effa67704777bf6b0\redhat.java\jdt_ws --pipe=\\.\pipe\lsp-4115dcc789c1e966a73f188ab0e2bd3f-sock

Host: 13th Gen Intel(R) Core(TM) i5-13420H, 12 cores, 15G,  Windows 11 , 64 bit Build 26100 (10.0.26100.2454)
Time: Mon Jan 13 14:06:54 2025 SE Asia Standard Time elapsed time: 15.234932 seconds (0d 0h 0m 15s)

---------------  T H R E A D  ---------------

Current thread (0x000001a99d6bf480):  JavaThread "C2 CompilerThread1" daemon [_thread_in_native, id=3716, stack(0x0000005248e00000,0x0000005248f00000) (1024K)]


Current CompileTask:
C2:  15234 6076       4       org.lombokweb.asm.ClassReader::readMethod (1066 bytes)

Stack: [0x0000005248e00000,0x0000005248f00000]
Native frames: (J=compiled Java code, j=interpreted, Vv=VM code, C=native code)
V  [jvm.dll+0x6ca289]
V  [jvm.dll+0x854a51]
V  [jvm.dll+0x856f7e]
V  [jvm.dll+0x857653]
V  [jvm.dll+0x27dd26]
V  [jvm.dll+0xc4c2d]
V  [jvm.dll+0xc5163]
V  [jvm.dll+0x3b4d3c]
V  [jvm.dll+0x3814b5]
V  [jvm.dll+0x38092a]
V  [jvm.dll+0x246910]
V  [jvm.dll+0x245eef]
V  [jvm.dll+0x1c6d0e]
V  [jvm.dll+0x2554d9]
V  [jvm.dll+0x253a6a]
V  [jvm.dll+0x3ee136]
V  [jvm.dll+0x7fee9b]
V  [jvm.dll+0x6c896d]
C  [ucrtbase.dll+0x14ea0]
C  [KERNEL32.DLL+0x2e8d7]
C  [ntdll.dll+0xdfbcc]


---------------  P R O C E S S  ---------------

Threads class SMR info:
_java_thread_list=0x000001a99d6c9770, length=56, elements={
0x000001a937056a90, 0x000001a952969060, 0x000001a995ab0820, 0x000001a995ab2d20,
0x000001a995ab5c10, 0x000001a995ab7380, 0x000001a995abf5b0, 0x000001a995abcdc0,
0x000001a995b02e30, 0x000001a938ba7770, 0x000001a995e0d050, 0x000001a99a326d30,
0x000001a99a840080, 0x000001a99a3a3360, 0x000001a99a3a39c0, 0x000001a99ab7dcc0,
0x000001a99a8c1010, 0x000001a99ac50650, 0x000001a99ac4ffc0, 0x000001a99ac51a00,
0x000001a99ac50ce0, 0x000001a99ac51370, 0x000001a99ac52090, 0x000001a99ac52720,
0x000001a99ac4f2a0, 0x000001a99ac4f930, 0x000001a99c295210, 0x000001a99c294b80,
0x000001a99c2958a0, 0x000001a99c295f30, 0x000001a99c2965c0, 0x000001a99c2937d0,
0x000001a99c2944f0, 0x000001a99c296c50, 0x000001a99c2972e0, 0x000001a99c293e60,
0x000001a99c298690, 0x000001a99c2993b0, 0x000001a99c298000, 0x000001a99c29a760,
0x000001a99c297970, 0x000001a99c299a40, 0x000001a99c29a0d0, 0x000001a99c29adf0,
0x000001a99c298d20, 0x000001a99d458430, 0x000001a99d455640, 0x000001a99d454fb0,
0x000001a99d457080, 0x000001a99d458ac0, 0x000001a99d459150, 0x000001a99d457710,
0x000001a99d455cd0, 0x000001a99d457da0, 0x000001a99d4597e0, 0x000001a99d6bf480
}

Java Threads: ( => current thread )
  0x000001a937056a90 JavaThread "main"                              [_thread_blocked, id=11732, stack(0x0000005244800000,0x0000005244900000) (1024K)]
  0x000001a952969060 JavaThread "Reference Handler"          daemon [_thread_blocked, id=24756, stack(0x0000005244c00000,0x0000005244d00000) (1024K)]
  0x000001a995ab0820 JavaThread "Finalizer"                  daemon [_thread_blocked, id=19440, stack(0x0000005244d00000,0x0000005244e00000) (1024K)]
  0x000001a995ab2d20 JavaThread "Signal Dispatcher"          daemon [_thread_blocked, id=23176, stack(0x0000005244e00000,0x0000005244f00000) (1024K)]
  0x000001a995ab5c10 JavaThread "Attach Listener"            daemon [_thread_blocked, id=11936, stack(0x0000005244f00000,0x0000005245000000) (1024K)]
  0x000001a995ab7380 JavaThread "Service Thread"             daemon [_thread_blocked, id=24796, stack(0x0000005245000000,0x0000005245100000) (1024K)]
  0x000001a995abf5b0 JavaThread "Monitor Deflation Thread"   daemon [_thread_blocked, id=19740, stack(0x0000005245100000,0x0000005245200000) (1024K)]
  0x000001a995abcdc0 JavaThread "C2 CompilerThread0"         daemon [_thread_blocked, id=16276, stack(0x0000005245200000,0x0000005245300000) (1024K)]
  0x000001a995b02e30 JavaThread "C1 CompilerThread0"         daemon [_thread_blocked, id=11164, stack(0x0000005245300000,0x0000005245400000) (1024K)]
  0x000001a938ba7770 JavaThread "Common-Cleaner"             daemon [_thread_blocked, id=8800, stack(0x0000005245400000,0x0000005245500000) (1024K)]
  0x000001a995e0d050 JavaThread "Notification Thread"        daemon [_thread_blocked, id=15184, stack(0x0000005245500000,0x0000005245600000) (1024K)]
  0x000001a99a326d30 JavaThread "Active Thread: Equinox Container: c067fa4a-ee0c-4fbe-89f3-a74ed7671272"        [_thread_blocked, id=16512, stack(0x0000005245c00000,0x0000005245d00000) (1024K)]
  0x000001a99a840080 JavaThread "Refresh Thread: Equinox Container: c067fa4a-ee0c-4fbe-89f3-a74ed7671272" daemon [_thread_blocked, id=11820, stack(0x0000005245d00000,0x0000005245e00000) (1024K)]
  0x000001a99a3a3360 JavaThread "Framework Event Dispatcher: Equinox Container: c067fa4a-ee0c-4fbe-89f3-a74ed7671272" daemon [_thread_blocked, id=19272, stack(0x0000005245f00000,0x0000005246000000) (1024K)]
  0x000001a99a3a39c0 JavaThread "Start Level: Equinox Container: c067fa4a-ee0c-4fbe-89f3-a74ed7671272" daemon [_thread_blocked, id=2712, stack(0x0000005246000000,0x0000005246100000) (1024K)]
  0x000001a99ab7dcc0 JavaThread "Bundle File Closer"         daemon [_thread_blocked, id=22340, stack(0x0000005246100000,0x0000005246200000) (1024K)]
  0x000001a99a8c1010 JavaThread "SCR Component Actor"        daemon [_thread_blocked, id=19728, stack(0x0000005246400000,0x0000005246500000) (1024K)]
  0x000001a99ac50650 JavaThread "Worker-JM"                         [_thread_blocked, id=25224, stack(0x0000005246600000,0x0000005246700000) (1024K)]
  0x000001a99ac4ffc0 JavaThread "JNA Cleaner"                daemon [_thread_blocked, id=3060, stack(0x0000005246700000,0x0000005246800000) (1024K)]
  0x000001a99ac51a00 JavaThread "Worker-0: Updating Maven Dependencies"        [_thread_blocked, id=16140, stack(0x0000005246800000,0x0000005246900000) (1024K)]
  0x000001a99ac50ce0 JavaThread "Worker-1"                          [_thread_blocked, id=24684, stack(0x0000005246900000,0x0000005246a00000) (1024K)]
  0x000001a99ac51370 JavaThread "Java indexing"              daemon [_thread_blocked, id=19304, stack(0x0000005246a00000,0x0000005246b00000) (1024K)]
  0x000001a99ac52090 JavaThread "Thread-2"                   daemon [_thread_in_native, id=16312, stack(0x0000005246d00000,0x0000005246e00000) (1024K)]
  0x000001a99ac52720 JavaThread "Thread-3"                   daemon [_thread_in_native, id=8204, stack(0x0000005246e00000,0x0000005246f00000) (1024K)]
  0x000001a99ac4f2a0 JavaThread "Thread-4"                   daemon [_thread_in_native, id=17016, stack(0x0000005246f00000,0x0000005247000000) (1024K)]
  0x000001a99ac4f930 JavaThread "Thread-5"                   daemon [_thread_in_native, id=8900, stack(0x0000005247000000,0x0000005247100000) (1024K)]
  0x000001a99c295210 JavaThread "Thread-6"                   daemon [_thread_in_native, id=2752, stack(0x0000005247100000,0x0000005247200000) (1024K)]
  0x000001a99c294b80 JavaThread "Thread-7"                   daemon [_thread_in_native, id=23952, stack(0x0000005247200000,0x0000005247300000) (1024K)]
  0x000001a99c2958a0 JavaThread "Thread-8"                   daemon [_thread_in_native, id=14872, stack(0x0000005247300000,0x0000005247400000) (1024K)]
  0x000001a99c295f30 JavaThread "Thread-9"                   daemon [_thread_in_native, id=11648, stack(0x0000005247400000,0x0000005247500000) (1024K)]
  0x000001a99c2965c0 JavaThread "Thread-10"                  daemon [_thread_in_native, id=22828, stack(0x0000005247500000,0x0000005247600000) (1024K)]
  0x000001a99c2937d0 JavaThread "Thread-11"                  daemon [_thread_in_native, id=21128, stack(0x0000005247600000,0x0000005247700000) (1024K)]
  0x000001a99c2944f0 JavaThread "Thread-12"                  daemon [_thread_in_native, id=25356, stack(0x0000005247700000,0x0000005247800000) (1024K)]
  0x000001a99c296c50 JavaThread "Thread-13"                  daemon [_thread_in_native, id=21356, stack(0x0000005247800000,0x0000005247900000) (1024K)]
  0x000001a99c2972e0 JavaThread "Thread-14"                  daemon [_thread_in_native, id=10032, stack(0x0000005247900000,0x0000005247a00000) (1024K)]
  0x000001a99c293e60 JavaThread "pool-2-thread-1"                   [_thread_blocked, id=11640, stack(0x0000005247a00000,0x0000005247b00000) (1024K)]
  0x000001a99c298690 JavaThread "Worker-2: Repository registry initialization"        [_thread_blocked, id=15020, stack(0x0000005247b00000,0x0000005247c00000) (1024K)]
  0x000001a99c2993b0 JavaThread "Worker-3: Java indexing... "        [_thread_blocked, id=20284, stack(0x0000005247c00000,0x0000005247d00000) (1024K)]
  0x000001a99c298000 JavaThread "WorkspaceEventsHandler"            [_thread_blocked, id=6648, stack(0x0000005247d00000,0x0000005247e00000) (1024K)]
  0x000001a99c29a760 JavaThread "pool-1-thread-1"                   [_thread_blocked, id=10736, stack(0x0000005247e00000,0x0000005247f00000) (1024K)]
  0x000001a99c297970 JavaThread "Worker-4: Building"                [_thread_blocked, id=15132, stack(0x0000005247f00000,0x0000005248000000) (1024K)]
  0x000001a99c299a40 JavaThread "Worker-5"                          [_thread_blocked, id=20552, stack(0x0000005248000000,0x0000005248100000) (1024K)]
  0x000001a99c29a0d0 JavaThread "LocalFile Deleter"          daemon [_thread_blocked, id=15332, stack(0x0000005248100000,0x0000005248200000) (1024K)]
  0x000001a99c29adf0 JavaThread "LocalFile Deleter"          daemon [_thread_blocked, id=24260, stack(0x0000005248200000,0x0000005248300000) (1024K)]
  0x000001a99c298d20 JavaThread "LocalFile Deleter"          daemon [_thread_blocked, id=7964, stack(0x0000005248300000,0x0000005248400000) (1024K)]
  0x000001a99d458430 JavaThread "LocalFile Deleter"          daemon [_thread_blocked, id=24392, stack(0x0000005248400000,0x0000005248500000) (1024K)]
  0x000001a99d455640 JavaThread "LocalFile Deleter"          daemon [_thread_blocked, id=23672, stack(0x0000005248500000,0x0000005248600000) (1024K)]
  0x000001a99d454fb0 JavaThread "LocalFile Deleter"          daemon [_thread_blocked, id=10164, stack(0x0000005248600000,0x0000005248700000) (1024K)]
  0x000001a99d457080 JavaThread "LocalFile Deleter"          daemon [_thread_blocked, id=23984, stack(0x0000005248700000,0x0000005248800000) (1024K)]
  0x000001a99d458ac0 JavaThread "LocalFile Deleter"          daemon [_thread_blocked, id=2648, stack(0x0000005248800000,0x0000005248900000) (1024K)]
  0x000001a99d459150 JavaThread "LocalFile Deleter"          daemon [_thread_blocked, id=11468, stack(0x0000005248900000,0x0000005248a00000) (1024K)]
  0x000001a99d457710 JavaThread "Compiler Source File Reader" daemon [_thread_blocked, id=21668, stack(0x0000005248a00000,0x0000005248b00000) (1024K)]
  0x000001a99d455cd0 JavaThread "Compiler Source File Reader" daemon [_thread_blocked, id=25120, stack(0x0000005248b00000,0x0000005248c00000) (1024K)]
  0x000001a99d457da0 JavaThread "Compiler Source File Reader" daemon [_thread_blocked, id=10968, stack(0x0000005248c00000,0x0000005248d00000) (1024K)]
  0x000001a99d4597e0 JavaThread "Compiler Source File Reader" daemon [_thread_blocked, id=20064, stack(0x0000005248d00000,0x0000005248e00000) (1024K)]
=>0x000001a99d6bf480 JavaThread "C2 CompilerThread1"         daemon [_thread_in_native, id=3716, stack(0x0000005248e00000,0x0000005248f00000) (1024K)]
Total: 56

Other Threads:
  0x000001a9529541a0 VMThread "VM Thread"                           [id=10632, stack(0x0000005244b00000,0x0000005244c00000) (1024K)]
  0x000001a95284ca00 WatcherThread "VM Periodic Task Thread"        [id=23384, stack(0x0000005244a00000,0x0000005244b00000) (1024K)]
  0x000001a938b57ca0 WorkerThread "GC Thread#0"                     [id=18024, stack(0x0000005244900000,0x0000005244a00000) (1024K)]
  0x000001a99a32f9a0 WorkerThread "GC Thread#1"                     [id=21200, stack(0x0000005245600000,0x0000005245700000) (1024K)]
  0x000001a99a0693c0 WorkerThread "GC Thread#2"                     [id=19888, stack(0x0000005245700000,0x0000005245800000) (1024K)]
  0x000001a99a069760 WorkerThread "GC Thread#3"                     [id=18404, stack(0x0000005245800000,0x0000005245900000) (1024K)]
  0x000001a99a069b00 WorkerThread "GC Thread#4"                     [id=22780, stack(0x0000005245900000,0x0000005245a00000) (1024K)]
  0x000001a99a069ea0 WorkerThread "GC Thread#5"                     [id=9384, stack(0x0000005245a00000,0x0000005245b00000) (1024K)]
  0x000001a99a155e70 WorkerThread "GC Thread#6"                     [id=5564, stack(0x0000005245b00000,0x0000005245c00000) (1024K)]
  0x000001a99a721010 WorkerThread "GC Thread#7"                     [id=16388, stack(0x0000005245e00000,0x0000005245f00000) (1024K)]
  0x000001a99ac58890 WorkerThread "GC Thread#8"                     [id=844, stack(0x0000005246200000,0x0000005246300000) (1024K)]
  0x000001a99ac57670 WorkerThread "GC Thread#9"                     [id=11592, stack(0x0000005246300000,0x0000005246400000) (1024K)]
Total: 12

Threads with active compile tasks:
C2 CompilerThread0    15244 6576       4       lombok.launch.PackageShader::apply (252 bytes)
C2 CompilerThread1    15244 6076       4       org.lombokweb.asm.ClassReader::readMethod (1066 bytes)
Total: 2

VM state: at safepoint (normal execution)

VM Mutex/Monitor currently owned by a thread:  ([mutex/lock_event])
[0x00007ffbb0e2be98] Threads_lock - owner thread: 0x000001a9529541a0
[0x00007ffbb0e2bf98] Heap_lock - owner thread: 0x000001a99ac51370

Heap address: 0x00000000c0000000, size: 1024 MB, Compressed Oops mode: 32-bit

CDS archive(s) mapped at: [0x000001a953000000-0x000001a953c90000-0x000001a953c90000), size 13172736, SharedBaseAddress: 0x000001a953000000, ArchiveRelocationMode: 1.
Compressed class space mapped at: 0x000001a954000000-0x000001a994000000, reserved size: 1073741824
Narrow klass base: 0x000001a953000000, Narrow klass shift: 0, Narrow klass range: 0x100000000

GC Precious Log:
 CardTable entry size: 512
 CPUs: 12 total, 12 available
 Memory: 16071M
 Large Page Support: Disabled
 NUMA Support: Disabled
 Compressed Oops: Enabled (32-bit)
 Alignments: Space 512K, Generation 512K, Heap 2M
 Heap Min Capacity: 100M
 Heap Initial Capacity: 100M
 Heap Max Capacity: 1G
 Pre-touch: Disabled
 Parallel Workers: 10

Heap:
 PSYoungGen      total 21504K, used 3059K [0x00000000eab00000, 0x00000000ec300000, 0x0000000100000000)
  eden space 18432K, 0% used [0x00000000eab00000,0x00000000eab00000,0x00000000ebd00000)
  from space 3072K, 99% used [0x00000000ec000000,0x00000000ec2fce10,0x00000000ec300000)
  to   space 3072K, 0% used [0x00000000ebd00000,0x00000000ebd00000,0x00000000ec000000)
 ParOldGen       total 68608K, used 57462K [0x00000000c0000000, 0x00000000c4300000, 0x00000000eab00000)
  object space 68608K, 83% used [0x00000000c0000000,0x00000000c381dac8,0x00000000c4300000)
 Metaspace       used 49235K, committed 50432K, reserved 1114112K
  class space    used 5057K, committed 5632K, reserved 1048576K

Card table byte_map: [0x000001a950200000,0x000001a950410000] _byte_map_base: 0x000001a94fc00000

Marking Bits: (ParMarkBitMap*) 0x00007ffbb0e30df0
 Begin Bits: [0x000001a950570000, 0x000001a951570000)
 End Bits:   [0x000001a951570000, 0x000001a952570000)

Polling page: 0x000001a936ff0000

Metaspace:

Usage:
  Non-class:     43.14 MB used.
      Class:      4.94 MB used.
       Both:     48.08 MB used.

Virtual space:
  Non-class space:       64.00 MB reserved,      43.75 MB ( 68%) committed,  1 nodes.
      Class space:        1.00 GB reserved,       5.50 MB ( <1%) committed,  1 nodes.
             Both:        1.06 GB reserved,      49.25 MB (  5%) committed. 

Chunk freelists:
   Non-Class:  4.25 MB
       Class:  10.36 MB
        Both:  14.61 MB

MaxMetaspaceSize: unlimited
CompressedClassSpaceSize: 1.00 GB
Initial GC threshold: 21.00 MB
Current GC threshold: 58.38 MB
CDS: on
 - commit_granule_bytes: 65536.
 - commit_granule_words: 8192.
 - virtual_space_node_default_size: 8388608.
 - enlarge_chunks_in_place: 1.
 - use_allocation_guard: 0.


Internal statistics:

num_allocs_failed_limit: 6.
num_arena_births: 814.
num_arena_deaths: 14.
num_vsnodes_births: 2.
num_vsnodes_deaths: 0.
num_space_committed: 788.
num_space_uncommitted: 0.
num_chunks_returned_to_freelist: 20.
num_chunks_taken_from_freelist: 3021.
num_chunk_merges: 12.
num_chunk_splits: 1865.
num_chunks_enlarged: 1040.
num_inconsistent_stats: 0.

CodeHeap 'non-profiled nmethods': size=120000Kb used=2291Kb max_used=2291Kb free=117708Kb
 bounds [0x000001a948af0000, 0x000001a948d60000, 0x000001a950020000]
CodeHeap 'profiled nmethods': size=120000Kb used=12891Kb max_used=12891Kb free=107108Kb
 bounds [0x000001a941020000, 0x000001a941cc0000, 0x000001a948550000]
CodeHeap 'non-nmethods': size=5760Kb used=1389Kb max_used=1437Kb free=4370Kb
 bounds [0x000001a948550000, 0x000001a9487c0000, 0x000001a948af0000]
 total_blobs=6692 nmethods=6000 adapters=598
 compilation: enabled
              stopped_count=0, restarted_count=0
 full_count=0

Compilation events (20 events):
Event: 14.223 Thread 0x000001a995b02e30 6608       2       com.google.common.cache.LocalCache$LoadingValueReference::get (10 bytes)
Event: 14.223 Thread 0x000001a995b02e30 nmethod 6608 0x000001a941cb3c90 code [0x000001a941cb3e40, 0x000001a941cb3f78]
Event: 14.224 Thread 0x000001a995b02e30 6609       2       com.google.common.cache.LocalCache$Segment::runUnlockedCleanup (15 bytes)
Event: 14.224 Thread 0x000001a995b02e30 nmethod 6609 0x000001a941cb4010 code [0x000001a941cb41c0, 0x000001a941cb4320]
Event: 14.224 Thread 0x000001a995b02e30 6611       2       java.util.TreeMap::successor (66 bytes)
Event: 14.224 Thread 0x000001a995b02e30 nmethod 6611 0x000001a941cb4490 code [0x000001a941cb4640, 0x000001a941cb4880]
Event: 14.224 Thread 0x000001a995b02e30 6610   !   2       com.google.common.cache.LocalCache::processPendingNotifications (48 bytes)
Event: 14.224 Thread 0x000001a995b02e30 nmethod 6610 0x000001a941cb4a10 code [0x000001a941cb4c00, 0x000001a941cb4f78]
Event: 14.224 Thread 0x000001a995b02e30 6612       2       com.google.inject.internal.asm.$ByteVector::putShort (52 bytes)
Event: 14.224 Thread 0x000001a995b02e30 nmethod 6612 0x000001a941cb5110 code [0x000001a941cb52c0, 0x000001a941cb5480]
Event: 14.224 Thread 0x000001a995b02e30 6613       2       java.lang.String::checkOffset (11 bytes)
Event: 14.225 Thread 0x000001a995b02e30 nmethod 6613 0x000001a941cb5610 code [0x000001a941cb57c0, 0x000001a941cb58f8]
Event: 14.225 Thread 0x000001a995b02e30 6614       2       java.lang.AbstractStringBuilder::shift (37 bytes)
Event: 14.225 Thread 0x000001a995b02e30 nmethod 6614 0x000001a941cb5a10 code [0x000001a941cb5bc0, 0x000001a941cb5d98]
Event: 14.225 Thread 0x000001a995b02e30 6616       2       com.google.common.collect.SingletonImmutableList::iterator (8 bytes)
Event: 14.225 Thread 0x000001a995b02e30 nmethod 6616 0x000001a941cb5e90 code [0x000001a941cb6020, 0x000001a941cb61a0]
Event: 14.225 Thread 0x000001a995b02e30 6615       2       java.util.zip.ZipEntry::<init> (172 bytes)
Event: 14.225 Thread 0x000001a995b02e30 nmethod 6615 0x000001a941cb6290 code [0x000001a941cb6440, 0x000001a941cb6748]
Event: 14.226 Thread 0x000001a995b02e30 6617       2       java.util.jar.JarFile::getManEntry (39 bytes)
Event: 14.226 Thread 0x000001a995b02e30 nmethod 6617 0x000001a941cb6890 code [0x000001a941cb6a40, 0x000001a941cb6c20]

GC Heap History (20 events):
Event: 4.702 GC heap after
{Heap after GC invocations=24 (full 2):
 PSYoungGen      total 22016K, used 3321K [0x00000000eab00000, 0x00000000ec680000, 0x0000000100000000)
  eden space 18432K, 0% used [0x00000000eab00000,0x00000000eab00000,0x00000000ebd00000)
  from space 3584K, 92% used [0x00000000ec300000,0x00000000ec63e478,0x00000000ec680000)
  to   space 4096K, 0% used [0x00000000ebe80000,0x00000000ebe80000,0x00000000ec280000)
 ParOldGen       total 68608K, used 33660K [0x00000000c0000000, 0x00000000c4300000, 0x00000000eab00000)
  object space 68608K, 49% used [0x00000000c0000000,0x00000000c20df010,0x00000000c4300000)
 Metaspace       used 44116K, committed 45248K, reserved 1114112K
  class space    used 4439K, committed 4992K, reserved 1048576K
}
Event: 5.744 GC heap before
{Heap before GC invocations=25 (full 2):
 PSYoungGen      total 22016K, used 21753K [0x00000000eab00000, 0x00000000ec680000, 0x0000000100000000)
  eden space 18432K, 100% used [0x00000000eab00000,0x00000000ebd00000,0x00000000ebd00000)
  from space 3584K, 92% used [0x00000000ec300000,0x00000000ec63e478,0x00000000ec680000)
  to   space 4096K, 0% used [0x00000000ebe80000,0x00000000ebe80000,0x00000000ec280000)
 ParOldGen       total 68608K, used 33660K [0x00000000c0000000, 0x00000000c4300000, 0x00000000eab00000)
  object space 68608K, 49% used [0x00000000c0000000,0x00000000c20df010,0x00000000c4300000)
 Metaspace       used 44410K, committed 45568K, reserved 1114112K
  class space    used 4469K, committed 4992K, reserved 1048576K
}
Event: 5.746 GC heap after
{Heap after GC invocations=25 (full 2):
 PSYoungGen      total 22016K, used 3194K [0x00000000eab00000, 0x00000000ec400000, 0x0000000100000000)
  eden space 18432K, 0% used [0x00000000eab00000,0x00000000eab00000,0x00000000ebd00000)
  from space 3584K, 89% used [0x00000000ebe80000,0x00000000ec19eba8,0x00000000ec200000)
  to   space 2048K, 0% used [0x00000000ec200000,0x00000000ec200000,0x00000000ec400000)
 ParOldGen       total 68608K, used 36823K [0x00000000c0000000, 0x00000000c4300000, 0x00000000eab00000)
  object space 68608K, 53% used [0x00000000c0000000,0x00000000c23f5c80,0x00000000c4300000)
 Metaspace       used 44410K, committed 45568K, reserved 1114112K
  class space    used 4469K, committed 4992K, reserved 1048576K
}
Event: 5.774 GC heap before
{Heap before GC invocations=26 (full 2):
 PSYoungGen      total 22016K, used 21626K [0x00000000eab00000, 0x00000000ec400000, 0x0000000100000000)
  eden space 18432K, 100% used [0x00000000eab00000,0x00000000ebd00000,0x00000000ebd00000)
  from space 3584K, 89% used [0x00000000ebe80000,0x00000000ec19eba8,0x00000000ec200000)
  to   space 2048K, 0% used [0x00000000ec200000,0x00000000ec200000,0x00000000ec400000)
 ParOldGen       total 68608K, used 36823K [0x00000000c0000000, 0x00000000c4300000, 0x00000000eab00000)
  object space 68608K, 53% used [0x00000000c0000000,0x00000000c23f5c80,0x00000000c4300000)
 Metaspace       used 44599K, committed 45824K, reserved 1114112K
  class space    used 4497K, committed 5056K, reserved 1048576K
}
Event: 5.776 GC heap after
{Heap after GC invocations=26 (full 2):
 PSYoungGen      total 20480K, used 2039K [0x00000000eab00000, 0x00000000ec600000, 0x0000000100000000)
  eden space 18432K, 0% used [0x00000000eab00000,0x00000000eab00000,0x00000000ebd00000)
  from space 2048K, 99% used [0x00000000ec200000,0x00000000ec3fdc10,0x00000000ec400000)
  to   space 4608K, 0% used [0x00000000ebd00000,0x00000000ebd00000,0x00000000ec180000)
 ParOldGen       total 68608K, used 38904K [0x00000000c0000000, 0x00000000c4300000, 0x00000000eab00000)
  object space 68608K, 56% used [0x00000000c0000000,0x00000000c25fe230,0x00000000c4300000)
 Metaspace       used 44599K, committed 45824K, reserved 1114112K
  class space    used 4497K, committed 5056K, reserved 1048576K
}
Event: 5.801 GC heap before
{Heap before GC invocations=27 (full 2):
 PSYoungGen      total 20480K, used 20471K [0x00000000eab00000, 0x00000000ec600000, 0x0000000100000000)
  eden space 18432K, 100% used [0x00000000eab00000,0x00000000ebd00000,0x00000000ebd00000)
  from space 2048K, 99% used [0x00000000ec200000,0x00000000ec3fdc10,0x00000000ec400000)
  to   space 4608K, 0% used [0x00000000ebd00000,0x00000000ebd00000,0x00000000ec180000)
 ParOldGen       total 68608K, used 38904K [0x00000000c0000000, 0x00000000c4300000, 0x00000000eab00000)
  object space 68608K, 56% used [0x00000000c0000000,0x00000000c25fe230,0x00000000c4300000)
 Metaspace       used 44895K, committed 46080K, reserved 1114112K
  class space    used 4512K, committed 5056K, reserved 1048576K
}
Event: 5.802 GC heap after
{Heap after GC invocations=27 (full 2):
 PSYoungGen      total 19456K, used 818K [0x00000000eab00000, 0x00000000ec280000, 0x0000000100000000)
  eden space 18432K, 0% used [0x00000000eab00000,0x00000000eab00000,0x00000000ebd00000)
  from space 1024K, 79% used [0x00000000ebd00000,0x00000000ebdccbd0,0x00000000ebe00000)
  to   space 2048K, 0% used [0x00000000ec080000,0x00000000ec080000,0x00000000ec280000)
 ParOldGen       total 68608K, used 40273K [0x00000000c0000000, 0x00000000c4300000, 0x00000000eab00000)
  object space 68608K, 58% used [0x00000000c0000000,0x00000000c2754510,0x00000000c4300000)
 Metaspace       used 44895K, committed 46080K, reserved 1114112K
  class space    used 4512K, committed 5056K, reserved 1048576K
}
Event: 5.858 GC heap before
{Heap before GC invocations=28 (full 2):
 PSYoungGen      total 19456K, used 19250K [0x00000000eab00000, 0x00000000ec280000, 0x0000000100000000)
  eden space 18432K, 100% used [0x00000000eab00000,0x00000000ebd00000,0x00000000ebd00000)
  from space 1024K, 79% used [0x00000000ebd00000,0x00000000ebdccbd0,0x00000000ebe00000)
  to   space 2048K, 0% used [0x00000000ec080000,0x00000000ec080000,0x00000000ec280000)
 ParOldGen       total 68608K, used 40273K [0x00000000c0000000, 0x00000000c4300000, 0x00000000eab00000)
  object space 68608K, 58% used [0x00000000c0000000,0x00000000c2754510,0x00000000c4300000)
 Metaspace       used 46244K, committed 47488K, reserved 1114112K
  class space    used 4678K, committed 5248K, reserved 1048576K
}
Event: 5.859 GC heap after
{Heap after GC invocations=28 (full 2):
 PSYoungGen      total 20480K, used 2036K [0x00000000eab00000, 0x00000000ec400000, 0x0000000100000000)
  eden space 18432K, 0% used [0x00000000eab00000,0x00000000eab00000,0x00000000ebd00000)
  from space 2048K, 99% used [0x00000000ec080000,0x00000000ec27d090,0x00000000ec280000)
  to   space 3584K, 0% used [0x00000000ebd00000,0x00000000ebd00000,0x00000000ec080000)
 ParOldGen       total 68608K, used 41215K [0x00000000c0000000, 0x00000000c4300000, 0x00000000eab00000)
  object space 68608K, 60% used [0x00000000c0000000,0x00000000c283fce8,0x00000000c4300000)
 Metaspace       used 46244K, committed 47488K, reserved 1114112K
  class space    used 4678K, committed 5248K, reserved 1048576K
}
Event: 5.933 GC heap before
{Heap before GC invocations=29 (full 2):
 PSYoungGen      total 20480K, used 20468K [0x00000000eab00000, 0x00000000ec400000, 0x0000000100000000)
  eden space 18432K, 100% used [0x00000000eab00000,0x00000000ebd00000,0x00000000ebd00000)
  from space 2048K, 99% used [0x00000000ec080000,0x00000000ec27d090,0x00000000ec280000)
  to   space 3584K, 0% used [0x00000000ebd00000,0x00000000ebd00000,0x00000000ec080000)
 ParOldGen       total 68608K, used 41215K [0x00000000c0000000, 0x00000000c4300000, 0x00000000eab00000)
  object space 68608K, 60% used [0x00000000c0000000,0x00000000c283fce8,0x00000000c4300000)
 Metaspace       used 46852K, committed 48000K, reserved 1114112K
  class space    used 4762K, committed 5312K, reserved 1048576K
}
Event: 5.935 GC heap after
{Heap after GC invocations=29 (full 2):
 PSYoungGen      total 21504K, used 2854K [0x00000000eab00000, 0x00000000ec300000, 0x0000000100000000)
  eden space 18432K, 0% used [0x00000000eab00000,0x00000000eab00000,0x00000000ebd00000)
  from space 3072K, 92% used [0x00000000ebd00000,0x00000000ebfc9918,0x00000000ec000000)
  to   space 3072K, 0% used [0x00000000ec000000,0x00000000ec000000,0x00000000ec300000)
 ParOldGen       total 68608K, used 43171K [0x00000000c0000000, 0x00000000c4300000, 0x00000000eab00000)
  object space 68608K, 62% used [0x00000000c0000000,0x00000000c2a28d40,0x00000000c4300000)
 Metaspace       used 46852K, committed 48000K, reserved 1114112K
  class space    used 4762K, committed 5312K, reserved 1048576K
}
Event: 5.997 GC heap before
{Heap before GC invocations=30 (full 2):
 PSYoungGen      total 21504K, used 21286K [0x00000000eab00000, 0x00000000ec300000, 0x0000000100000000)
  eden space 18432K, 100% used [0x00000000eab00000,0x00000000ebd00000,0x00000000ebd00000)
  from space 3072K, 92% used [0x00000000ebd00000,0x00000000ebfc9918,0x00000000ec000000)
  to   space 3072K, 0% used [0x00000000ec000000,0x00000000ec000000,0x00000000ec300000)
 ParOldGen       total 68608K, used 43171K [0x00000000c0000000, 0x00000000c4300000, 0x00000000eab00000)
  object space 68608K, 62% used [0x00000000c0000000,0x00000000c2a28d40,0x00000000c4300000)
 Metaspace       used 47362K, committed 48576K, reserved 1114112K
  class space    used 4845K, committed 5376K, reserved 1048576K
}
Event: 5.999 GC heap after
{Heap after GC invocations=30 (full 2):
 PSYoungGen      total 21504K, used 2796K [0x00000000eab00000, 0x00000000ec300000, 0x0000000100000000)
  eden space 18432K, 0% used [0x00000000eab00000,0x00000000eab00000,0x00000000ebd00000)
  from space 3072K, 91% used [0x00000000ec000000,0x00000000ec2bb248,0x00000000ec300000)
  to   space 3072K, 0% used [0x00000000ebd00000,0x00000000ebd00000,0x00000000ec000000)
 ParOldGen       total 68608K, used 46235K [0x00000000c0000000, 0x00000000c4300000, 0x00000000eab00000)
  object space 68608K, 67% used [0x00000000c0000000,0x00000000c2d26e70,0x00000000c4300000)
 Metaspace       used 47362K, committed 48576K, reserved 1114112K
  class space    used 4845K, committed 5376K, reserved 1048576K
}
Event: 6.058 GC heap before
{Heap before GC invocations=31 (full 2):
 PSYoungGen      total 21504K, used 21228K [0x00000000eab00000, 0x00000000ec300000, 0x0000000100000000)
  eden space 18432K, 100% used [0x00000000eab00000,0x00000000ebd00000,0x00000000ebd00000)
  from space 3072K, 91% used [0x00000000ec000000,0x00000000ec2bb248,0x00000000ec300000)
  to   space 3072K, 0% used [0x00000000ebd00000,0x00000000ebd00000,0x00000000ec000000)
 ParOldGen       total 68608K, used 46235K [0x00000000c0000000, 0x00000000c4300000, 0x00000000eab00000)
  object space 68608K, 67% used [0x00000000c0000000,0x00000000c2d26e70,0x00000000c4300000)
 Metaspace       used 47963K, committed 49216K, reserved 1114112K
  class space    used 4917K, committed 5504K, reserved 1048576K
}
Event: 6.060 GC heap after
{Heap after GC invocations=31 (full 2):
 PSYoungGen      total 21504K, used 2949K [0x00000000eab00000, 0x00000000ec300000, 0x0000000100000000)
  eden space 18432K, 0% used [0x00000000eab00000,0x00000000eab00000,0x00000000ebd00000)
  from space 3072K, 95% used [0x00000000ebd00000,0x00000000ebfe1410,0x00000000ec000000)
  to   space 3072K, 0% used [0x00000000ec000000,0x00000000ec000000,0x00000000ec300000)
 ParOldGen       total 68608K, used 48624K [0x00000000c0000000, 0x00000000c4300000, 0x00000000eab00000)
  object space 68608K, 70% used [0x00000000c0000000,0x00000000c2f7c048,0x00000000c4300000)
 Metaspace       used 47963K, committed 49216K, reserved 1114112K
  class space    used 4917K, committed 5504K, reserved 1048576K
}
Event: 7.103 GC heap before
{Heap before GC invocations=32 (full 2):
 PSYoungGen      total 21504K, used 21381K [0x00000000eab00000, 0x00000000ec300000, 0x0000000100000000)
  eden space 18432K, 100% used [0x00000000eab00000,0x00000000ebd00000,0x00000000ebd00000)
  from space 3072K, 95% used [0x00000000ebd00000,0x00000000ebfe1410,0x00000000ec000000)
  to   space 3072K, 0% used [0x00000000ec000000,0x00000000ec000000,0x00000000ec300000)
 ParOldGen       total 68608K, used 48624K [0x00000000c0000000, 0x00000000c4300000, 0x00000000eab00000)
  object space 68608K, 70% used [0x00000000c0000000,0x00000000c2f7c048,0x00000000c4300000)
 Metaspace       used 48526K, committed 49664K, reserved 1114112K
  class space    used 4964K, committed 5504K, reserved 1048576K
}
Event: 9.111 GC heap after
{Heap after GC invocations=32 (full 2):
 PSYoungGen      total 21504K, used 3057K [0x00000000eab00000, 0x00000000ec300000, 0x0000000100000000)
  eden space 18432K, 0% used [0x00000000eab00000,0x00000000eab00000,0x00000000ebd00000)
  from space 3072K, 99% used [0x00000000ec000000,0x00000000ec2fc6a0,0x00000000ec300000)
  to   space 3072K, 0% used [0x00000000ebd00000,0x00000000ebd00000,0x00000000ec000000)
 ParOldGen       total 68608K, used 51378K [0x00000000c0000000, 0x00000000c4300000, 0x00000000eab00000)
  object space 68608K, 74% used [0x00000000c0000000,0x00000000c322c8b0,0x00000000c4300000)
 Metaspace       used 48526K, committed 49664K, reserved 1114112K
  class space    used 4964K, committed 5504K, reserved 1048576K
}
Event: 9.147 GC heap before
{Heap before GC invocations=33 (full 2):
 PSYoungGen      total 21504K, used 21489K [0x00000000eab00000, 0x00000000ec300000, 0x0000000100000000)
  eden space 18432K, 100% used [0x00000000eab00000,0x00000000ebd00000,0x00000000ebd00000)
  from space 3072K, 99% used [0x00000000ec000000,0x00000000ec2fc6a0,0x00000000ec300000)
  to   space 3072K, 0% used [0x00000000ebd00000,0x00000000ebd00000,0x00000000ec000000)
 ParOldGen       total 68608K, used 51378K [0x00000000c0000000, 0x00000000c4300000, 0x00000000eab00000)
  object space 68608K, 74% used [0x00000000c0000000,0x00000000c322c8b0,0x00000000c4300000)
 Metaspace       used 48928K, committed 50048K, reserved 1114112K
  class space    used 5017K, committed 5568K, reserved 1048576K
}
Event: 11.168 GC heap after
{Heap after GC invocations=33 (full 2):
 PSYoungGen      total 21504K, used 3070K [0x00000000eab00000, 0x00000000ec300000, 0x0000000100000000)
  eden space 18432K, 0% used [0x00000000eab00000,0x00000000eab00000,0x00000000ebd00000)
  from space 3072K, 99% used [0x00000000ebd00000,0x00000000ebfff808,0x00000000ec000000)
  to   space 3072K, 0% used [0x00000000ec000000,0x00000000ec000000,0x00000000ec300000)
 ParOldGen       total 68608K, used 54358K [0x00000000c0000000, 0x00000000c4300000, 0x00000000eab00000)
  object space 68608K, 79% used [0x00000000c0000000,0x00000000c3515850,0x00000000c4300000)
 Metaspace       used 48928K, committed 50048K, reserved 1114112K
  class space    used 5017K, committed 5568K, reserved 1048576K
}
Event: 14.233 GC heap before
{Heap before GC invocations=34 (full 2):
 PSYoungGen      total 21504K, used 21502K [0x00000000eab00000, 0x00000000ec300000, 0x0000000100000000)
  eden space 18432K, 100% used [0x00000000eab00000,0x00000000ebd00000,0x00000000ebd00000)
  from space 3072K, 99% used [0x00000000ebd00000,0x00000000ebfff808,0x00000000ec000000)
  to   space 3072K, 0% used [0x00000000ec000000,0x00000000ec000000,0x00000000ec300000)
 ParOldGen       total 68608K, used 54358K [0x00000000c0000000, 0x00000000c4300000, 0x00000000eab00000)
  object space 68608K, 79% used [0x00000000c0000000,0x00000000c3515850,0x00000000c4300000)
 Metaspace       used 49235K, committed 50432K, reserved 1114112K
  class space    used 5057K, committed 5632K, reserved 1048576K
}

Dll operation events (11 events):
Event: 0.008 Loaded shared library C:\Program Files\Java\jdk-21\bin\java.dll
Event: 0.037 Loaded shared library C:\Program Files\Java\jdk-21\bin\jsvml.dll
Event: 0.082 Loaded shared library C:\Program Files\Java\jdk-21\bin\zip.dll
Event: 0.085 Loaded shared library C:\Program Files\Java\jdk-21\bin\instrument.dll
Event: 0.089 Loaded shared library C:\Program Files\Java\jdk-21\bin\net.dll
Event: 0.091 Loaded shared library C:\Program Files\Java\jdk-21\bin\nio.dll
Event: 0.093 Loaded shared library C:\Program Files\Java\jdk-21\bin\zip.dll
Event: 0.113 Loaded shared library C:\Program Files\Java\jdk-21\bin\jimage.dll
Event: 0.207 Loaded shared library C:\Program Files\Java\jdk-21\bin\verify.dll
Event: 1.115 Loaded shared library C:\Users\oak pumirut\AppData\Roaming\Code\User\globalStorage\redhat.java\1.38.0\config_win\org.eclipse.equinox.launcher\org.eclipse.equinox.launcher.win32.win32.x86_64_1.2.1100.v20240722-2106\eclipse_11904.dll
Event: 2.535 Loaded shared library C:\Users\oak pumirut\AppData\Local\Temp\jna-105890889\jna2677475229072362639.dll

Deoptimization events (20 events):
Event: 14.210 Thread 0x000001a99ac51370 DEOPT PACKING pc=0x000001a94106e1ea sp=0x0000005246afe5a0
Event: 14.210 Thread 0x000001a99ac51370 DEOPT UNPACKING pc=0x000001a9485a4242 sp=0x0000005246afda28 mode 0
Event: 14.210 Thread 0x000001a99c298690 DEOPT PACKING pc=0x000001a941c5dd0f sp=0x0000005247bfb470
Event: 14.210 Thread 0x000001a99c298690 DEOPT UNPACKING pc=0x000001a9485a4242 sp=0x0000005247bfa978 mode 0
Event: 14.210 Thread 0x000001a99ac51370 DEOPT PACKING pc=0x000001a941a3263b sp=0x0000005246afe620
Event: 14.210 Thread 0x000001a99ac51370 DEOPT UNPACKING pc=0x000001a9485a4242 sp=0x0000005246afdb88 mode 0
Event: 14.211 Thread 0x000001a99c297970 DEOPT PACKING pc=0x000001a941865b21 sp=0x0000005247ffc860
Event: 14.211 Thread 0x000001a99c297970 DEOPT UNPACKING pc=0x000001a9485a4242 sp=0x0000005247ffbd10 mode 0
Event: 14.214 Thread 0x000001a99c297970 DEOPT PACKING pc=0x000001a941865b21 sp=0x0000005247ffc860
Event: 14.214 Thread 0x000001a99c297970 DEOPT UNPACKING pc=0x000001a9485a4242 sp=0x0000005247ffbd10 mode 0
Event: 14.219 Thread 0x000001a99ac51370 DEOPT PACKING pc=0x000001a94106e1ea sp=0x0000005246afe670
Event: 14.219 Thread 0x000001a99ac51370 DEOPT UNPACKING pc=0x000001a9485a4242 sp=0x0000005246afdaf8 mode 0
Event: 14.221 Thread 0x000001a99c297970 DEOPT PACKING pc=0x000001a941865b21 sp=0x0000005247ffc860
Event: 14.221 Thread 0x000001a99c297970 DEOPT UNPACKING pc=0x000001a9485a4242 sp=0x0000005247ffbd10 mode 0
Event: 14.224 Thread 0x000001a99ac51370 DEOPT PACKING pc=0x000001a941a27d95 sp=0x0000005246afe5e0
Event: 14.224 Thread 0x000001a99ac51370 DEOPT UNPACKING pc=0x000001a9485a4242 sp=0x0000005246afdb68 mode 0
Event: 14.228 Thread 0x000001a99ac51370 DEOPT PACKING pc=0x000001a94106e1ea sp=0x0000005246afe5a0
Event: 14.228 Thread 0x000001a99ac51370 DEOPT UNPACKING pc=0x000001a9485a4242 sp=0x0000005246afda28 mode 0
Event: 14.231 Thread 0x000001a99ac51370 DEOPT PACKING pc=0x000001a941a27d95 sp=0x0000005246afe5e0
Event: 14.231 Thread 0x000001a99ac51370 DEOPT UNPACKING pc=0x000001a9485a4242 sp=0x0000005246afdb68 mode 0

Classes loaded (20 events):
Event: 4.373 Loading class java/util/WeakHashMap$KeyIterator
Event: 4.373 Loading class java/util/WeakHashMap$KeyIterator done
Event: 4.499 Loading class java/lang/ExceptionInInitializerError
Event: 4.499 Loading class java/lang/ExceptionInInitializerError done
Event: 4.621 Loading class java/util/concurrent/ForkJoinTask$AdaptedCallable
Event: 4.621 Loading class java/util/concurrent/ForkJoinTask$AdaptedCallable done
Event: 4.633 Loading class sun/reflect/annotation/AnnotatedTypeFactory$AnnotatedParameterizedTypeImpl
Event: 4.633 Loading class java/lang/reflect/AnnotatedParameterizedType
Event: 4.633 Loading class java/lang/reflect/AnnotatedParameterizedType done
Event: 4.633 Loading class sun/reflect/annotation/AnnotatedTypeFactory$AnnotatedParameterizedTypeImpl done
Event: 5.831 Loading class java/util/concurrent/CompletionService
Event: 5.831 Loading class java/util/concurrent/CompletionService done
Event: 5.899 Loading class sun/reflect/generics/scope/ConstructorScope
Event: 5.899 Loading class sun/reflect/generics/scope/ConstructorScope done
Event: 5.899 Loading class sun/reflect/generics/tree/VoidDescriptor
Event: 5.899 Loading class sun/reflect/generics/tree/VoidDescriptor done
Event: 5.910 Loading class java/nio/channels/ServerSocketChannel
Event: 5.910 Loading class java/nio/channels/ServerSocketChannel done
Event: 6.020 Loading class java/util/Vector$1
Event: 6.020 Loading class java/util/Vector$1 done

Classes unloaded (7 events):
Event: 3.002 Thread 0x000001a9529541a0 Unloading class 0x000001a954199400 'java/lang/invoke/LambdaForm$MH+0x000001a954199400'
Event: 3.002 Thread 0x000001a9529541a0 Unloading class 0x000001a954199000 'java/lang/invoke/LambdaForm$MH+0x000001a954199000'
Event: 3.002 Thread 0x000001a9529541a0 Unloading class 0x000001a954198c00 'java/lang/invoke/LambdaForm$MH+0x000001a954198c00'
Event: 3.002 Thread 0x000001a9529541a0 Unloading class 0x000001a954198800 'java/lang/invoke/LambdaForm$MH+0x000001a954198800'
Event: 3.002 Thread 0x000001a9529541a0 Unloading class 0x000001a954198400 'java/lang/invoke/LambdaForm$BMH+0x000001a954198400'
Event: 3.002 Thread 0x000001a9529541a0 Unloading class 0x000001a954198000 'java/lang/invoke/LambdaForm$DMH+0x000001a954198000'
Event: 3.002 Thread 0x000001a9529541a0 Unloading class 0x000001a954196c00 'java/lang/invoke/LambdaForm$DMH+0x000001a954196c00'

Classes redefined (0 events):
No events

Internal exceptions (20 events):
Event: 4.376 Thread 0x000001a99c298690 Implicit null exception at 0x000001a948c07de5 to 0x000001a948c08088
Event: 4.388 Thread 0x000001a99c298690 Implicit null exception at 0x000001a948bff7e5 to 0x000001a948bffa44
Event: 4.428 Thread 0x000001a99c297970 Exception <a 'java/io/FileNotFoundException'{0x00000000eb6b19d0}> (0x00000000eb6b19d0) 
thrown [s\open\src\hotspot\share\prims\jni.cpp, line 520]
Event: 4.428 Thread 0x000001a99c297970 Exception <a 'java/io/FileNotFoundException'{0x00000000eb6c7de0}> (0x00000000eb6c7de0) 
thrown [s\open\src\hotspot\share\prims\jni.cpp, line 520]
Event: 4.428 Thread 0x000001a99c297970 Exception <a 'java/io/FileNotFoundException'{0x00000000eb6c97f0}> (0x00000000eb6c97f0) 
thrown [s\open\src\hotspot\share\prims\jni.cpp, line 520]
Event: 4.428 Thread 0x000001a99c297970 Exception <a 'java/io/FileNotFoundException'{0x00000000eb6cad20}> (0x00000000eb6cad20) 
thrown [s\open\src\hotspot\share\prims\jni.cpp, line 520]
Event: 4.429 Thread 0x000001a99c297970 Exception <a 'java/io/FileNotFoundException'{0x00000000eb6cbfc0}> (0x00000000eb6cbfc0) 
thrown [s\open\src\hotspot\share\prims\jni.cpp, line 520]
Event: 4.620 Thread 0x000001a99c297970 Exception <a 'sun/nio/fs/WindowsException'{0x00000000eab18c20}> (0x00000000eab18c20) 
thrown [s\open\src\hotspot\share\prims\jni.cpp, line 520]
Event: 4.626 Thread 0x000001a99c297970 Exception <a 'sun/nio/fs/WindowsException'{0x00000000ead113c0}> (0x00000000ead113c0) 
thrown [s\open\src\hotspot\share\prims\jni.cpp, line 520]
Event: 4.627 Thread 0x000001a99c29a0d0 Exception <a 'sun/nio/fs/WindowsException'{0x00000000eabdfcc8}> (0x00000000eabdfcc8) 
thrown [s\open\src\hotspot\share\prims\jni.cpp, line 520]
Event: 4.627 Thread 0x000001a99c29adf0 Exception <a 'sun/nio/fs/WindowsException'{0x00000000ead527e8}> (0x00000000ead527e8) 
thrown [s\open\src\hotspot\share\prims\jni.cpp, line 520]
Event: 4.633 Thread 0x000001a99ac51370 Implicit null exception at 0x000001a948bc805a to 0x000001a948bc8158
Event: 4.638 Thread 0x000001a99c297970 Exception <a 'sun/nio/fs/WindowsException'{0x00000000eb03cb48}> (0x00000000eb03cb48) 
thrown [s\open\src\hotspot\share\prims\jni.cpp, line 520]
Event: 4.641 Thread 0x000001a99c297970 Exception <a 'sun/nio/fs/WindowsException'{0x00000000eb138930}> (0x00000000eb138930) 
thrown [s\open\src\hotspot\share\prims\jni.cpp, line 520]
Event: 4.648 Thread 0x000001a99c297970 Exception <a 'sun/nio/fs/WindowsException'{0x00000000eb34ec70}> (0x00000000eb34ec70) 
thrown [s\open\src\hotspot\share\prims\jni.cpp, line 520]
Event: 4.651 Thread 0x000001a99c297970 Exception <a 'sun/nio/fs/WindowsException'{0x00000000eb4724f8}> (0x00000000eb4724f8) 
thrown [s\open\src\hotspot\share\prims\jni.cpp, line 520]
Event: 6.057 Thread 0x000001a99c298690 Exception <a 'java/lang/ExceptionInInitializerError'{0x00000000ebcb9618}> (0x00000000ebcb9618) 
thrown [s\open\src\hotspot\share\oops\instanceKlass.cpp, line 1192]
Event: 6.086 Thread 0x000001a99c298690 Implicit null exception at 0x000001a948c36afe to 0x000001a948c36d60
Event: 6.086 Thread 0x000001a99c298690 Implicit null exception at 0x000001a948b99e7c to 0x000001a948b9accc
Event: 6.087 Thread 0x000001a99c298690 Exception <a 'java/lang/NoSuchMethodError'{0x00000000eb15eba8}: 'java.lang.Object java.lang.invoke.Invokers$Holder.invokeExact_MT(java.lang.Object, int, java.lang.Object)'> (0x00000000eb15eba8) 
thrown [s\open\src\hotspot\share\interpreter\linkResolver.cpp, line 773]

ZGC Phase Switch (0 events):
No events

VM Operations (20 events):
Event: 5.859 Executing VM operation: ParallelGCFailedAllocation (Allocation Failure) done
Event: 5.871 Executing VM operation: HandshakeAllThreads (Deoptimize)
Event: 5.871 Executing VM operation: HandshakeAllThreads (Deoptimize) done
Event: 5.933 Executing VM operation: ParallelGCFailedAllocation (Allocation Failure)
Event: 5.935 Executing VM operation: ParallelGCFailedAllocation (Allocation Failure) done
Event: 5.997 Executing VM operation: ParallelGCFailedAllocation (Allocation Failure)
Event: 5.999 Executing VM operation: ParallelGCFailedAllocation (Allocation Failure) done
Event: 6.058 Executing VM operation: ParallelGCFailedAllocation (Allocation Failure)
Event: 6.061 Executing VM operation: ParallelGCFailedAllocation (Allocation Failure) done
Event: 7.061 Executing VM operation: Cleanup
Event: 7.099 Executing VM operation: Cleanup done
Event: 7.103 Executing VM operation: ParallelGCFailedAllocation (Allocation Failure)
Event: 9.111 Executing VM operation: ParallelGCFailedAllocation (Allocation Failure) done
Event: 9.127 Executing VM operation: HandshakeAllThreads (Deoptimize)
Event: 9.127 Executing VM operation: HandshakeAllThreads (Deoptimize) done
Event: 9.147 Executing VM operation: ParallelGCFailedAllocation (Allocation Failure)
Event: 11.169 Executing VM operation: ParallelGCFailedAllocation (Allocation Failure) done
Event: 12.174 Executing VM operation: Cleanup
Event: 12.175 Executing VM operation: Cleanup done
Event: 14.233 Executing VM operation: ParallelGCFailedAllocation (Allocation Failure)

Events (20 events):
Event: 4.112 Thread 0x000001a9529541a0 flushing nmethod 0x000001a9416eed90
Event: 4.112 Thread 0x000001a9529541a0 flushing nmethod 0x000001a941794510
Event: 4.112 Thread 0x000001a9529541a0 flushing nmethod 0x000001a9417a7090
Event: 4.138 Thread 0x000001a99c297970 Thread added: 0x000001a99c297970
Event: 4.384 Thread 0x000001a99c299a40 Thread added: 0x000001a99c299a40
Event: 4.622 Thread 0x000001a99c29a0d0 Thread added: 0x000001a99c29a0d0
Event: 4.627 Thread 0x000001a99c29adf0 Thread added: 0x000001a99c29adf0
Event: 4.627 Thread 0x000001a99c298d20 Thread added: 0x000001a99c298d20
Event: 4.627 Thread 0x000001a99d458430 Thread added: 0x000001a99d458430
Event: 4.627 Thread 0x000001a99d455640 Thread added: 0x000001a99d455640
Event: 4.628 Thread 0x000001a99d454fb0 Thread added: 0x000001a99d454fb0
Event: 4.628 Thread 0x000001a99d457080 Thread added: 0x000001a99d457080
Event: 4.628 Thread 0x000001a99d458ac0 Thread added: 0x000001a99d458ac0
Event: 4.628 Thread 0x000001a99d459150 Thread added: 0x000001a99d459150
Event: 4.661 Thread 0x000001a99d457710 Thread added: 0x000001a99d457710
Event: 4.661 Thread 0x000001a99d455cd0 Thread added: 0x000001a99d455cd0
Event: 4.661 Thread 0x000001a99d457da0 Thread added: 0x000001a99d457da0
Event: 4.661 Thread 0x000001a99d4597e0 Thread added: 0x000001a99d4597e0
Event: 5.731 Thread 0x000001a99d6bf480 Thread added: 0x000001a99d6bf480
Event: 9.111 Thread 0x000001a99a7b7fd0 Thread exited: 0x000001a99a7b7fd0


Dynamic libraries:
0x00007ff784200000 - 0x00007ff784210000 	C:\Program Files\Java\jdk-21\bin\java.exe
0x00007ffc08c80000 - 0x00007ffc08ee3000 	C:\WINDOWS\SYSTEM32\ntdll.dll
0x00007ffc06cf0000 - 0x00007ffc06db8000 	C:\WINDOWS\System32\KERNEL32.DLL
0x00007ffc063f0000 - 0x00007ffc067a2000 	C:\WINDOWS\System32\KERNELBASE.dll
0x00007ffc062a0000 - 0x00007ffc063eb000 	C:\WINDOWS\System32\ucrtbase.dll
0x00007ffbf2de0000 - 0x00007ffbf2dfb000 	C:\Program Files\Java\jdk-21\bin\VCRUNTIME140.dll
0x00007ffbf2d50000 - 0x00007ffbf2d69000 	C:\Program Files\Java\jdk-21\bin\jli.dll
0x00007ffc06c30000 - 0x00007ffc06ce4000 	C:\WINDOWS\System32\ADVAPI32.dll
0x00007ffc07a30000 - 0x00007ffc07ad9000 	C:\WINDOWS\System32\msvcrt.dll
0x00007ffc07cb0000 - 0x00007ffc07d56000 	C:\WINDOWS\System32\sechost.dll
0x00007ffc06b10000 - 0x00007ffc06c26000 	C:\WINDOWS\System32\RPCRT4.dll
0x00007ffc07530000 - 0x00007ffc076f8000 	C:\WINDOWS\System32\USER32.dll
0x00007ffc060f0000 - 0x00007ffc06117000 	C:\WINDOWS\System32\win32u.dll
0x00007ffbe3040000 - 0x00007ffbe32d0000 	C:\WINDOWS\WinSxS\amd64_microsoft.windows.common-controls_6595b64144ccf1df_6.0.26100.2454_none_3e0b68a2e331ad60\COMCTL32.dll
0x00007ffc07ae0000 - 0x00007ffc07b0a000 	C:\WINDOWS\System32\GDI32.dll
0x00007ffc06870000 - 0x00007ffc0699b000 	C:\WINDOWS\System32\gdi32full.dll
0x00007ffc06a30000 - 0x00007ffc06ad3000 	C:\WINDOWS\System32\msvcp_win.dll
0x00007ffbeac80000 - 0x00007ffbeac8b000 	C:\WINDOWS\SYSTEM32\VERSION.dll
0x00007ffc08270000 - 0x00007ffc0829f000 	C:\WINDOWS\System32\IMM32.DLL
0x00007ffc00430000 - 0x00007ffc0043c000 	C:\Program Files\Java\jdk-21\bin\vcruntime140_1.dll
0x00007ffbca3c0000 - 0x00007ffbca44e000 	C:\Program Files\Java\jdk-21\bin\msvcp140.dll
0x00007ffbb01f0000 - 0x00007ffbb0f08000 	C:\Program Files\Java\jdk-21\bin\server\jvm.dll
0x00007ffc081f0000 - 0x00007ffc08264000 	C:\WINDOWS\System32\WS2_32.dll
0x00007ffc05e30000 - 0x00007ffc05e7e000 	C:\WINDOWS\SYSTEM32\POWRPROF.dll
0x00007ffbf8630000 - 0x00007ffbf8666000 	C:\WINDOWS\SYSTEM32\WINMM.dll
0x00007ffc05d00000 - 0x00007ffc05d14000 	C:\WINDOWS\SYSTEM32\UMPDC.dll
0x00007ffc04e90000 - 0x00007ffc04eaa000 	C:\WINDOWS\SYSTEM32\kernel.appcore.dll
0x00007ffbfb8b0000 - 0x00007ffbfb8ba000 	C:\Program Files\Java\jdk-21\bin\jimage.dll
0x00007ffc036f0000 - 0x00007ffc03931000 	C:\WINDOWS\SYSTEM32\DBGHELP.DLL
0x00007ffc07de0000 - 0x00007ffc0815e000 	C:\WINDOWS\System32\combase.dll
0x00007ffc077d0000 - 0x00007ffc078a6000 	C:\WINDOWS\System32\OLEAUT32.dll
0x00007ffbaa7a0000 - 0x00007ffbaa7d9000 	C:\WINDOWS\SYSTEM32\dbgcore.DLL
0x00007ffc06050000 - 0x00007ffc060e9000 	C:\WINDOWS\System32\bcryptPrimitives.dll
0x00007ffbf7f30000 - 0x00007ffbf7f3f000 	C:\Program Files\Java\jdk-21\bin\instrument.dll
0x00007ffbef970000 - 0x00007ffbef98f000 	C:\Program Files\Java\jdk-21\bin\java.dll
0x00007ffc06e20000 - 0x00007ffc07520000 	C:\WINDOWS\System32\SHELL32.dll
0x00007ffc03d80000 - 0x00007ffc045b1000 	C:\WINDOWS\SYSTEM32\windows.storage.dll
0x00007ffc08830000 - 0x00007ffc0890a000 	C:\WINDOWS\System32\SHCORE.dll
0x00007ffc08340000 - 0x00007ffc0839d000 	C:\WINDOWS\System32\shlwapi.dll
0x00007ffc05f60000 - 0x00007ffc05f8e000 	C:\WINDOWS\SYSTEM32\profapi.dll
0x00007ffbc82b0000 - 0x00007ffbc8387000 	C:\Program Files\Java\jdk-21\bin\jsvml.dll
0x00007ffbf2ed0000 - 0x00007ffbf2ee8000 	C:\Program Files\Java\jdk-21\bin\zip.dll
0x00007ffbf2e20000 - 0x00007ffbf2e30000 	C:\Program Files\Java\jdk-21\bin\net.dll
0x00007ffbfefd0000 - 0x00007ffbff0f6000 	C:\WINDOWS\SYSTEM32\WINHTTP.dll
0x00007ffc05390000 - 0x00007ffc053f8000 	C:\WINDOWS\system32\mswsock.dll
0x00007ffbedd90000 - 0x00007ffbedda6000 	C:\Program Files\Java\jdk-21\bin\nio.dll
0x00007ffbf3340000 - 0x00007ffbf3350000 	C:\Program Files\Java\jdk-21\bin\verify.dll
0x00007ffbc4940000 - 0x00007ffbc4985000 	C:\Users\oak pumirut\AppData\Roaming\Code\User\globalStorage\redhat.java\1.38.0\config_win\org.eclipse.equinox.launcher\org.eclipse.equinox.launcher.win32.win32.x86_64_1.2.1100.v20240722-2106\eclipse_11904.dll
0x00007ffc07b10000 - 0x00007ffc07ca9000 	C:\WINDOWS\System32\ole32.dll
0x00007ffc05630000 - 0x00007ffc0564c000 	C:\WINDOWS\SYSTEM32\CRYPTSP.dll
0x00007ffc04df0000 - 0x00007ffc04e28000 	C:\WINDOWS\system32\rsaenh.dll
0x00007ffc05430000 - 0x00007ffc0545b000 	C:\WINDOWS\SYSTEM32\USERENV.dll
0x00007ffc05800000 - 0x00007ffc05826000 	C:\WINDOWS\SYSTEM32\bcrypt.dll
0x00007ffc05650000 - 0x00007ffc0565c000 	C:\WINDOWS\SYSTEM32\CRYPTBASE.dll
0x00007ffc04a10000 - 0x00007ffc04a42000 	C:\WINDOWS\SYSTEM32\IPHLPAPI.DLL
0x00007ffc06b00000 - 0x00007ffc06b0a000 	C:\WINDOWS\System32\NSI.dll
0x00007ffbc3340000 - 0x00007ffbc3389000 	C:\Users\oak pumirut\AppData\Local\Temp\jna-105890889\jna2677475229072362639.dll
0x00007ffc07710000 - 0x00007ffc07718000 	C:\WINDOWS\System32\PSAPI.DLL
0x00007ffbff310000 - 0x00007ffbff32e000 	C:\WINDOWS\SYSTEM32\dhcpcsvc6.DLL
0x00007ffbff2e0000 - 0x00007ffbff305000 	C:\WINDOWS\SYSTEM32\dhcpcsvc.DLL

dbghelp: loaded successfully - version: 4.0.5 - missing functions: none
symbol engine: initialized successfully - sym options: 0x614 - pdb path: .;C:\Program Files\Java\jdk-21\bin;C:\WINDOWS\SYSTEM32;C:\WINDOWS\WinSxS\amd64_microsoft.windows.common-controls_6595b64144ccf1df_6.0.26100.2454_none_3e0b68a2e331ad60;C:\Program Files\Java\jdk-21\bin\server;C:\Users\oak pumirut\AppData\Roaming\Code\User\globalStorage\redhat.java\1.38.0\config_win\org.eclipse.equinox.launcher\org.eclipse.equinox.launcher.win32.win32.x86_64_1.2.1100.v20240722-2106;C:\Users\oak pumirut\AppData\Local\Temp\jna-105890889

VM Arguments:
jvm_args: --add-modules=ALL-SYSTEM --add-opens=java.base/java.util=ALL-UNNAMED --add-opens=java.base/java.lang=ALL-UNNAMED --add-opens=java.base/sun.nio.fs=ALL-UNNAMED -Declipse.application=org.eclipse.jdt.ls.core.id1 -Dosgi.bundles.defaultStartLevel=4 -Declipse.product=org.eclipse.jdt.ls.core.product -Djava.import.generatesMetadataFilesAtProjectRoot=false -DDetectVMInstallationsJob.disabled=true -Dfile.encoding=utf8 -XX:+UseParallelGC -XX:GCTimeRatio=4 -XX:AdaptiveSizePolicyWeight=90 -Dsun.zip.disableMemoryMapping=true -Xmx1G -Xms100m -Xlog:disable -javaagent:c:\Users\oak pumirut\.vscode\extensions\redhat.java-1.38.0-win32-x64\lombok\lombok-1.18.34.jar -XX:+HeapDumpOnOutOfMemoryError -XX:HeapDumpPath=c:\Users\oak pumirut\AppData\Roaming\Code\User\workspaceStorage\a3c4028b28b4910effa67704777bf6b0\redhat.java -Daether.dependencyCollector.impl=bf 
java_command: c:\Users\oak pumirut\.vscode\extensions\redhat.java-1.38.0-win32-x64\server\plugins\org.eclipse.equinox.launcher_1.6.900.v20240613-2009.jar -configuration c:\Users\oak pumirut\AppData\Roaming\Code\User\globalStorage\redhat.java\1.38.0\config_win -data c:\Users\oak pumirut\AppData\Roaming\Code\User\workspaceStorage\a3c4028b28b4910effa67704777bf6b0\redhat.java\jdt_ws --pipe=\\.\pipe\lsp-4115dcc789c1e966a73f188ab0e2bd3f-sock
java_class_path (initial): c:\Users\oak pumirut\.vscode\extensions\redhat.java-1.38.0-win32-x64\server\plugins\org.eclipse.equinox.launcher_1.6.900.v20240613-2009.jar
Launcher Type: SUN_STANDARD

[Global flags]
    uintx AdaptiveSizePolicyWeight                 = 90                                        {product} {command line}
     intx CICompilerCount                          = 4                                         {product} {ergonomic}
    uintx GCTimeRatio                              = 4                                         {product} {command line}
     bool HeapDumpOnOutOfMemoryError               = true                                   {manageable} {command line}
    ccstr HeapDumpPath                             = c:\Users\oak pumirut\AppData\Roaming\Code\User\workspaceStorage\a3c4028b28b4910effa67704777bf6b0\redhat.java         {manageable} {command line}
   size_t InitialHeapSize                          = 104857600                                 {product} {command line}
   size_t MaxHeapSize                              = 1073741824                                {product} {command line}
   size_t MaxNewSize                               = 357564416                                 {product} {ergonomic}
   size_t MinHeapDeltaBytes                        = 524288                                    {product} {ergonomic}
   size_t MinHeapSize                              = 104857600                                 {product} {command line}
   size_t NewSize                                  = 34603008                                  {product} {ergonomic}
    uintx NonNMethodCodeHeapSize                   = 5839372                                {pd product} {ergonomic}
    uintx NonProfiledCodeHeapSize                  = 122909434                              {pd product} {ergonomic}
   size_t OldSize                                  = 70254592                                  {product} {ergonomic}
    uintx ProfiledCodeHeapSize                     = 122909434                              {pd product} {ergonomic}
    uintx ReservedCodeCacheSize                    = 251658240                              {pd product} {ergonomic}
     bool SegmentedCodeCache                       = true                                      {product} {ergonomic}
   size_t SoftMaxHeapSize                          = 1073741824                             {manageable} {ergonomic}
     bool UseCompressedOops                        = true                           {product lp64_product} {ergonomic}
     bool UseLargePagesIndividualAllocation        = false                                  {pd product} {ergonomic}
     bool UseParallelGC                            = true                                      {product} {command line}

Logging:
Log output configuration:
 #0: stdout all=off uptime,level,tags foldmultilines=false
 #1: stderr all=off uptime,level,tags foldmultilines=false

Environment Variables:
JAVA_HOME=C:\Program Files\Java\jdk-21\bin
PATH=C:\Program Files (x86)\VMware\VMware Workstation\bin\;C:\Program Files\Common Files\Oracle\Java\javapath;C:\Python313\Scripts\;C:\Python313\;C:\Program Files (x86)\Common Files\Oracle\Java\javapath;C:\DevSuiteHome_2\jdk\jre\bin\classic;C:\DevSuiteHome_2\jdk\jre\bin;C:\DevSuiteHome_2\jdk\jre\bin\client;C:\DevSuiteHome_2\jlib;C:\DevSuiteHome_2\bin;C:\DevSuiteHome_2\jre\1.4.2\bin\client;C:\DevSuiteHome_2\jre\1.4.2\bin;C:\DevSuiteHome_1\jdk\jre\bin\client;C:\DevSuiteHome_1\bin;C:\DevSuiteHome_1\jlib;C:\WINDOWS\system32;C:\WINDOWS;C:\WINDOWS\System32\Wbem;C:\WINDOWS\System32\WindowsPowerShell\v1.0\;C:\WINDOWS\System32\OpenSSH\;C:\Users\Pumirut\bin;C:\Program Files\dotnet\;C:\Program Files\PuTTY\;C:\Program Files\nodejs\;C:\ProgramData\chocolatey\bin;C:\Users\oak pumirut\AppData\Local\Microsoft\WindowsApps;C:\Users\oak pumirut\AppData\Local\Programs\Microsoft VS Code\bin;C:\Users\oak pumirut\AppData\Roaming\npm;
USERNAME=oak pumirut
OS=Windows_NT
PROCESSOR_IDENTIFIER=Intel64 Family 6 Model 186 Stepping 2, GenuineIntel
TMP=C:\Users\OAKPUM~1\AppData\Local\Temp
TEMP=C:\Users\OAKPUM~1\AppData\Local\Temp




Periodic native trim disabled

---------------  S Y S T E M  ---------------

OS:
 Windows 11 , 64 bit Build 26100 (10.0.26100.2454)
OS uptime: 0 days 22:43 hours

CPU: total 12 (initial active 12) (6 cores per cpu, 2 threads per core) family 6 model 186 stepping 2 microcode 0x410e, cx8, cmov, fxsr, ht, mmx, 3dnowpref, sse, sse2, sse3, ssse3, sse4.1, sse4.2, popcnt, lzcnt, tsc, tscinvbit, avx, avx2, aes, erms, clmul, bmi1, bmi2, adx, sha, fma, vzeroupper, clflush, clflushopt, clwb, serialize, rdtscp, rdpid, fsrm, f16c, pku, cet_ibt, cet_ss
Processor Information for processor 0
  Max Mhz: 2100, Current Mhz: 2100, Mhz Limit: 2100
Processor Information for processor 1
  Max Mhz: 2100, Current Mhz: 2100, Mhz Limit: 2100
Processor Information for processor 2
  Max Mhz: 2100, Current Mhz: 2100, Mhz Limit: 2100
Processor Information for processor 3
  Max Mhz: 2100, Current Mhz: 2100, Mhz Limit: 2100
Processor Information for processor 4
  Max Mhz: 2100, Current Mhz: 2100, Mhz Limit: 2100
Processor Information for processor 5
  Max Mhz: 2100, Current Mhz: 2100, Mhz Limit: 2100
Processor Information for processor 6
  Max Mhz: 2100, Current Mhz: 2100, Mhz Limit: 2100
Processor Information for processor 7
  Max Mhz: 2100, Current Mhz: 2100, Mhz Limit: 2100
Processor Information for processor 8
  Max Mhz: 2100, Current Mhz: 1500, Mhz Limit: 1491
Processor Information for processor 9
  Max Mhz: 2100, Current Mhz: 1500, Mhz Limit: 1491
Processor Information for processor 10
  Max Mhz: 2100, Current Mhz: 1500, Mhz Limit: 1491
Processor Information for processor 11
  Max Mhz: 2100, Current Mhz: 1500, Mhz Limit: 1491

Memory: 4k page, system-wide physical 16071M (373M free)
TotalPageFile size 20167M (AvailPageFile size 3M)
current process WorkingSet (physical memory assigned to process): 253M, peak: 261M
current process commit charge ("private bytes"): 312M, peak: 325M

vm_info: Java HotSpot(TM) 64-Bit Server VM (21.0.5+9-LTS-239) for windows-amd64 JRE (21.0.5+9-LTS-239), built on 2024-09-30T05:17:38Z by "mach5one" with MS VC++ 17.6 (VS2022)

END.
