#
# There is insufficient memory for the Java Runtime Environment to continue.
# Native memory allocation (malloc) failed to allocate 1531920 bytes for Chunk::new
# Possible reasons:
#   The system is out of physical RAM or swap space
#   The process is running with CompressedOops enabled, and the Java Heap may be blocking the growth of the native heap
# Possible solutions:
#   Reduce memory load on the system
#   Increase physical memory or swap space
#   Check if swap backing store is full
#   Decrease Java heap size (-Xmx/-Xms)
#   Decrease number of Java threads
#   Decrease Java thread stack sizes (-Xss)
#   Set larger code cache with -XX:ReservedCodeCacheSize=
#   JVM is running with Unscaled Compressed Oops mode in which the Java heap is
#     placed in the first 4GB address space. The Java Heap base address is the
#     maximum limit for the native heap growth. Please use -XX:HeapBaseMinAddress
#     to set the Java Heap base and to place the Java Heap above 4GB virtual address.
# This output file may be truncated or incomplete.
#
#  Out of Memory Error (arena.cpp:168), pid=25348, tid=19020
#
# JRE version: Java(TM) SE Runtime Environment (21.0.5+9) (build 21.0.5+9-LTS-239)
# Java VM: Java HotSpot(TM) 64-Bit Server VM (21.0.5+9-LTS-239, mixed mode, sharing, tiered, compressed oops, compressed class ptrs, parallel gc, windows-amd64)
# No core dump will be written. Minidumps are not enabled by default on client versions of Windows
#

---------------  S U M M A R Y ------------

Command Line: --add-modules=ALL-SYSTEM --add-opens=java.base/java.util=ALL-UNNAMED --add-opens=java.base/java.lang=ALL-UNNAMED --add-opens=java.base/sun.nio.fs=ALL-UNNAMED -Declipse.application=org.eclipse.jdt.ls.core.id1 -Dosgi.bundles.defaultStartLevel=4 -Declipse.product=org.eclipse.jdt.ls.core.product -Djava.import.generatesMetadataFilesAtProjectRoot=false -DDetectVMInstallationsJob.disabled=true -Dfile.encoding=utf8 -XX:+UseParallelGC -XX:GCTimeRatio=4 -XX:AdaptiveSizePolicyWeight=90 -Dsun.zip.disableMemoryMapping=true -Xmx1G -Xms100m -Xlog:disable -javaagent:c:\Users\oak pumirut\.vscode\extensions\redhat.java-1.38.0-win32-x64\lombok\lombok-1.18.34.jar -XX:+HeapDumpOnOutOfMemoryError -XX:HeapDumpPath=c:\Users\oak pumirut\AppData\Roaming\Code\User\workspaceStorage\a3c4028b28b4910effa67704777bf6b0\redhat.java -Daether.dependencyCollector.impl=bf c:\Users\oak pumirut\.vscode\extensions\redhat.java-1.38.0-win32-x64\server\plugins\org.eclipse.equinox.launcher_1.6.900.v20240613-2009.jar -configuration c:\Users\oak pumirut\AppData\Roaming\Code\User\globalStorage\redhat.java\1.38.0\config_win -data c:\Users\oak pumirut\AppData\Roaming\Code\User\workspaceStorage\a3c4028b28b4910effa67704777bf6b0\redhat.java\jdt_ws --pipe=\\.\pipe\lsp-72bc0f224277ff451872243268514764-sock

Host: 13th Gen Intel(R) Core(TM) i5-13420H, 12 cores, 15G,  Windows 11 , 64 bit Build 26100 (10.0.26100.2454)
Time: Sat Jan 11 20:22:39 2025 SE Asia Standard Time elapsed time: 10.852968 seconds (0d 0h 0m 10s)

---------------  T H R E A D  ---------------

Current thread (0x000001c46c270870):  JavaThread "C2 CompilerThread0" daemon [_thread_in_native, id=19020, stack(0x000000858aa00000,0x000000858ab00000) (1024K)]


Current CompileTask:
C2:  10853 6952       4       org.eclipse.jdt.internal.compiler.util.JrtFileSystem$2::visitFile (72 bytes)

Stack: [0x000000858aa00000,0x000000858ab00000]
Native frames: (J=compiled Java code, j=interpreted, Vv=VM code, C=native code)
V  [jvm.dll+0x6ca289]
V  [jvm.dll+0x854a51]
V  [jvm.dll+0x856f7e]
V  [jvm.dll+0x857653]
V  [jvm.dll+0x27dd26]
V  [jvm.dll+0xc4c2d]
V  [jvm.dll+0xc5163]
V  [jvm.dll+0x3b4d3c]
V  [jvm.dll+0x1df613]
V  [jvm.dll+0x246a62]
V  [jvm.dll+0x245eef]
V  [jvm.dll+0x1c6d0e]
V  [jvm.dll+0x2554d9]
V  [jvm.dll+0x253a6a]
V  [jvm.dll+0x3ee136]
V  [jvm.dll+0x7fee9b]
V  [jvm.dll+0x6c896d]
C  [ucrtbase.dll+0x14ea0]
C  [KERNEL32.DLL+0x2e8d7]
C  [ntdll.dll+0xdfbcc]


---------------  P R O C E S S  ---------------

Threads class SMR info:
_java_thread_list=0x000001c4715a0760, length=30, elements={
0x000001c44e848fe0, 0x000001c46a11ce60, 0x000001c46c262090, 0x000001c46c265880,
0x000001c46c2664d0, 0x000001c46c269030, 0x000001c46c26a5f0, 0x000001c46c270870,
0x000001c46c279ba0, 0x000001c46c37eea0, 0x000001c46c5c18e0, 0x000001c46cce0fc0,
0x000001c46ccd8700, 0x000001c46ccc98a0, 0x000001c47106cf00, 0x000001c46ccb1dd0,
0x000001c4712c5330, 0x000001c4712d2650, 0x000001c4715d74d0, 0x000001c4715d8f10,
0x000001c4715d8880, 0x000001c4715d5a90, 0x000001c46cdc4b10, 0x000001c4715d67b0,
0x000001c4715d6120, 0x000001c472fbd8c0, 0x000001c4715d7b60, 0x000001c4715d81f0,
0x000001c4715d6e40, 0x000001c4738546d0
}

Java Threads: ( => current thread )
  0x000001c44e848fe0 JavaThread "main"                              [_thread_blocked, id=15984, stack(0x000000858a000000,0x000000858a100000) (1024K)]
  0x000001c46a11ce60 JavaThread "Reference Handler"          daemon [_thread_blocked, id=2316, stack(0x000000858a400000,0x000000858a500000) (1024K)]
  0x000001c46c262090 JavaThread "Finalizer"                  daemon [_thread_blocked, id=22592, stack(0x000000858a500000,0x000000858a600000) (1024K)]
  0x000001c46c265880 JavaThread "Signal Dispatcher"          daemon [_thread_blocked, id=24752, stack(0x000000858a600000,0x000000858a700000) (1024K)]
  0x000001c46c2664d0 JavaThread "Attach Listener"            daemon [_thread_blocked, id=22396, stack(0x000000858a700000,0x000000858a800000) (1024K)]
  0x000001c46c269030 JavaThread "Service Thread"             daemon [_thread_blocked, id=17884, stack(0x000000858a800000,0x000000858a900000) (1024K)]
  0x000001c46c26a5f0 JavaThread "Monitor Deflation Thread"   daemon [_thread_blocked, id=11572, stack(0x000000858a900000,0x000000858aa00000) (1024K)]
=>0x000001c46c270870 JavaThread "C2 CompilerThread0"         daemon [_thread_in_native, id=19020, stack(0x000000858aa00000,0x000000858ab00000) (1024K)]
  0x000001c46c279ba0 JavaThread "C1 CompilerThread0"         daemon [_thread_blocked, id=23608, stack(0x000000858ab00000,0x000000858ac00000) (1024K)]
  0x000001c46c37eea0 JavaThread "Common-Cleaner"             daemon [_thread_blocked, id=9276, stack(0x000000858ac00000,0x000000858ad00000) (1024K)]
  0x000001c46c5c18e0 JavaThread "Notification Thread"        daemon [_thread_blocked, id=25932, stack(0x000000858ae00000,0x000000858af00000) (1024K)]
  0x000001c46cce0fc0 JavaThread "Active Thread: Equinox Container: d283b900-5e66-47d5-8577-ae76e6f3c4fe"        [_thread_blocked, id=21804, stack(0x000000858b600000,0x000000858b700000) (1024K)]
  0x000001c46ccd8700 JavaThread "Refresh Thread: Equinox Container: d283b900-5e66-47d5-8577-ae76e6f3c4fe" daemon [_thread_blocked, id=7712, stack(0x000000858b700000,0x000000858b800000) (1024K)]
  0x000001c46ccc98a0 JavaThread "Framework Event Dispatcher: Equinox Container: d283b900-5e66-47d5-8577-ae76e6f3c4fe" daemon [_thread_blocked, id=25504, stack(0x000000858b900000,0x000000858ba00000) (1024K)]
  0x000001c47106cf00 JavaThread "Start Level: Equinox Container: d283b900-5e66-47d5-8577-ae76e6f3c4fe" daemon [_thread_blocked, id=20196, stack(0x000000858ba00000,0x000000858bb00000) (1024K)]
  0x000001c46ccb1dd0 JavaThread "Bundle File Closer"         daemon [_thread_blocked, id=22472, stack(0x000000858bb00000,0x000000858bc00000) (1024K)]
  0x000001c4712c5330 JavaThread "SCR Component Actor"        daemon [_thread_blocked, id=14144, stack(0x000000858be00000,0x000000858bf00000) (1024K)]
  0x000001c4712d2650 JavaThread "SCR Component Registry"     daemon [_thread_blocked, id=17996, stack(0x000000858bf00000,0x000000858c000000) (1024K)]
  0x000001c4715d74d0 JavaThread "Worker-JM"                         [_thread_blocked, id=21948, stack(0x000000858c000000,0x000000858c100000) (1024K)]
  0x000001c4715d8f10 JavaThread "JNA Cleaner"                daemon [_thread_blocked, id=13660, stack(0x000000858c100000,0x000000858c200000) (1024K)]
  0x000001c4715d8880 JavaThread "Worker-0"                          [_thread_blocked, id=25480, stack(0x000000858c200000,0x000000858c300000) (1024K)]
  0x000001c4715d5a90 JavaThread "Worker-1"                          [_thread_blocked, id=21264, stack(0x000000858c300000,0x000000858c400000) (1024K)]
  0x000001c46cdc4b10 JavaThread "C2 CompilerThread1"         daemon [_thread_in_native, id=9636, stack(0x000000858b400000,0x000000858b500000) (1024K)]
  0x000001c4715d67b0 JavaThread "Worker-2"                          [_thread_blocked, id=25300, stack(0x000000858b500000,0x000000858b600000) (1024K)]
  0x000001c4715d6120 JavaThread "Worker-3"                          [_thread_blocked, id=23224, stack(0x000000858c400000,0x000000858c500000) (1024K)]
  0x000001c472fbd8c0 JavaThread "C2 CompilerThread2"         daemon [_thread_in_native, id=3704, stack(0x000000858c500000,0x000000858c600000) (1024K)]
  0x000001c4715d7b60 JavaThread "Java indexing"              daemon [_thread_in_Java, id=24700, stack(0x000000858c600000,0x000000858c700000) (1024K)]
  0x000001c4715d81f0 JavaThread "pool-2-thread-1"                   [_thread_blocked, id=23340, stack(0x000000858c900000,0x000000858ca00000) (1024K)]
  0x000001c4715d6e40 JavaThread "Framework stop - Equinox Container: d283b900-5e66-47d5-8577-ae76e6f3c4fe"        [_thread_blocked, id=17284, stack(0x000000858ca00000,0x000000858cb00000) (1024K)]
  0x000001c4738546d0 JavaThread "Worker-4"                          [_thread_blocked, id=18088, stack(0x000000858cb00000,0x000000858cc00000) (1024K)]
Total: 30

Other Threads:
  0x000001c46a1030c0 VMThread "VM Thread"                           [id=25456, stack(0x000000858a300000,0x000000858a400000) (1024K)]
  0x000001c469ffca00 WatcherThread "VM Periodic Task Thread"        [id=25488, stack(0x000000858a200000,0x000000858a300000) (1024K)]
  0x000001c44eb47320 WorkerThread "GC Thread#0"                     [id=12116, stack(0x000000858a100000,0x000000858a200000) (1024K)]
  0x000001c46c71d200 WorkerThread "GC Thread#1"                     [id=26024, stack(0x000000858ad00000,0x000000858ae00000) (1024K)]
  0x000001c46c71d9b0 WorkerThread "GC Thread#2"                     [id=26032, stack(0x000000858af00000,0x000000858b000000) (1024K)]
  0x000001c46c71dd50 WorkerThread "GC Thread#3"                     [id=25956, stack(0x000000858b000000,0x000000858b100000) (1024K)]
  0x000001c471057970 WorkerThread "GC Thread#4"                     [id=14940, stack(0x000000858b100000,0x000000858b200000) (1024K)]
  0x000001c471057d10 WorkerThread "GC Thread#5"                     [id=25364, stack(0x000000858b200000,0x000000858b300000) (1024K)]
  0x000001c4710580b0 WorkerThread "GC Thread#6"                     [id=8300, stack(0x000000858b300000,0x000000858b400000) (1024K)]
  0x000001c46cce08f0 WorkerThread "GC Thread#7"                     [id=18524, stack(0x000000858b800000,0x000000858b900000) (1024K)]
  0x000001c4712023c0 WorkerThread "GC Thread#8"                     [id=9476, stack(0x000000858bc00000,0x000000858bd00000) (1024K)]
  0x000001c471203980 WorkerThread "GC Thread#9"                     [id=4780, stack(0x000000858bd00000,0x000000858be00000) (1024K)]
Total: 12

Threads with active compile tasks:
C2 CompilerThread0    10867 6952       4       org.eclipse.jdt.internal.compiler.util.JrtFileSystem$2::visitFile (72 bytes)
C2 CompilerThread1    10867 6953       4       org.eclipse.jdt.internal.compiler.util.JrtFileSystem$2::visitFile (10 bytes)
C2 CompilerThread2    10867 6921   !   4       org.eclipse.jdt.internal.core.search.indexing.BinaryIndexer::indexDocument (1157 bytes)
Total: 3

VM state: not at safepoint (normal execution)

VM Mutex/Monitor currently owned by a thread: None

Heap address: 0x00000000c0000000, size: 1024 MB, Compressed Oops mode: 32-bit

CDS archive(s) mapped at: [0x000001c400000000-0x000001c400c90000-0x000001c400c90000), size 13172736, SharedBaseAddress: 0x000001c400000000, ArchiveRelocationMode: 1.
Compressed class space mapped at: 0x000001c401000000-0x000001c441000000, reserved size: 1073741824
Narrow klass base: 0x000001c400000000, Narrow klass shift: 0, Narrow klass range: 0x100000000

GC Precious Log:
 CardTable entry size: 512
 CPUs: 12 total, 12 available
 Memory: 16071M
 Large Page Support: Disabled
 NUMA Support: Disabled
 Compressed Oops: Enabled (32-bit)
 Alignments: Space 512K, Generation 512K, Heap 2M
 Heap Min Capacity: 100M
 Heap Initial Capacity: 100M
 Heap Max Capacity: 1G
 Pre-touch: Disabled
 Parallel Workers: 10

Heap:
 PSYoungGen      total 12800K, used 11768K [0x00000000eab00000, 0x00000000ebe80000, 0x0000000100000000)
  eden space 9728K, 89% used [0x00000000eab00000,0x00000000eb37e650,0x00000000eb480000)
  from space 3072K, 99% used [0x00000000eb500000,0x00000000eb7ffc80,0x00000000eb800000)
  to   space 5120K, 0% used [0x00000000eb980000,0x00000000eb980000,0x00000000ebe80000)
 ParOldGen       total 116736K, used 94270K [0x00000000c0000000, 0x00000000c7200000, 0x00000000eab00000)
  object space 116736K, 80% used [0x00000000c0000000,0x00000000c5c0f8e0,0x00000000c7200000)
 Metaspace       used 44350K, committed 45504K, reserved 1114112K
  class space    used 4542K, committed 5056K, reserved 1048576K

Card table byte_map: [0x000001c4679b0000,0x000001c467bc0000] _byte_map_base: 0x000001c4673b0000

Marking Bits: (ParMarkBitMap*) 0x00007ff9b3ed0df0
 Begin Bits: [0x000001c467d20000, 0x000001c468d20000)
 End Bits:   [0x000001c468d20000, 0x000001c469d20000)

Polling page: 0x000001c44ebf0000

Metaspace:

Usage:
  Non-class:     38.87 MB used.
      Class:      4.44 MB used.
       Both:     43.31 MB used.

Virtual space:
  Non-class space:       64.00 MB reserved,      39.50 MB ( 62%) committed,  1 nodes.
      Class space:        1.00 GB reserved,       4.94 MB ( <1%) committed,  1 nodes.
             Both:        1.06 GB reserved,      44.44 MB (  4%) committed. 

Chunk freelists:
   Non-Class:  8.18 MB
       Class:  11.05 MB
        Both:  19.23 MB

MaxMetaspaceSize: unlimited
CompressedClassSpaceSize: 1.00 GB
Initial GC threshold: 21.00 MB
Current GC threshold: 74.06 MB
CDS: on
 - commit_granule_bytes: 65536.
 - commit_granule_words: 8192.
 - virtual_space_node_default_size: 8388608.
 - enlarge_chunks_in_place: 1.
 - use_allocation_guard: 0.


Internal statistics:

num_allocs_failed_limit: 6.
num_arena_births: 784.
num_arena_deaths: 18.
num_vsnodes_births: 2.
num_vsnodes_deaths: 0.
num_space_committed: 711.
num_space_uncommitted: 0.
num_chunks_returned_to_freelist: 32.
num_chunks_taken_from_freelist: 2716.
num_chunk_merges: 13.
num_chunk_splits: 1720.
num_chunks_enlarged: 1009.
num_inconsistent_stats: 0.

CodeHeap 'non-profiled nmethods': size=120000Kb used=3059Kb max_used=3313Kb free=116940Kb
 bounds [0x000001c460390000, 0x000001c4606d0000, 0x000001c4678c0000]
CodeHeap 'profiled nmethods': size=120000Kb used=10385Kb max_used=12691Kb free=109614Kb
 bounds [0x000001c4588c0000, 0x000001c459530000, 0x000001c45fdf0000]
CodeHeap 'non-nmethods': size=5760Kb used=1370Kb max_used=1452Kb free=4389Kb
 bounds [0x000001c45fdf0000, 0x000001c460060000, 0x000001c460390000]
 total_blobs=6276 nmethods=5606 adapters=576
 compilation: enabled
              stopped_count=0, restarted_count=0
 full_count=0

Compilation events (20 events):
Event: 9.564 Thread 0x000001c46cdc4b10 nmethod 6928 0x000001c4606c0290 code [0x000001c4606c0420, 0x000001c4606c0540]
Event: 9.564 Thread 0x000001c46cdc4b10 6929       4       java.nio.MappedByteBuffer::position (6 bytes)
Event: 9.564 Thread 0x000001c46cdc4b10 nmethod 6929 0x000001c4606c0690 code [0x000001c4606c0820, 0x000001c4606c0918]
Event: 9.565 Thread 0x000001c46cdc4b10 6948       4       org.eclipse.jdt.internal.compiler.classfmt.InnerClassInfo::<init> (55 bytes)
Event: 9.566 Thread 0x000001c46cdc4b10 nmethod 6948 0x000001c4606c0a10 code [0x000001c4606c0ba0, 0x000001c4606c0d20]
Event: 9.566 Thread 0x000001c46cdc4b10 6943       4       org.eclipse.jdt.internal.compiler.classfmt.InnerClassInfo::getSourceName (60 bytes)
Event: 9.567 Thread 0x000001c46c270870 nmethod 6913 0x000001c4606c0e90 code [0x000001c4606c1220, 0x000001c4606c33e8]
Event: 9.567 Thread 0x000001c46c270870 6950       4       java.util.TimSort::countRunAndMakeAscending (128 bytes)
Event: 9.577 Thread 0x000001c46c270870 nmethod 6950 0x000001c4606c4710 code [0x000001c4606c4920, 0x000001c4606c50c0]
Event: 9.577 Thread 0x000001c46c270870 6951       4       jdk.internal.jimage.ImageReader$SharedImageReader$$Lambda/0x000001c4013c9458::visit (13 bytes)
Event: 9.580 Thread 0x000001c46cdc4b10 nmethod 6943 0x000001c4606c5690 code [0x000001c4606c58e0, 0x000001c4606c65f0]
Event: 9.580 Thread 0x000001c46cdc4b10 6956       4       jdk.internal.jimage.ImageReader$SharedImageReader::lambda$handleModulesSubTree$1 (58 bytes)
Event: 9.596 Thread 0x000001c46c270870 nmethod 6951 0x000001c4606c6f90 code [0x000001c4606c72c0, 0x000001c4606c8880]
Event: 9.596 Thread 0x000001c46c270870 6952       4       org.eclipse.jdt.internal.compiler.util.JrtFileSystem$2::visitFile (72 bytes)
Event: 9.599 Thread 0x000001c46cdc4b10 nmethod 6956 0x000001c4606c9a90 code [0x000001c4606c9dc0, 0x000001c4606cb3c0]
Event: 9.600 Thread 0x000001c46cdc4b10 6953       4       org.eclipse.jdt.internal.compiler.util.JrtFileSystem$2::visitFile (10 bytes)
Event: 9.702 Thread 0x000001c46c279ba0 6959       3       org.eclipse.jdt.core.compiler.CharOperation::fragmentEquals (89 bytes)
Event: 9.702 Thread 0x000001c46c279ba0 nmethod 6959 0x000001c458921510 code [0x000001c458921700, 0x000001c458921c10]
Event: 9.741 Thread 0x000001c46c279ba0 6960       3       org.eclipse.jdt.core.Signature::checkName (102 bytes)
Event: 9.742 Thread 0x000001c46c279ba0 nmethod 6960 0x000001c4589d0510 code [0x000001c4589d0700, 0x000001c4589d0be0]

GC Heap History (20 events):
Event: 9.468 GC heap after
{Heap after GC invocations=39 (full 3):
 PSYoungGen      total 18432K, used 3500K [0x00000000eab00000, 0x00000000ec180000, 0x0000000100000000)
  eden space 14848K, 0% used [0x00000000eab00000,0x00000000eab00000,0x00000000eb980000)
  from space 3584K, 97% used [0x00000000eba80000,0x00000000ebdeb288,0x00000000ebe00000)
  to   space 3584K, 0% used [0x00000000ebe00000,0x00000000ebe00000,0x00000000ec180000)
 ParOldGen       total 91648K, used 72938K [0x00000000c0000000, 0x00000000c5980000, 0x00000000eab00000)
  object space 91648K, 79% used [0x00000000c0000000,0x00000000c473a920,0x00000000c5980000)
 Metaspace       used 44349K, committed 45504K, reserved 1114112K
  class space    used 4542K, committed 5056K, reserved 1048576K
}
Event: 9.502 GC heap before
{Heap before GC invocations=40 (full 3):
 PSYoungGen      total 18432K, used 18348K [0x00000000eab00000, 0x00000000ec180000, 0x0000000100000000)
  eden space 14848K, 100% used [0x00000000eab00000,0x00000000eb980000,0x00000000eb980000)
  from space 3584K, 97% used [0x00000000eba80000,0x00000000ebdeb288,0x00000000ebe00000)
  to   space 3584K, 0% used [0x00000000ebe00000,0x00000000ebe00000,0x00000000ec180000)
 ParOldGen       total 91648K, used 72938K [0x00000000c0000000, 0x00000000c5980000, 0x00000000eab00000)
  object space 91648K, 79% used [0x00000000c0000000,0x00000000c473a920,0x00000000c5980000)
 Metaspace       used 44349K, committed 45504K, reserved 1114112K
  class space    used 4542K, committed 5056K, reserved 1048576K
}
Event: 9.504 GC heap after
{Heap after GC invocations=40 (full 3):
 PSYoungGen      total 15360K, used 3580K [0x00000000eab00000, 0x00000000ec880000, 0x0000000100000000)
  eden space 11776K, 0% used [0x00000000eab00000,0x00000000eab00000,0x00000000eb680000)
  from space 3584K, 99% used [0x00000000ebe00000,0x00000000ec17f190,0x00000000ec180000)
  to   space 7680K, 0% used [0x00000000eb680000,0x00000000eb680000,0x00000000ebe00000)
 ParOldGen       total 91648K, used 76130K [0x00000000c0000000, 0x00000000c5980000, 0x00000000eab00000)
  object space 91648K, 83% used [0x00000000c0000000,0x00000000c4a589a8,0x00000000c5980000)
 Metaspace       used 44349K, committed 45504K, reserved 1114112K
  class space    used 4542K, committed 5056K, reserved 1048576K
}
Event: 9.524 GC heap before
{Heap before GC invocations=41 (full 3):
 PSYoungGen      total 15360K, used 15356K [0x00000000eab00000, 0x00000000ec880000, 0x0000000100000000)
  eden space 11776K, 100% used [0x00000000eab00000,0x00000000eb680000,0x00000000eb680000)
  from space 3584K, 99% used [0x00000000ebe00000,0x00000000ec17f190,0x00000000ec180000)
  to   space 7680K, 0% used [0x00000000eb680000,0x00000000eb680000,0x00000000ebe00000)
 ParOldGen       total 91648K, used 76130K [0x00000000c0000000, 0x00000000c5980000, 0x00000000eab00000)
  object space 91648K, 83% used [0x00000000c0000000,0x00000000c4a589a8,0x00000000c5980000)
 Metaspace       used 44349K, committed 45504K, reserved 1114112K
  class space    used 4542K, committed 5056K, reserved 1048576K
}
Event: 9.526 GC heap after
{Heap after GC invocations=41 (full 3):
 PSYoungGen      total 14336K, used 2541K [0x00000000eab00000, 0x00000000ebe80000, 0x0000000100000000)
  eden space 11776K, 0% used [0x00000000eab00000,0x00000000eab00000,0x00000000eb680000)
  from space 2560K, 99% used [0x00000000eb680000,0x00000000eb8fb788,0x00000000eb900000)
  to   space 4096K, 0% used [0x00000000eba80000,0x00000000eba80000,0x00000000ebe80000)
 ParOldGen       total 91648K, used 79685K [0x00000000c0000000, 0x00000000c5980000, 0x00000000eab00000)
  object space 91648K, 86% used [0x00000000c0000000,0x00000000c4dd1478,0x00000000c5980000)
 Metaspace       used 44349K, committed 45504K, reserved 1114112K
  class space    used 4542K, committed 5056K, reserved 1048576K
}
Event: 9.546 GC heap before
{Heap before GC invocations=42 (full 3):
 PSYoungGen      total 14336K, used 14317K [0x00000000eab00000, 0x00000000ebe80000, 0x0000000100000000)
  eden space 11776K, 100% used [0x00000000eab00000,0x00000000eb680000,0x00000000eb680000)
  from space 2560K, 99% used [0x00000000eb680000,0x00000000eb8fb788,0x00000000eb900000)
  to   space 4096K, 0% used [0x00000000eba80000,0x00000000eba80000,0x00000000ebe80000)
 ParOldGen       total 91648K, used 79685K [0x00000000c0000000, 0x00000000c5980000, 0x00000000eab00000)
  object space 91648K, 86% used [0x00000000c0000000,0x00000000c4dd1478,0x00000000c5980000)
 Metaspace       used 44349K, committed 45504K, reserved 1114112K
  class space    used 4542K, committed 5056K, reserved 1048576K
}
Event: 9.548 GC heap after
{Heap after GC invocations=42 (full 3):
 PSYoungGen      total 14848K, used 2801K [0x00000000eab00000, 0x00000000ebd80000, 0x0000000100000000)
  eden space 11776K, 0% used [0x00000000eab00000,0x00000000eab00000,0x00000000eb680000)
  from space 3072K, 91% used [0x00000000eba80000,0x00000000ebd3c610,0x00000000ebd80000)
  to   space 3072K, 0% used [0x00000000eb780000,0x00000000eb780000,0x00000000eba80000)
 ParOldGen       total 91648K, used 82044K [0x00000000c0000000, 0x00000000c5980000, 0x00000000eab00000)
  object space 91648K, 89% used [0x00000000c0000000,0x00000000c501f008,0x00000000c5980000)
 Metaspace       used 44349K, committed 45504K, reserved 1114112K
  class space    used 4542K, committed 5056K, reserved 1048576K
}
Event: 9.570 GC heap before
{Heap before GC invocations=43 (full 3):
 PSYoungGen      total 14848K, used 14577K [0x00000000eab00000, 0x00000000ebd80000, 0x0000000100000000)
  eden space 11776K, 100% used [0x00000000eab00000,0x00000000eb680000,0x00000000eb680000)
  from space 3072K, 91% used [0x00000000eba80000,0x00000000ebd3c610,0x00000000ebd80000)
  to   space 3072K, 0% used [0x00000000eb780000,0x00000000eb780000,0x00000000eba80000)
 ParOldGen       total 91648K, used 82044K [0x00000000c0000000, 0x00000000c5980000, 0x00000000eab00000)
  object space 91648K, 89% used [0x00000000c0000000,0x00000000c501f008,0x00000000c5980000)
 Metaspace       used 44349K, committed 45504K, reserved 1114112K
  class space    used 4542K, committed 5056K, reserved 1048576K
}
Event: 9.571 GC heap after
{Heap after GC invocations=43 (full 3):
 PSYoungGen      total 14848K, used 2818K [0x00000000eab00000, 0x00000000ebc80000, 0x0000000100000000)
  eden space 11776K, 0% used [0x00000000eab00000,0x00000000eab00000,0x00000000eb680000)
  from space 3072K, 91% used [0x00000000eb780000,0x00000000eba408b8,0x00000000eba80000)
  to   space 2048K, 0% used [0x00000000eba80000,0x00000000eba80000,0x00000000ebc80000)
 ParOldGen       total 91648K, used 84666K [0x00000000c0000000, 0x00000000c5980000, 0x00000000eab00000)
  object space 91648K, 92% used [0x00000000c0000000,0x00000000c52aea88,0x00000000c5980000)
 Metaspace       used 44349K, committed 45504K, reserved 1114112K
  class space    used 4542K, committed 5056K, reserved 1048576K
}
Event: 9.602 GC heap before
{Heap before GC invocations=44 (full 3):
 PSYoungGen      total 14848K, used 14594K [0x00000000eab00000, 0x00000000ebc80000, 0x0000000100000000)
  eden space 11776K, 100% used [0x00000000eab00000,0x00000000eb680000,0x00000000eb680000)
  from space 3072K, 91% used [0x00000000eb780000,0x00000000eba408b8,0x00000000eba80000)
  to   space 2048K, 0% used [0x00000000eba80000,0x00000000eba80000,0x00000000ebc80000)
 ParOldGen       total 91648K, used 84666K [0x00000000c0000000, 0x00000000c5980000, 0x00000000eab00000)
  object space 91648K, 92% used [0x00000000c0000000,0x00000000c52aea88,0x00000000c5980000)
 Metaspace       used 44349K, committed 45504K, reserved 1114112K
  class space    used 4542K, committed 5056K, reserved 1048576K
}
Event: 9.603 GC heap after
{Heap after GC invocations=44 (full 3):
 PSYoungGen      total 11776K, used 2027K [0x00000000eab00000, 0x00000000ec280000, 0x0000000100000000)
  eden space 9728K, 0% used [0x00000000eab00000,0x00000000eab00000,0x00000000eb480000)
  from space 2048K, 98% used [0x00000000eba80000,0x00000000ebc7ad90,0x00000000ebc80000)
  to   space 6144K, 0% used [0x00000000eb480000,0x00000000eb480000,0x00000000eba80000)
 ParOldGen       total 91648K, used 87960K [0x00000000c0000000, 0x00000000c5980000, 0x00000000eab00000)
  object space 91648K, 95% used [0x00000000c0000000,0x00000000c55e6268,0x00000000c5980000)
 Metaspace       used 44349K, committed 45504K, reserved 1114112K
  class space    used 4542K, committed 5056K, reserved 1048576K
}
Event: 9.653 GC heap before
{Heap before GC invocations=45 (full 3):
 PSYoungGen      total 11776K, used 11755K [0x00000000eab00000, 0x00000000ec280000, 0x0000000100000000)
  eden space 9728K, 100% used [0x00000000eab00000,0x00000000eb480000,0x00000000eb480000)
  from space 2048K, 98% used [0x00000000eba80000,0x00000000ebc7ad90,0x00000000ebc80000)
  to   space 6144K, 0% used [0x00000000eb480000,0x00000000eb480000,0x00000000eba80000)
 ParOldGen       total 91648K, used 87960K [0x00000000c0000000, 0x00000000c5980000, 0x00000000eab00000)
  object space 91648K, 95% used [0x00000000c0000000,0x00000000c55e6268,0x00000000c5980000)
 Metaspace       used 44349K, committed 45504K, reserved 1114112K
  class space    used 4542K, committed 5056K, reserved 1048576K
}
Event: 9.655 GC heap after
{Heap after GC invocations=45 (full 3):
 PSYoungGen      total 12288K, used 2464K [0x00000000eab00000, 0x00000000ebb80000, 0x0000000100000000)
  eden space 9728K, 0% used [0x00000000eab00000,0x00000000eab00000,0x00000000eb480000)
  from space 2560K, 96% used [0x00000000eb480000,0x00000000eb6e8290,0x00000000eb700000)
  to   space 3584K, 0% used [0x00000000eb800000,0x00000000eb800000,0x00000000ebb80000)
 ParOldGen       total 91648K, used 89955K [0x00000000c0000000, 0x00000000c5980000, 0x00000000eab00000)
  object space 91648K, 98% used [0x00000000c0000000,0x00000000c57d8c00,0x00000000c5980000)
 Metaspace       used 44349K, committed 45504K, reserved 1114112K
  class space    used 4542K, committed 5056K, reserved 1048576K
}
Event: 9.655 GC heap before
{Heap before GC invocations=46 (full 4):
 PSYoungGen      total 12288K, used 2464K [0x00000000eab00000, 0x00000000ebb80000, 0x0000000100000000)
  eden space 9728K, 0% used [0x00000000eab00000,0x00000000eab00000,0x00000000eb480000)
  from space 2560K, 96% used [0x00000000eb480000,0x00000000eb6e8290,0x00000000eb700000)
  to   space 3584K, 0% used [0x00000000eb800000,0x00000000eb800000,0x00000000ebb80000)
 ParOldGen       total 91648K, used 89955K [0x00000000c0000000, 0x00000000c5980000, 0x00000000eab00000)
  object space 91648K, 98% used [0x00000000c0000000,0x00000000c57d8c00,0x00000000c5980000)
 Metaspace       used 44349K, committed 45504K, reserved 1114112K
  class space    used 4542K, committed 5056K, reserved 1048576K
}
Event: 9.690 GC heap after
{Heap after GC invocations=46 (full 4):
 PSYoungGen      total 13312K, used 0K [0x00000000eab00000, 0x00000000ebb80000, 0x0000000100000000)
  eden space 9728K, 0% used [0x00000000eab00000,0x00000000eab00000,0x00000000eb480000)
  from space 3584K, 0% used [0x00000000eb800000,0x00000000eb800000,0x00000000ebb80000)
  to   space 3584K, 0% used [0x00000000eb480000,0x00000000eb480000,0x00000000eb800000)
 ParOldGen       total 116736K, used 89319K [0x00000000c0000000, 0x00000000c7200000, 0x00000000eab00000)
  object space 116736K, 76% used [0x00000000c0000000,0x00000000c5739d50,0x00000000c7200000)
 Metaspace       used 44349K, committed 45504K, reserved 1114112K
  class space    used 4542K, committed 5056K, reserved 1048576K
}
Event: 9.734 GC heap before
{Heap before GC invocations=47 (full 4):
 PSYoungGen      total 13312K, used 9728K [0x00000000eab00000, 0x00000000ebb80000, 0x0000000100000000)
  eden space 9728K, 100% used [0x00000000eab00000,0x00000000eb480000,0x00000000eb480000)
  from space 3584K, 0% used [0x00000000eb800000,0x00000000eb800000,0x00000000ebb80000)
  to   space 3584K, 0% used [0x00000000eb480000,0x00000000eb480000,0x00000000eb800000)
 ParOldGen       total 116736K, used 89319K [0x00000000c0000000, 0x00000000c7200000, 0x00000000eab00000)
  object space 116736K, 76% used [0x00000000c0000000,0x00000000c5739d50,0x00000000c7200000)
 Metaspace       used 44350K, committed 45504K, reserved 1114112K
  class space    used 4542K, committed 5056K, reserved 1048576K
}
Event: 9.737 GC heap after
{Heap after GC invocations=47 (full 4):
 PSYoungGen      total 13312K, used 3582K [0x00000000eab00000, 0x00000000ebc80000, 0x0000000100000000)
  eden space 9728K, 0% used [0x00000000eab00000,0x00000000eab00000,0x00000000eb480000)
  from space 3584K, 99% used [0x00000000eb480000,0x00000000eb7ff918,0x00000000eb800000)
  to   space 4096K, 0% used [0x00000000eb880000,0x00000000eb880000,0x00000000ebc80000)
 ParOldGen       total 116736K, used 89520K [0x00000000c0000000, 0x00000000c7200000, 0x00000000eab00000)
  object space 116736K, 76% used [0x00000000c0000000,0x00000000c576c300,0x00000000c7200000)
 Metaspace       used 44350K, committed 45504K, reserved 1114112K
  class space    used 4542K, committed 5056K, reserved 1048576K
}
Event: 9.758 GC heap before
{Heap before GC invocations=48 (full 4):
 PSYoungGen      total 13312K, used 13310K [0x00000000eab00000, 0x00000000ebc80000, 0x0000000100000000)
  eden space 9728K, 100% used [0x00000000eab00000,0x00000000eb480000,0x00000000eb480000)
  from space 3584K, 99% used [0x00000000eb480000,0x00000000eb7ff918,0x00000000eb800000)
  to   space 4096K, 0% used [0x00000000eb880000,0x00000000eb880000,0x00000000ebc80000)
 ParOldGen       total 116736K, used 89520K [0x00000000c0000000, 0x00000000c7200000, 0x00000000eab00000)
  object space 116736K, 76% used [0x00000000c0000000,0x00000000c576c300,0x00000000c7200000)
 Metaspace       used 44350K, committed 45504K, reserved 1114112K
  class space    used 4542K, committed 5056K, reserved 1048576K
}
Event: 9.761 GC heap after
{Heap after GC invocations=48 (full 4):
 PSYoungGen      total 12288K, used 2239K [0x00000000eab00000, 0x00000000ebb00000, 0x0000000100000000)
  eden space 9728K, 0% used [0x00000000eab00000,0x00000000eab00000,0x00000000eb480000)
  from space 2560K, 87% used [0x00000000eb880000,0x00000000ebaaff00,0x00000000ebb00000)
  to   space 3072K, 0% used [0x00000000eb500000,0x00000000eb500000,0x00000000eb800000)
 ParOldGen       total 116736K, used 93046K [0x00000000c0000000, 0x00000000c7200000, 0x00000000eab00000)
  object space 116736K, 79% used [0x00000000c0000000,0x00000000c5add8e0,0x00000000c7200000)
 Metaspace       used 44350K, committed 45504K, reserved 1114112K
  class space    used 4542K, committed 5056K, reserved 1048576K
}
Event: 9.780 GC heap before
{Heap before GC invocations=49 (full 4):
 PSYoungGen      total 12288K, used 11967K [0x00000000eab00000, 0x00000000ebb00000, 0x0000000100000000)
  eden space 9728K, 100% used [0x00000000eab00000,0x00000000eb480000,0x00000000eb480000)
  from space 2560K, 87% used [0x00000000eb880000,0x00000000ebaaff00,0x00000000ebb00000)
  to   space 3072K, 0% used [0x00000000eb500000,0x00000000eb500000,0x00000000eb800000)
 ParOldGen       total 116736K, used 93046K [0x00000000c0000000, 0x00000000c7200000, 0x00000000eab00000)
  object space 116736K, 79% used [0x00000000c0000000,0x00000000c5add8e0,0x00000000c7200000)
 Metaspace       used 44350K, committed 45504K, reserved 1114112K
  class space    used 4542K, committed 5056K, reserved 1048576K
}

Dll operation events (11 events):
Event: 0.010 Loaded shared library C:\Program Files\Java\jdk-21\bin\java.dll
Event: 0.038 Loaded shared library C:\Program Files\Java\jdk-21\bin\jsvml.dll
Event: 0.066 Loaded shared library C:\Program Files\Java\jdk-21\bin\zip.dll
Event: 0.068 Loaded shared library C:\Program Files\Java\jdk-21\bin\instrument.dll
Event: 0.070 Loaded shared library C:\Program Files\Java\jdk-21\bin\net.dll
Event: 0.072 Loaded shared library C:\Program Files\Java\jdk-21\bin\nio.dll
Event: 0.074 Loaded shared library C:\Program Files\Java\jdk-21\bin\zip.dll
Event: 0.084 Loaded shared library C:\Program Files\Java\jdk-21\bin\jimage.dll
Event: 0.130 Loaded shared library C:\Program Files\Java\jdk-21\bin\verify.dll
Event: 2.965 Loaded shared library C:\Users\oak pumirut\AppData\Roaming\Code\User\globalStorage\redhat.java\1.38.0\config_win\org.eclipse.equinox.launcher\org.eclipse.equinox.launcher.win32.win32.x86_64_1.2.1100.v20240722-2106\eclipse_11904.dll
Event: 4.006 Loaded shared library C:\Users\oak pumirut\AppData\Local\Temp\jna-105890889\jna5161088324536666201.dll

Deoptimization events (20 events):
Event: 9.458 Thread 0x000001c4715d7b60 DEOPT PACKING pc=0x000001c45922f8e5 sp=0x000000858c6fe720
Event: 9.458 Thread 0x000001c4715d7b60 DEOPT UNPACKING pc=0x000001c45fe44242 sp=0x000000858c6fdca8 mode 0
Event: 9.472 Thread 0x000001c4715d7b60 DEOPT PACKING pc=0x000001c45922f8e5 sp=0x000000858c6fe720
Event: 9.472 Thread 0x000001c4715d7b60 DEOPT UNPACKING pc=0x000001c45fe44242 sp=0x000000858c6fdca8 mode 0
Event: 9.478 Thread 0x000001c4715d7b60 DEOPT PACKING pc=0x000001c45922f8e5 sp=0x000000858c6fe720
Event: 9.478 Thread 0x000001c4715d7b60 DEOPT UNPACKING pc=0x000001c45fe44242 sp=0x000000858c6fdca8 mode 0
Event: 9.482 Thread 0x000001c4715d7b60 DEOPT PACKING pc=0x000001c45922f8e5 sp=0x000000858c6fe720
Event: 9.482 Thread 0x000001c4715d7b60 DEOPT UNPACKING pc=0x000001c45fe44242 sp=0x000000858c6fdca8 mode 0
Event: 9.486 Thread 0x000001c4715d7b60 DEOPT PACKING pc=0x000001c45922f8e5 sp=0x000000858c6fe720
Event: 9.486 Thread 0x000001c4715d7b60 DEOPT UNPACKING pc=0x000001c45fe44242 sp=0x000000858c6fdca8 mode 0
Event: 9.491 Thread 0x000001c4715d7b60 DEOPT PACKING pc=0x000001c4592212f0 sp=0x000000858c6fe8a0
Event: 9.491 Thread 0x000001c4715d7b60 DEOPT UNPACKING pc=0x000001c45fe44242 sp=0x000000858c6fdd10 mode 0
Event: 9.493 Thread 0x000001c4715d7b60 Uncommon trap: trap_request=0xffffff45 fr.pc=0x000001c46063ad80 relative=0x0000000000002400
Event: 9.493 Thread 0x000001c4715d7b60 Uncommon trap: reason=unstable_if action=reinterpret pc=0x000001c46063ad80 method=org.eclipse.jdt.internal.compiler.classfmt.MethodInfo.decodeLocalVariableAttribute(II)V @ 14 c2
Event: 9.493 Thread 0x000001c4715d7b60 DEOPT PACKING pc=0x000001c46063ad80 sp=0x000000858c6fe780
Event: 9.493 Thread 0x000001c4715d7b60 DEOPT UNPACKING pc=0x000001c45fe43aa2 sp=0x000000858c6fe6c0 mode 2
Event: 9.495 Thread 0x000001c4715d7b60 DEOPT PACKING pc=0x000001c4594063d7 sp=0x000000858c6fe5e0
Event: 9.495 Thread 0x000001c4715d7b60 DEOPT UNPACKING pc=0x000001c45fe44242 sp=0x000000858c6fda48 mode 0
Event: 9.495 Thread 0x000001c4715d7b60 DEOPT PACKING pc=0x000001c459406d96 sp=0x000000858c6fe550
Event: 9.495 Thread 0x000001c4715d7b60 DEOPT UNPACKING pc=0x000001c45fe44242 sp=0x000000858c6fda28 mode 0

Classes loaded (20 events):
Event: 8.906 Loading class java/lang/ProcessEnvironment$CheckedKeySet
Event: 8.907 Loading class java/lang/ProcessEnvironment$CheckedKeySet done
Event: 9.068 Loading class java/util/regex/Pattern$Pos
Event: 9.068 Loading class java/util/regex/Pattern$Pos done
Event: 9.089 Loading class sun/security/provider/MD5
Event: 9.090 Loading class sun/security/provider/MD5 done
Event: 9.090 Loading class sun/security/provider/ByteArrayAccess$LE
Event: 9.090 Loading class sun/security/provider/ByteArrayAccess$LE done
Event: 9.096 Loading class java/util/stream/MatchOps$MatchKind
Event: 9.096 Loading class java/util/stream/MatchOps$MatchKind done
Event: 9.096 Loading class java/util/stream/MatchOps
Event: 9.096 Loading class java/util/stream/MatchOps done
Event: 9.096 Loading class java/util/stream/MatchOps$MatchOp
Event: 9.096 Loading class java/util/stream/MatchOps$MatchOp done
Event: 9.096 Loading class java/util/stream/MatchOps$BooleanTerminalSink
Event: 9.096 Loading class java/util/stream/MatchOps$BooleanTerminalSink done
Event: 9.097 Loading class java/util/stream/MatchOps$1MatchSink
Event: 9.097 Loading class java/util/stream/MatchOps$1MatchSink done
Event: 9.110 Loading class java/util/Hashtable$KeySet
Event: 9.110 Loading class java/util/Hashtable$KeySet done

Classes unloaded (20 events):
Event: 9.264 Thread 0x000001c46a1030c0 Unloading class 0x000001c40145d508 'org/apache/maven/lifecycle/mapping/DefaultLifecycleMapping$__sisu3'
Event: 9.264 Thread 0x000001c46a1030c0 Unloading class 0x000001c40145d2c8 'org/apache/maven/lifecycle/mapping/DefaultLifecycleMapping$__sisu5'
Event: 9.264 Thread 0x000001c46a1030c0 Unloading class 0x000001c40145d0a8 'org/apache/maven/lifecycle/Lifecycle$__sisu8'
Event: 9.264 Thread 0x000001c46a1030c0 Unloading class 0x000001c40145ce68 'org/apache/maven/lifecycle/mapping/DefaultLifecycleMapping$__sisu2'
Event: 9.264 Thread 0x000001c46a1030c0 Unloading class 0x000001c40145cbc0 'org/apache/maven/artifact/handler/DefaultArtifactHandler$__sisu15'
Event: 9.264 Thread 0x000001c46a1030c0 Unloading class 0x000001c40145c918 'org/apache/maven/artifact/handler/DefaultArtifactHandler$__sisu17'
Event: 9.264 Thread 0x000001c46a1030c0 Unloading class 0x000001c40145c670 'org/apache/maven/artifact/handler/DefaultArtifactHandler$__sisu10'
Event: 9.264 Thread 0x000001c46a1030c0 Unloading class 0x000001c40145c000 'org/apache/maven/wagon/providers/http/HttpWagon$__sisu20'
Event: 9.264 Thread 0x000001c46a1030c0 Unloading class 0x000001c401441c78 'org/apache/maven/artifact/handler/DefaultArtifactHandler$__sisu14'
Event: 9.264 Thread 0x000001c46a1030c0 Unloading class 0x000001c4014419d0 'org/apache/maven/artifact/handler/DefaultArtifactHandler$__sisu9'
Event: 9.264 Thread 0x000001c46a1030c0 Unloading class 0x000001c401441790 'org/apache/maven/lifecycle/mapping/DefaultLifecycleMapping$__sisu4'
Event: 9.264 Thread 0x000001c46a1030c0 Unloading class 0x000001c4014414e8 'org/apache/maven/artifact/handler/DefaultArtifactHandler$__sisu18'
Event: 9.264 Thread 0x000001c46a1030c0 Unloading class 0x000001c401441240 'org/apache/maven/artifact/handler/DefaultArtifactHandler$__sisu12'
Event: 9.264 Thread 0x000001c46a1030c0 Unloading class 0x000001c401441000 'org/apache/maven/lifecycle/mapping/DefaultLifecycleMapping$__sisu6'
Event: 9.264 Thread 0x000001c46a1030c0 Unloading class 0x000001c4014404e8 'org/apache/maven/artifact/handler/DefaultArtifactHandler$__sisu19'
Event: 9.264 Thread 0x000001c46a1030c0 Unloading class 0x000001c401440240 'org/apache/maven/artifact/handler/DefaultArtifactHandler$__sisu11'
Event: 9.264 Thread 0x000001c46a1030c0 Unloading class 0x000001c401440000 'org/apache/maven/lifecycle/mapping/DefaultLifecycleMapping$__sisu1'
Event: 9.264 Thread 0x000001c46a1030c0 Unloading class 0x000001c4014344c8 'org/apache/maven/artifact/handler/DefaultArtifactHandler$__sisu16'
Event: 9.264 Thread 0x000001c46a1030c0 Unloading class 0x000001c4014342a8 'org/apache/maven/lifecycle/Lifecycle$__sisu7'
Event: 9.264 Thread 0x000001c46a1030c0 Unloading class 0x000001c401434000 'org/apache/maven/artifact/handler/DefaultArtifactHandler$__sisu13'

Classes redefined (0 events):
No events

Internal exceptions (20 events):
Event: 8.236 Thread 0x000001c4715d7b60 Exception <a 'java/lang/NoSuchMethodError'{0x00000000ec0059c8}: 'java.lang.Object java.lang.invoke.DirectMethodHandle$Holder.newInvokeSpecial(java.lang.Object, java.lang.Object, java.lang.Object, int)'> (0x00000000ec0059c8) 
thrown [s\open\src\hotspot\share\interpreter\linkResolver.cpp, line 773]
Event: 8.236 Thread 0x000001c4715d7b60 Exception <a 'java/lang/NoSuchMethodError'{0x00000000ec01fb10}: 'java.lang.Object java.lang.invoke.DirectMethodHandle$Holder.invokeSpecial(java.lang.Object, java.lang.Object, java.lang.Object, java.lang.Object, int)'> (0x00000000ec01fb10) 
thrown [s\open\src\hotspot\share\interpreter\linkResolver.cpp, line 773]
Event: 8.237 Thread 0x000001c4715d7b60 Exception <a 'java/lang/NoSuchMethodError'{0x00000000ec022fa8}: 'java.lang.Object java.lang.invoke.Invokers$Holder.linkToTargetMethod(java.lang.Object, java.lang.Object, int, java.lang.Object)'> (0x00000000ec022fa8) 
thrown [s\open\src\hotspot\share\interpreter\linkResolver.cpp, line 773]
Event: 8.239 Thread 0x000001c4715d7b60 Exception <a 'java/lang/NoSuchMethodError'{0x00000000ec0677b0}: 'void java.lang.invoke.DirectMethodHandle$Holder.invokeStaticInit(java.lang.Object, java.lang.Object, java.lang.Object)'> (0x00000000ec0677b0) 
thrown [s\open\src\hotspot\share\interpreter\linkResolver.cpp, line 773]
Event: 8.425 Thread 0x000001c4715d6120 Exception <a 'java/io/FileNotFoundException'{0x00000000eb816488}> (0x00000000eb816488) 
thrown [s\open\src\hotspot\share\prims\jni.cpp, line 520]
Event: 8.425 Thread 0x000001c4715d6120 Exception <a 'java/io/FileNotFoundException'{0x00000000eb8174c0}> (0x00000000eb8174c0) 
thrown [s\open\src\hotspot\share\prims\jni.cpp, line 520]
Event: 8.426 Thread 0x000001c4715d6120 Exception <a 'java/io/FileNotFoundException'{0x00000000eb818248}> (0x00000000eb818248) 
thrown [s\open\src\hotspot\share\prims\jni.cpp, line 520]
Event: 8.521 Thread 0x000001c4715d7b60 Implicit null exception at 0x000001c460426eda to 0x000001c460426fd8
Event: 8.616 Thread 0x000001c4715d8880 Exception <a 'java/lang/ExceptionInInitializerError'{0x00000000eb252258}> (0x00000000eb252258) 
thrown [s\open\src\hotspot\share\oops\instanceKlass.cpp, line 1192]
Event: 8.640 Thread 0x000001c4715d8880 Implicit null exception at 0x000001c4604dee7e to 0x000001c4604df0f0
Event: 8.640 Thread 0x000001c4715d8880 Implicit null exception at 0x000001c46043a9fc to 0x000001c46043b858
Event: 8.642 Thread 0x000001c4715d8880 Exception <a 'java/lang/NoSuchMethodError'{0x00000000eba6dd48}: 'java.lang.Object java.lang.invoke.Invokers$Holder.invokeExact_MT(java.lang.Object, int, java.lang.Object)'> (0x00000000eba6dd48) 
thrown [s\open\src\hotspot\share\interpreter\linkResolver.cpp, line 773]
Event: 8.892 Thread 0x000001c4715d8880 Exception <a 'java/lang/NoClassDefFoundError'{0x00000000eb84c7e8}: com/google/inject/servlet/ServletModuleTargetVisitor> (0x00000000eb84c7e8) 
thrown [s\open\src\hotspot\share\classfile\systemDictionary.cpp, line 301]
Event: 9.090 Thread 0x000001c4715d6e40 Exception <a 'java/lang/NoSuchMethodError'{0x00000000eba0fa90}: 'void java.lang.invoke.DirectMethodHandle$Holder.invokeInterface(java.lang.Object, java.lang.Object)'> (0x00000000eba0fa90) 
thrown [s\open\src\hotspot\share\interpreter\linkResolver.cpp, line 773]
Event: 9.104 Thread 0x000001c4715d6e40 Exception <a 'sun/nio/fs/WindowsException'{0x00000000eade48b0}> (0x00000000eade48b0) 
thrown [s\open\src\hotspot\share\prims\jni.cpp, line 520]
Event: 9.104 Thread 0x000001c4715d6e40 Exception <a 'sun/nio/fs/WindowsException'{0x00000000eade5170}> (0x00000000eade5170) 
thrown [s\open\src\hotspot\share\prims\jni.cpp, line 520]
Event: 9.104 Thread 0x000001c4715d6e40 Exception <a 'sun/nio/fs/WindowsException'{0x00000000eade5db0}> (0x00000000eade5db0) 
thrown [s\open\src\hotspot\share\prims\jni.cpp, line 520]
Event: 9.104 Thread 0x000001c4715d6e40 Exception <a 'sun/nio/fs/WindowsException'{0x00000000eae313e8}> (0x00000000eae313e8) 
thrown [s\open\src\hotspot\share\prims\jni.cpp, line 520]
Event: 9.104 Thread 0x000001c4715d6e40 Exception <a 'sun/nio/fs/WindowsException'{0x00000000eae31d88}> (0x00000000eae31d88) 
thrown [s\open\src\hotspot\share\prims\jni.cpp, line 520]
Event: 9.104 Thread 0x000001c4715d6e40 Exception <a 'sun/nio/fs/WindowsException'{0x00000000eae323b8}> (0x00000000eae323b8) 
thrown [s\open\src\hotspot\share\prims\jni.cpp, line 520]

ZGC Phase Switch (0 events):
No events

VM Operations (20 events):
Event: 9.426 Executing VM operation: ParallelGCFailedAllocation (Allocation Failure) done
Event: 9.465 Executing VM operation: ParallelGCFailedAllocation (Allocation Failure)
Event: 9.468 Executing VM operation: ParallelGCFailedAllocation (Allocation Failure) done
Event: 9.502 Executing VM operation: ParallelGCFailedAllocation (Allocation Failure)
Event: 9.504 Executing VM operation: ParallelGCFailedAllocation (Allocation Failure) done
Event: 9.524 Executing VM operation: ParallelGCFailedAllocation (Allocation Failure)
Event: 9.526 Executing VM operation: ParallelGCFailedAllocation (Allocation Failure) done
Event: 9.546 Executing VM operation: ParallelGCFailedAllocation (Allocation Failure)
Event: 9.548 Executing VM operation: ParallelGCFailedAllocation (Allocation Failure) done
Event: 9.570 Executing VM operation: ParallelGCFailedAllocation (Allocation Failure)
Event: 9.571 Executing VM operation: ParallelGCFailedAllocation (Allocation Failure) done
Event: 9.602 Executing VM operation: ParallelGCFailedAllocation (Allocation Failure)
Event: 9.603 Executing VM operation: ParallelGCFailedAllocation (Allocation Failure) done
Event: 9.653 Executing VM operation: ParallelGCFailedAllocation (Allocation Failure)
Event: 9.690 Executing VM operation: ParallelGCFailedAllocation (Allocation Failure) done
Event: 9.734 Executing VM operation: ParallelGCFailedAllocation (Allocation Failure)
Event: 9.737 Executing VM operation: ParallelGCFailedAllocation (Allocation Failure) done
Event: 9.758 Executing VM operation: ParallelGCFailedAllocation (Allocation Failure)
Event: 9.761 Executing VM operation: ParallelGCFailedAllocation (Allocation Failure) done
Event: 9.780 Executing VM operation: ParallelGCFailedAllocation (Allocation Failure)

Events (20 events):
Event: 9.672 Thread 0x000001c46a1030c0 flushing nmethod 0x000001c459379a10
Event: 9.672 Thread 0x000001c46a1030c0 flushing nmethod 0x000001c45937bf90
Event: 9.672 Thread 0x000001c46a1030c0 flushing nmethod 0x000001c45937d010
Event: 9.672 Thread 0x000001c46a1030c0 flushing nmethod 0x000001c45937dc90
Event: 9.672 Thread 0x000001c46a1030c0 flushing nmethod 0x000001c45937e990
Event: 9.672 Thread 0x000001c46a1030c0 flushing nmethod 0x000001c459383990
Event: 9.672 Thread 0x000001c46a1030c0 flushing nmethod 0x000001c4593b5590
Event: 9.672 Thread 0x000001c46a1030c0 flushing nmethod 0x000001c4593fa290
Event: 9.672 Thread 0x000001c46a1030c0 flushing nmethod 0x000001c45940e510
Event: 9.672 Thread 0x000001c46a1030c0 flushing nmethod 0x000001c45940e990
Event: 9.672 Thread 0x000001c46a1030c0 flushing nmethod 0x000001c459410290
Event: 9.672 Thread 0x000001c46a1030c0 flushing nmethod 0x000001c459411890
Event: 9.672 Thread 0x000001c46a1030c0 flushing nmethod 0x000001c459416190
Event: 9.672 Thread 0x000001c46a1030c0 flushing nmethod 0x000001c459416510
Event: 9.672 Thread 0x000001c46a1030c0 flushing nmethod 0x000001c45941a790
Event: 9.672 Thread 0x000001c46a1030c0 flushing nmethod 0x000001c45941b190
Event: 9.672 Thread 0x000001c46a1030c0 flushing nmethod 0x000001c45944ce10
Event: 9.672 Thread 0x000001c46a1030c0 flushing nmethod 0x000001c459490610
Event: 9.672 Thread 0x000001c46a1030c0 flushing nmethod 0x000001c459493490
Event: 9.672 Thread 0x000001c46a1030c0 flushing nmethod 0x000001c45949a090


Dynamic libraries:
0x00007ff656cc0000 - 0x00007ff656cd0000 	C:\Program Files\Java\jdk-21\bin\java.exe
0x00007ffa37760000 - 0x00007ffa379c3000 	C:\WINDOWS\SYSTEM32\ntdll.dll
0x00007ffa361d0000 - 0x00007ffa36298000 	C:\WINDOWS\System32\KERNEL32.DLL
0x00007ffa34b30000 - 0x00007ffa34ee2000 	C:\WINDOWS\System32\KERNELBASE.dll
0x00007ffa352f0000 - 0x00007ffa3543b000 	C:\WINDOWS\System32\ucrtbase.dll
0x00007ffa246d0000 - 0x00007ffa246e9000 	C:\Program Files\Java\jdk-21\bin\jli.dll
0x00007ffa26010000 - 0x00007ffa2602b000 	C:\Program Files\Java\jdk-21\bin\VCRUNTIME140.dll
0x00007ffa36030000 - 0x00007ffa360e4000 	C:\WINDOWS\System32\ADVAPI32.dll
0x00007ffa36690000 - 0x00007ffa36739000 	C:\WINDOWS\System32\msvcrt.dll
0x00007ffa359a0000 - 0x00007ffa35a46000 	C:\WINDOWS\System32\sechost.dll
0x00007ffa35800000 - 0x00007ffa35916000 	C:\WINDOWS\System32\RPCRT4.dll
0x00007ffa35e60000 - 0x00007ffa36028000 	C:\WINDOWS\System32\USER32.dll
0x00007ffa12e10000 - 0x00007ffa130a0000 	C:\WINDOWS\WinSxS\amd64_microsoft.windows.common-controls_6595b64144ccf1df_6.0.26100.2454_none_3e0b68a2e331ad60\COMCTL32.dll
0x00007ffa35040000 - 0x00007ffa35067000 	C:\WINDOWS\System32\win32u.dll
0x00007ffa36740000 - 0x00007ffa3676a000 	C:\WINDOWS\System32\GDI32.dll
0x00007ffa35110000 - 0x00007ffa3523b000 	C:\WINDOWS\System32\gdi32full.dll
0x00007ffa35240000 - 0x00007ffa352e3000 	C:\WINDOWS\System32\msvcp_win.dll
0x00007ffa2acc0000 - 0x00007ffa2accb000 	C:\WINDOWS\SYSTEM32\VERSION.dll
0x00007ffa360f0000 - 0x00007ffa3611f000 	C:\WINDOWS\System32\IMM32.DLL
0x00007ffa2d2b0000 - 0x00007ffa2d2bc000 	C:\Program Files\Java\jdk-21\bin\vcruntime140_1.dll
0x00007ffa20cc0000 - 0x00007ffa20d4e000 	C:\Program Files\Java\jdk-21\bin\msvcp140.dll
0x00007ff9b3290000 - 0x00007ff9b3fa8000 	C:\Program Files\Java\jdk-21\bin\server\jvm.dll
0x00007ffa371b0000 - 0x00007ffa37224000 	C:\WINDOWS\System32\WS2_32.dll
0x00007ffa349c0000 - 0x00007ffa34a0e000 	C:\WINDOWS\SYSTEM32\POWRPROF.dll
0x00007ffa2ebe0000 - 0x00007ffa2ec16000 	C:\WINDOWS\SYSTEM32\WINMM.dll
0x00007ffa349a0000 - 0x00007ffa349b4000 	C:\WINDOWS\SYSTEM32\UMPDC.dll
0x00007ffa33970000 - 0x00007ffa3398a000 	C:\WINDOWS\SYSTEM32\kernel.appcore.dll
0x00007ffa2d210000 - 0x00007ffa2d21a000 	C:\Program Files\Java\jdk-21\bin\jimage.dll
0x00007ffa32370000 - 0x00007ffa325b1000 	C:\WINDOWS\SYSTEM32\DBGHELP.DLL
0x00007ffa35a50000 - 0x00007ffa35dce000 	C:\WINDOWS\System32\combase.dll
0x00007ffa355c0000 - 0x00007ffa35696000 	C:\WINDOWS\System32\OLEAUT32.dll
0x00007ffa027e0000 - 0x00007ffa02819000 	C:\WINDOWS\SYSTEM32\dbgcore.DLL
0x00007ffa35070000 - 0x00007ffa35109000 	C:\WINDOWS\System32\bcryptPrimitives.dll
0x00007ffa2cbf0000 - 0x00007ffa2cbff000 	C:\Program Files\Java\jdk-21\bin\instrument.dll
0x00007ffa24620000 - 0x00007ffa2463f000 	C:\Program Files\Java\jdk-21\bin\java.dll
0x00007ffa36870000 - 0x00007ffa36f70000 	C:\WINDOWS\System32\SHELL32.dll
0x00007ffa32860000 - 0x00007ffa33091000 	C:\WINDOWS\SYSTEM32\windows.storage.dll
0x00007ffa35720000 - 0x00007ffa357fa000 	C:\WINDOWS\System32\SHCORE.dll
0x00007ffa376c0000 - 0x00007ffa3771d000 	C:\WINDOWS\System32\shlwapi.dll
0x00007ffa34a40000 - 0x00007ffa34a6e000 	C:\WINDOWS\SYSTEM32\profapi.dll
0x00007ffa1c130000 - 0x00007ffa1c207000 	C:\Program Files\Java\jdk-21\bin\jsvml.dll
0x00007ffa24600000 - 0x00007ffa24618000 	C:\Program Files\Java\jdk-21\bin\zip.dll
0x00007ffa2cb30000 - 0x00007ffa2cb40000 	C:\Program Files\Java\jdk-21\bin\net.dll
0x00007ffa239b0000 - 0x00007ffa23ad6000 	C:\WINDOWS\SYSTEM32\WINHTTP.dll
0x00007ffa33e70000 - 0x00007ffa33ed8000 	C:\WINDOWS\system32\mswsock.dll
0x00007ffa23b20000 - 0x00007ffa23b36000 	C:\Program Files\Java\jdk-21\bin\nio.dll
0x00007ffa23b50000 - 0x00007ffa23b60000 	C:\Program Files\Java\jdk-21\bin\verify.dll
0x00007ffa1dd00000 - 0x00007ffa1dd45000 	C:\Users\oak pumirut\AppData\Roaming\Code\User\globalStorage\redhat.java\1.38.0\config_win\org.eclipse.equinox.launcher\org.eclipse.equinox.launcher.win32.win32.x86_64_1.2.1100.v20240722-2106\eclipse_11904.dll
0x00007ffa36fe0000 - 0x00007ffa37179000 	C:\WINDOWS\System32\ole32.dll
0x00007ffa34110000 - 0x00007ffa3412c000 	C:\WINDOWS\SYSTEM32\CRYPTSP.dll
0x00007ffa338d0000 - 0x00007ffa33908000 	C:\WINDOWS\system32\rsaenh.dll
0x00007ffa33f10000 - 0x00007ffa33f3b000 	C:\WINDOWS\SYSTEM32\USERENV.dll
0x00007ffa342e0000 - 0x00007ffa34306000 	C:\WINDOWS\SYSTEM32\bcrypt.dll
0x00007ffa34130000 - 0x00007ffa3413c000 	C:\WINDOWS\SYSTEM32\CRYPTBASE.dll
0x00007ffa33400000 - 0x00007ffa33432000 	C:\WINDOWS\SYSTEM32\IPHLPAPI.DLL
0x00007ffa36130000 - 0x00007ffa3613a000 	C:\WINDOWS\System32\NSI.dll
0x00007ffa0ec10000 - 0x00007ffa0ec59000 	C:\Users\oak pumirut\AppData\Local\Temp\jna-105890889\jna5161088324536666201.dll
0x00007ffa36770000 - 0x00007ffa36778000 	C:\WINDOWS\System32\PSAPI.DLL
0x00007ffa22900000 - 0x00007ffa2291e000 	C:\WINDOWS\SYSTEM32\dhcpcsvc6.DLL
0x00007ffa226c0000 - 0x00007ffa226e5000 	C:\WINDOWS\SYSTEM32\dhcpcsvc.DLL

dbghelp: loaded successfully - version: 4.0.5 - missing functions: none
symbol engine: initialized successfully - sym options: 0x614 - pdb path: .;C:\Program Files\Java\jdk-21\bin;C:\WINDOWS\SYSTEM32;C:\WINDOWS\WinSxS\amd64_microsoft.windows.common-controls_6595b64144ccf1df_6.0.26100.2454_none_3e0b68a2e331ad60;C:\Program Files\Java\jdk-21\bin\server;C:\Users\oak pumirut\AppData\Roaming\Code\User\globalStorage\redhat.java\1.38.0\config_win\org.eclipse.equinox.launcher\org.eclipse.equinox.launcher.win32.win32.x86_64_1.2.1100.v20240722-2106;C:\Users\oak pumirut\AppData\Local\Temp\jna-105890889

VM Arguments:
jvm_args: --add-modules=ALL-SYSTEM --add-opens=java.base/java.util=ALL-UNNAMED --add-opens=java.base/java.lang=ALL-UNNAMED --add-opens=java.base/sun.nio.fs=ALL-UNNAMED -Declipse.application=org.eclipse.jdt.ls.core.id1 -Dosgi.bundles.defaultStartLevel=4 -Declipse.product=org.eclipse.jdt.ls.core.product -Djava.import.generatesMetadataFilesAtProjectRoot=false -DDetectVMInstallationsJob.disabled=true -Dfile.encoding=utf8 -XX:+UseParallelGC -XX:GCTimeRatio=4 -XX:AdaptiveSizePolicyWeight=90 -Dsun.zip.disableMemoryMapping=true -Xmx1G -Xms100m -Xlog:disable -javaagent:c:\Users\oak pumirut\.vscode\extensions\redhat.java-1.38.0-win32-x64\lombok\lombok-1.18.34.jar -XX:+HeapDumpOnOutOfMemoryError -XX:HeapDumpPath=c:\Users\oak pumirut\AppData\Roaming\Code\User\workspaceStorage\a3c4028b28b4910effa67704777bf6b0\redhat.java -Daether.dependencyCollector.impl=bf 
java_command: c:\Users\oak pumirut\.vscode\extensions\redhat.java-1.38.0-win32-x64\server\plugins\org.eclipse.equinox.launcher_1.6.900.v20240613-2009.jar -configuration c:\Users\oak pumirut\AppData\Roaming\Code\User\globalStorage\redhat.java\1.38.0\config_win -data c:\Users\oak pumirut\AppData\Roaming\Code\User\workspaceStorage\a3c4028b28b4910effa67704777bf6b0\redhat.java\jdt_ws --pipe=\\.\pipe\lsp-72bc0f224277ff451872243268514764-sock
java_class_path (initial): c:\Users\oak pumirut\.vscode\extensions\redhat.java-1.38.0-win32-x64\server\plugins\org.eclipse.equinox.launcher_1.6.900.v20240613-2009.jar
Launcher Type: SUN_STANDARD

[Global flags]
    uintx AdaptiveSizePolicyWeight                 = 90                                        {product} {command line}
     intx CICompilerCount                          = 4                                         {product} {ergonomic}
    uintx GCTimeRatio                              = 4                                         {product} {command line}
     bool HeapDumpOnOutOfMemoryError               = true                                   {manageable} {command line}
    ccstr HeapDumpPath                             = c:\Users\oak pumirut\AppData\Roaming\Code\User\workspaceStorage\a3c4028b28b4910effa67704777bf6b0\redhat.java         {manageable} {command line}
   size_t InitialHeapSize                          = 104857600                                 {product} {command line}
   size_t MaxHeapSize                              = 1073741824                                {product} {command line}
   size_t MaxNewSize                               = 357564416                                 {product} {ergonomic}
   size_t MinHeapDeltaBytes                        = 524288                                    {product} {ergonomic}
   size_t MinHeapSize                              = 104857600                                 {product} {command line}
   size_t NewSize                                  = 34603008                                  {product} {ergonomic}
    uintx NonNMethodCodeHeapSize                   = 5839372                                {pd product} {ergonomic}
    uintx NonProfiledCodeHeapSize                  = 122909434                              {pd product} {ergonomic}
   size_t OldSize                                  = 70254592                                  {product} {ergonomic}
    uintx ProfiledCodeHeapSize                     = 122909434                              {pd product} {ergonomic}
    uintx ReservedCodeCacheSize                    = 251658240                              {pd product} {ergonomic}
     bool SegmentedCodeCache                       = true                                      {product} {ergonomic}
   size_t SoftMaxHeapSize                          = 1073741824                             {manageable} {ergonomic}
     bool UseCompressedOops                        = true                           {product lp64_product} {ergonomic}
     bool UseLargePagesIndividualAllocation        = false                                  {pd product} {ergonomic}
     bool UseParallelGC                            = true                                      {product} {command line}

Logging:
Log output configuration:
 #0: stdout all=off uptime,level,tags foldmultilines=false
 #1: stderr all=off uptime,level,tags foldmultilines=false

Environment Variables:
JAVA_HOME=C:\Program Files\Java\jdk-21\bin
PATH=C:\Program Files\Common Files\Oracle\Java\javapath;C:\Python313\Scripts\;C:\Python313\;C:\Program Files (x86)\VMware\VMware Workstation\bin\;C:\Program Files (x86)\Common Files\Oracle\Java\javapath;C:\DevSuiteHome_2\jdk\jre\bin\classic;C:\DevSuiteHome_2\jdk\jre\bin;C:\DevSuiteHome_2\jdk\jre\bin\client;C:\DevSuiteHome_2\jlib;C:\DevSuiteHome_2\bin;C:\DevSuiteHome_2\jre\1.4.2\bin\client;C:\DevSuiteHome_2\jre\1.4.2\bin;C:\DevSuiteHome_1\jdk\jre\bin\client;C:\DevSuiteHome_1\bin;C:\DevSuiteHome_1\jlib;C:\WINDOWS\system32;C:\WINDOWS;C:\WINDOWS\System32\Wbem;C:\WINDOWS\System32\WindowsPowerShell\v1.0\;C:\WINDOWS\System32\OpenSSH\;C:\Users\Pumirut\bin;C:\Program Files\dotnet\;C:\Program Files\PuTTY\;C:\Program Files\nodejs\;C:\ProgramData\chocolatey\bin;C:\Users\oak pumirut\AppData\Local\Microsoft\WindowsApps;C:\Users\oak pumirut\AppData\Local\Programs\Microsoft VS Code\bin;C:\Users\oak pumirut\AppData\Roaming\npm;
USERNAME=oak pumirut
OS=Windows_NT
PROCESSOR_IDENTIFIER=Intel64 Family 6 Model 186 Stepping 2, GenuineIntel
TMP=C:\Users\OAKPUM~1\AppData\Local\Temp
TEMP=C:\Users\OAKPUM~1\AppData\Local\Temp




Periodic native trim disabled

---------------  S Y S T E M  ---------------

OS:
 Windows 11 , 64 bit Build 26100 (10.0.26100.2454)
OS uptime: 1 days 4:13 hours

CPU: total 12 (initial active 12) (6 cores per cpu, 2 threads per core) family 6 model 186 stepping 2 microcode 0x410e, cx8, cmov, fxsr, ht, mmx, 3dnowpref, sse, sse2, sse3, ssse3, sse4.1, sse4.2, popcnt, lzcnt, tsc, tscinvbit, avx, avx2, aes, erms, clmul, bmi1, bmi2, adx, sha, fma, vzeroupper, clflush, clflushopt, clwb, serialize, rdtscp, rdpid, fsrm, f16c, pku, cet_ibt, cet_ss
Processor Information for processor 0
  Max Mhz: 2100, Current Mhz: 2100, Mhz Limit: 2100
Processor Information for processor 1
  Max Mhz: 2100, Current Mhz: 2100, Mhz Limit: 2100
Processor Information for processor 2
  Max Mhz: 2100, Current Mhz: 2100, Mhz Limit: 2100
Processor Information for processor 3
  Max Mhz: 2100, Current Mhz: 2100, Mhz Limit: 2100
Processor Information for processor 4
  Max Mhz: 2100, Current Mhz: 2100, Mhz Limit: 2100
Processor Information for processor 5
  Max Mhz: 2100, Current Mhz: 2100, Mhz Limit: 2100
Processor Information for processor 6
  Max Mhz: 2100, Current Mhz: 2100, Mhz Limit: 2100
Processor Information for processor 7
  Max Mhz: 2100, Current Mhz: 2100, Mhz Limit: 2100
Processor Information for processor 8
  Max Mhz: 2100, Current Mhz: 1500, Mhz Limit: 1491
Processor Information for processor 9
  Max Mhz: 2100, Current Mhz: 1500, Mhz Limit: 1491
Processor Information for processor 10
  Max Mhz: 2100, Current Mhz: 1500, Mhz Limit: 1491
Processor Information for processor 11
  Max Mhz: 2100, Current Mhz: 1500, Mhz Limit: 1491

Memory: 4k page, system-wide physical 16071M (2732M free)
TotalPageFile size 20167M (AvailPageFile size 25M)
current process WorkingSet (physical memory assigned to process): 362M, peak: 366M
current process commit charge ("private bytes"): 401M, peak: 407M

vm_info: Java HotSpot(TM) 64-Bit Server VM (21.0.5+9-LTS-239) for windows-amd64 JRE (21.0.5+9-LTS-239), built on 2024-09-30T05:17:38Z by "mach5one" with MS VC++ 17.6 (VS2022)

END.
