#
# There is insufficient memory for the Java Runtime Environment to continue.
# Native memory allocation (malloc) failed to allocate 1230896 bytes for Chunk::new
# Possible reasons:
#   The system is out of physical RAM or swap space
#   The process is running with CompressedOops enabled, and the Java Heap may be blocking the growth of the native heap
# Possible solutions:
#   Reduce memory load on the system
#   Increase physical memory or swap space
#   Check if swap backing store is full
#   Decrease Java heap size (-Xmx/-Xms)
#   Decrease number of Java threads
#   Decrease Java thread stack sizes (-Xss)
#   Set larger code cache with -XX:ReservedCodeCacheSize=
#   JVM is running with Unscaled Compressed Oops mode in which the Java heap is
#     placed in the first 4GB address space. The Java Heap base address is the
#     maximum limit for the native heap growth. Please use -XX:HeapBaseMinAddress
#     to set the Java Heap base and to place the Java Heap above 4GB virtual address.
# This output file may be truncated or incomplete.
#
#  Out of Memory Error (arena.cpp:168), pid=19516, tid=20892
#
# JRE version: Java(TM) SE Runtime Environment (21.0.5+9) (build 21.0.5+9-LTS-239)
# Java VM: Java HotSpot(TM) 64-Bit Server VM (21.0.5+9-LTS-239, mixed mode, sharing, tiered, compressed oops, compressed class ptrs, parallel gc, windows-amd64)
# No core dump will be written. Minidumps are not enabled by default on client versions of Windows
#

---------------  S U M M A R Y ------------

Command Line: --add-modules=ALL-SYSTEM --add-opens=java.base/java.util=ALL-UNNAMED --add-opens=java.base/java.lang=ALL-UNNAMED --add-opens=java.base/sun.nio.fs=ALL-UNNAMED -Declipse.application=org.eclipse.jdt.ls.core.id1 -Dosgi.bundles.defaultStartLevel=4 -Declipse.product=org.eclipse.jdt.ls.core.product -Djava.import.generatesMetadataFilesAtProjectRoot=false -DDetectVMInstallationsJob.disabled=true -Dfile.encoding=utf8 -XX:+UseParallelGC -XX:GCTimeRatio=4 -XX:AdaptiveSizePolicyWeight=90 -Dsun.zip.disableMemoryMapping=true -Xmx1G -Xms100m -Xlog:disable -javaagent:c:\Users\oak pumirut\.vscode\extensions\redhat.java-1.38.0-win32-x64\lombok\lombok-1.18.34.jar c:\Users\oak pumirut\.vscode\extensions\redhat.java-1.38.0-win32-x64\server\plugins\org.eclipse.equinox.launcher_1.6.900.v20240613-2009.jar -configuration c:\Users\oak pumirut\AppData\Roaming\Code\User\globalStorage\redhat.java\1.38.0\config_ss_win -data c:\Users\oak pumirut\AppData\Roaming\Code\User\workspaceStorage\a3c4028b28b4910effa67704777bf6b0\redhat.java\ss_ws --pipe=\\.\pipe\lsp-705048c6081889ad55d5af236844f25e-sock

Host: 13th Gen Intel(R) Core(TM) i5-13420H, 12 cores, 15G,  Windows 11 , 64 bit Build 26100 (10.0.26100.2454)
Time: Sat Jan 11 20:22:36 2025 SE Asia Standard Time elapsed time: 7.626200 seconds (0d 0h 0m 7s)

---------------  T H R E A D  ---------------

Current thread (0x00000208f9464660):  JavaThread "C2 CompilerThread0" daemon [_thread_in_native, id=20892, stack(0x0000002d1c400000,0x0000002d1c500000) (1024K)]


Current CompileTask:
C2:   7626 3797   !   4       org.eclipse.osgi.internal.loader.classpath.ClasspathManager::findLocalClass (210 bytes)

Stack: [0x0000002d1c400000,0x0000002d1c500000]
Native frames: (J=compiled Java code, j=interpreted, Vv=VM code, C=native code)
V  [jvm.dll+0x6ca289]
V  [jvm.dll+0x854a51]
V  [jvm.dll+0x856f7e]
V  [jvm.dll+0x857653]
V  [jvm.dll+0x27dd26]
V  [jvm.dll+0xc4c2d]
V  [jvm.dll+0xc5163]
V  [jvm.dll+0x2f0ccd]
V  [jvm.dll+0x5f4ffa]
V  [jvm.dll+0x24f882]
V  [jvm.dll+0x24fc3f]
V  [jvm.dll+0x248754]
V  [jvm.dll+0x245de4]
V  [jvm.dll+0x1c6d0e]
V  [jvm.dll+0x2554d9]
V  [jvm.dll+0x253a6a]
V  [jvm.dll+0x3ee136]
V  [jvm.dll+0x7fee9b]
V  [jvm.dll+0x6c896d]
C  [ucrtbase.dll+0x14ea0]
C  [KERNEL32.DLL+0x2e8d7]
C  [ntdll.dll+0xdfbcc]


---------------  P R O C E S S  ---------------

Threads class SMR info:
_java_thread_list=0x00000208fe68ed60, length=42, elements={
0x00000208ddcdf5c0, 0x00000208f9450290, 0x00000208f9452cf0, 0x00000208f9455e90,
0x00000208f9458d80, 0x00000208f945b990, 0x00000208f945d230, 0x00000208f9464660,
0x00000208f9487dc0, 0x00000208f95b9430, 0x00000208f98121b0, 0x00000208fe90ff70,
0x00000208fe7bc070, 0x00000208fe89a780, 0x00000208fe61dc30, 0x00000208fe79f520,
0x00000208fea0e6c0, 0x00000208fee557f0, 0x00000208fee71010, 0x00000208fef5e9b0,
0x00000208fef5e320, 0x00000208fef61110, 0x00000208fef5dc90, 0x00000208fef5f040,
0x00000208fef5f6d0, 0x00000208fef5fd60, 0x00000208fef603f0, 0x00000208fef60a80,
0x00000208c1236260, 0x00000208c1235bd0, 0x00000208c1237610, 0x00000208c1235540,
0x00000208c1237ca0, 0x00000208c12389c0, 0x00000208c1238330, 0x00000208c12396e0,
0x00000208c1239d70, 0x00000208c12368f0, 0x00000208c1239050, 0x00000208c123a400,
0x00000208fe5a3670, 0x00000208c15b05c0
}

Java Threads: ( => current thread )
  0x00000208ddcdf5c0 JavaThread "main"                              [_thread_blocked, id=11508, stack(0x0000002d1ba00000,0x0000002d1bb00000) (1024K)]
  0x00000208f9450290 JavaThread "Reference Handler"          daemon [_thread_blocked, id=16356, stack(0x0000002d1be00000,0x0000002d1bf00000) (1024K)]
  0x00000208f9452cf0 JavaThread "Finalizer"                  daemon [_thread_blocked, id=8856, stack(0x0000002d1bf00000,0x0000002d1c000000) (1024K)]
  0x00000208f9455e90 JavaThread "Signal Dispatcher"          daemon [_thread_blocked, id=25360, stack(0x0000002d1c000000,0x0000002d1c100000) (1024K)]
  0x00000208f9458d80 JavaThread "Attach Listener"            daemon [_thread_blocked, id=3652, stack(0x0000002d1c100000,0x0000002d1c200000) (1024K)]
  0x00000208f945b990 JavaThread "Service Thread"             daemon [_thread_blocked, id=4836, stack(0x0000002d1c200000,0x0000002d1c300000) (1024K)]
  0x00000208f945d230 JavaThread "Monitor Deflation Thread"   daemon [_thread_blocked, id=25352, stack(0x0000002d1c300000,0x0000002d1c400000) (1024K)]
=>0x00000208f9464660 JavaThread "C2 CompilerThread0"         daemon [_thread_in_native, id=20892, stack(0x0000002d1c400000,0x0000002d1c500000) (1024K)]
  0x00000208f9487dc0 JavaThread "C1 CompilerThread0"         daemon [_thread_blocked, id=16924, stack(0x0000002d1c500000,0x0000002d1c600000) (1024K)]
  0x00000208f95b9430 JavaThread "Common-Cleaner"             daemon [_thread_blocked, id=25324, stack(0x0000002d1c600000,0x0000002d1c700000) (1024K)]
  0x00000208f98121b0 JavaThread "Notification Thread"        daemon [_thread_blocked, id=12460, stack(0x0000002d1c800000,0x0000002d1c900000) (1024K)]
  0x00000208fe90ff70 JavaThread "Active Thread: Equinox Container: 882b4c00-aa48-4668-af3c-86b77ed369d2"        [_thread_blocked, id=21584, stack(0x0000002d1d000000,0x0000002d1d100000) (1024K)]
  0x00000208fe7bc070 JavaThread "Framework Event Dispatcher: Equinox Container: 882b4c00-aa48-4668-af3c-86b77ed369d2" daemon [_thread_blocked, id=23688, stack(0x0000002d1d100000,0x0000002d1d200000) (1024K)]
  0x00000208fe89a780 JavaThread "Start Level: Equinox Container: 882b4c00-aa48-4668-af3c-86b77ed369d2" daemon [_thread_blocked, id=12760, stack(0x0000002d1d200000,0x0000002d1d300000) (1024K)]
  0x00000208fe61dc30 JavaThread "SCR Component Actor"        daemon [_thread_blocked, id=6988, stack(0x0000002d1d300000,0x0000002d1d400000) (1024K)]
  0x00000208fe79f520 JavaThread "SCR Component Registry"     daemon [_thread_blocked, id=7124, stack(0x0000002d1d500000,0x0000002d1d600000) (1024K)]
  0x00000208fea0e6c0 JavaThread "Worker-JM"                         [_thread_blocked, id=3196, stack(0x0000002d1d600000,0x0000002d1d700000) (1024K)]
  0x00000208fee557f0 JavaThread "JNA Cleaner"                daemon [_thread_blocked, id=3880, stack(0x0000002d1d900000,0x0000002d1da00000) (1024K)]
  0x00000208fee71010 JavaThread "Worker-0"                          [_thread_blocked, id=9532, stack(0x0000002d1da00000,0x0000002d1db00000) (1024K)]
  0x00000208fef5e9b0 JavaThread "Worker-1"                          [_thread_blocked, id=16884, stack(0x0000002d1db00000,0x0000002d1dc00000) (1024K)]
  0x00000208fef5e320 JavaThread "Thread-2"                   daemon [_thread_in_native, id=5428, stack(0x0000002d1de00000,0x0000002d1df00000) (1024K)]
  0x00000208fef61110 JavaThread "Thread-3"                   daemon [_thread_in_native, id=22860, stack(0x0000002d1df00000,0x0000002d1e000000) (1024K)]
  0x00000208fef5dc90 JavaThread "Thread-4"                   daemon [_thread_in_native, id=18988, stack(0x0000002d1e000000,0x0000002d1e100000) (1024K)]
  0x00000208fef5f040 JavaThread "Thread-5"                   daemon [_thread_in_native, id=20072, stack(0x0000002d1e100000,0x0000002d1e200000) (1024K)]
  0x00000208fef5f6d0 JavaThread "Thread-6"                   daemon [_thread_in_native, id=14516, stack(0x0000002d1e200000,0x0000002d1e300000) (1024K)]
  0x00000208fef5fd60 JavaThread "Thread-7"                   daemon [_thread_in_native, id=25820, stack(0x0000002d1e300000,0x0000002d1e400000) (1024K)]
  0x00000208fef603f0 JavaThread "Thread-8"                   daemon [_thread_in_native, id=14700, stack(0x0000002d1e400000,0x0000002d1e500000) (1024K)]
  0x00000208fef60a80 JavaThread "Thread-9"                   daemon [_thread_in_native, id=24600, stack(0x0000002d1e500000,0x0000002d1e600000) (1024K)]
  0x00000208c1236260 JavaThread "Thread-10"                  daemon [_thread_in_native, id=18016, stack(0x0000002d1e600000,0x0000002d1e700000) (1024K)]
  0x00000208c1235bd0 JavaThread "Thread-11"                  daemon [_thread_in_native, id=23740, stack(0x0000002d1e700000,0x0000002d1e800000) (1024K)]
  0x00000208c1237610 JavaThread "Thread-12"                  daemon [_thread_in_native, id=17492, stack(0x0000002d1e800000,0x0000002d1e900000) (1024K)]
  0x00000208c1235540 JavaThread "Thread-13"                  daemon [_thread_in_native, id=23568, stack(0x0000002d1e900000,0x0000002d1ea00000) (1024K)]
  0x00000208c1237ca0 JavaThread "Thread-14"                  daemon [_thread_in_native, id=22132, stack(0x0000002d1ea00000,0x0000002d1eb00000) (1024K)]
  0x00000208c12389c0 JavaThread "pool-2-thread-1"                   [_thread_blocked, id=17956, stack(0x0000002d1eb00000,0x0000002d1ec00000) (1024K)]
  0x00000208c1238330 JavaThread "Worker-2"                          [_thread_blocked, id=9120, stack(0x0000002d1ec00000,0x0000002d1ed00000) (1024K)]
  0x00000208c12396e0 JavaThread "Worker-3"                          [_thread_blocked, id=11188, stack(0x0000002d1ed00000,0x0000002d1ee00000) (1024K)]
  0x00000208c1239d70 JavaThread "WorkspaceEventsHandler"            [_thread_blocked, id=14488, stack(0x0000002d1ee00000,0x0000002d1ef00000) (1024K)]
  0x00000208c12368f0 JavaThread "pool-1-thread-1"                   [_thread_in_native, id=18100, stack(0x0000002d1ef00000,0x0000002d1f000000) (1024K)]
  0x00000208c1239050 JavaThread "ForkJoinPool.commonPool-worker-1" daemon [_thread_blocked, id=24916, stack(0x0000002d1f000000,0x0000002d1f100000) (1024K)]
  0x00000208c123a400 JavaThread "ForkJoinPool.commonPool-worker-2" daemon [_thread_blocked, id=24920, stack(0x0000002d1f100000,0x0000002d1f200000) (1024K)]
  0x00000208fe5a3670 JavaThread "C2 CompilerThread1"         daemon [_thread_in_native, id=19892, stack(0x0000002d1ce00000,0x0000002d1cf00000) (1024K)]
  0x00000208c15b05c0 JavaThread "C2 CompilerThread2"         daemon [_thread_in_native, id=25476, stack(0x0000002d1cf00000,0x0000002d1d000000) (1024K)]
Total: 42

Other Threads:
  0x00000208dba0e8a0 VMThread "VM Thread"                           [id=2716, stack(0x0000002d1bd00000,0x0000002d1be00000) (1024K)]
  0x00000208f723ca00 WatcherThread "VM Periodic Task Thread"        [id=12676, stack(0x0000002d1bc00000,0x0000002d1bd00000) (1024K)]
  0x00000208ddcfe980 WorkerThread "GC Thread#0"                     [id=23252, stack(0x0000002d1bb00000,0x0000002d1bc00000) (1024K)]
  0x00000208fe5047d0 WorkerThread "GC Thread#1"                     [id=15044, stack(0x0000002d1c700000,0x0000002d1c800000) (1024K)]
  0x00000208fe6d4f30 WorkerThread "GC Thread#2"                     [id=15948, stack(0x0000002d1c900000,0x0000002d1ca00000) (1024K)]
  0x00000208fe501f20 WorkerThread "GC Thread#3"                     [id=25368, stack(0x0000002d1ca00000,0x0000002d1cb00000) (1024K)]
  0x00000208fe548be0 WorkerThread "GC Thread#4"                     [id=7464, stack(0x0000002d1cb00000,0x0000002d1cc00000) (1024K)]
  0x00000208fe549790 WorkerThread "GC Thread#5"                     [id=26020, stack(0x0000002d1cc00000,0x0000002d1cd00000) (1024K)]
  0x00000208fe549b30 WorkerThread "GC Thread#6"                     [id=26028, stack(0x0000002d1cd00000,0x0000002d1ce00000) (1024K)]
  0x00000208fe938d00 WorkerThread "GC Thread#7"                     [id=16332, stack(0x0000002d1d400000,0x0000002d1d500000) (1024K)]
  0x00000208fe79cd10 WorkerThread "GC Thread#8"                     [id=19896, stack(0x0000002d1d700000,0x0000002d1d800000) (1024K)]
  0x00000208fe79e2d0 WorkerThread "GC Thread#9"                     [id=12168, stack(0x0000002d1d800000,0x0000002d1d900000) (1024K)]
Total: 12

Threads with active compile tasks:
C2 CompilerThread0     7649 3797   !   4       org.eclipse.osgi.internal.loader.classpath.ClasspathManager::findLocalClass (210 bytes)
C2 CompilerThread1     7649 3856       4       java.util.regex.Matcher::search (154 bytes)
C2 CompilerThread2     7649 3832 %     4       org.lombokweb.asm.SymbolTable::<init> @ 98 (536 bytes)
Total: 3

VM state: not at safepoint (normal execution)

VM Mutex/Monitor currently owned by a thread: None

Heap address: 0x00000000c0000000, size: 1024 MB, Compressed Oops mode: 32-bit

CDS archive(s) mapped at: [0x0000020880000000-0x0000020880c90000-0x0000020880c90000), size 13172736, SharedBaseAddress: 0x0000020880000000, ArchiveRelocationMode: 1.
Compressed class space mapped at: 0x0000020881000000-0x00000208c1000000, reserved size: 1073741824
Narrow klass base: 0x0000020880000000, Narrow klass shift: 0, Narrow klass range: 0x100000000

GC Precious Log:
 CardTable entry size: 512
 CPUs: 12 total, 12 available
 Memory: 16071M
 Large Page Support: Disabled
 NUMA Support: Disabled
 Compressed Oops: Enabled (32-bit)
 Alignments: Space 512K, Generation 512K, Heap 2M
 Heap Min Capacity: 100M
 Heap Initial Capacity: 100M
 Heap Max Capacity: 1G
 Pre-touch: Disabled
 Parallel Workers: 10

Heap:
 PSYoungGen      total 23040K, used 10107K [0x00000000eab00000, 0x00000000ec780000, 0x0000000100000000)
  eden space 22016K, 43% used [0x00000000eab00000,0x00000000eb44d8d8,0x00000000ec080000)
  from space 1024K, 56% used [0x00000000ec280000,0x00000000ec311448,0x00000000ec380000)
  to   space 2048K, 0% used [0x00000000ec580000,0x00000000ec580000,0x00000000ec780000)
 ParOldGen       total 68608K, used 16216K [0x00000000c0000000, 0x00000000c4300000, 0x00000000eab00000)
  object space 68608K, 23% used [0x00000000c0000000,0x00000000c0fd62a0,0x00000000c4300000)
 Metaspace       used 33669K, committed 34624K, reserved 1114112K
  class space    used 3255K, committed 3712K, reserved 1048576K

Card table byte_map: [0x00000208dd680000,0x00000208dd890000] _byte_map_base: 0x00000208dd080000

Marking Bits: (ParMarkBitMap*) 0x00007ff9b3ed0df0
 Begin Bits: [0x00000208f5160000, 0x00000208f6160000)
 End Bits:   [0x00000208f6160000, 0x00000208f7160000)

Polling page: 0x00000208dd3d0000

Metaspace:

Usage:
  Non-class:     29.70 MB used.
      Class:      3.18 MB used.
       Both:     32.88 MB used.

Virtual space:
  Non-class space:       64.00 MB reserved,      30.19 MB ( 47%) committed,  1 nodes.
      Class space:        1.00 GB reserved,       3.62 MB ( <1%) committed,  1 nodes.
             Both:        1.06 GB reserved,      33.81 MB (  3%) committed. 

Chunk freelists:
   Non-Class:  1.67 MB
       Class:  12.42 MB
        Both:  14.09 MB

MaxMetaspaceSize: unlimited
CompressedClassSpaceSize: 1.00 GB
Initial GC threshold: 21.00 MB
Current GC threshold: 35.00 MB
CDS: on
 - commit_granule_bytes: 65536.
 - commit_granule_words: 8192.
 - virtual_space_node_default_size: 8388608.
 - enlarge_chunks_in_place: 1.
 - use_allocation_guard: 0.


Internal statistics:

num_allocs_failed_limit: 3.
num_arena_births: 600.
num_arena_deaths: 14.
num_vsnodes_births: 2.
num_vsnodes_deaths: 0.
num_space_committed: 541.
num_space_uncommitted: 0.
num_chunks_returned_to_freelist: 17.
num_chunks_taken_from_freelist: 1940.
num_chunk_merges: 8.
num_chunk_splits: 1258.
num_chunks_enlarged: 789.
num_inconsistent_stats: 0.

CodeHeap 'non-profiled nmethods': size=120000Kb used=1831Kb max_used=1831Kb free=118168Kb
 bounds [0x00000208edc30000, 0x00000208edea0000, 0x00000208f5160000]
CodeHeap 'profiled nmethods': size=120000Kb used=7915Kb max_used=7915Kb free=112084Kb
 bounds [0x00000208e6160000, 0x00000208e6920000, 0x00000208ed690000]
CodeHeap 'non-nmethods': size=5760Kb used=1357Kb max_used=1389Kb free=4402Kb
 bounds [0x00000208ed690000, 0x00000208ed900000, 0x00000208edc30000]
 total_blobs=4499 nmethods=3846 adapters=559
 compilation: enabled
              stopped_count=0, restarted_count=0
 full_count=0

Compilation events (20 events):
Event: 5.594 Thread 0x00000208f9487dc0 nmethod 3837 0x00000208e68f5890 code [0x00000208e68f5e20, 0x00000208e68f8448]
Event: 5.594 Thread 0x00000208f9487dc0 3836       1       lombok.patcher.scripts.WrapReturnValuesScript::access$4 (5 bytes)
Event: 5.594 Thread 0x00000208f9487dc0 nmethod 3836 0x00000208eddf5c10 code [0x00000208eddf5da0, 0x00000208eddf5e50]
Event: 5.594 Thread 0x00000208f9487dc0 3839       3       org.lombokweb.asm.MethodVisitor::visitTypeInsn (17 bytes)
Event: 5.594 Thread 0x00000208f9487dc0 nmethod 3839 0x00000208e68f9b90 code [0x00000208e68f9d40, 0x00000208e68f9f50]
Event: 5.594 Thread 0x00000208f9487dc0 3840       3       java.util.regex.Pattern$Loop::matchInit (156 bytes)
Event: 5.595 Thread 0x00000208f9487dc0 nmethod 3840 0x00000208e68fa010 code [0x00000208e68fa240, 0x00000208e68fab60]
Event: 5.595 Thread 0x00000208f9487dc0 3841       1       lombok.patcher.StackRequest::getParamPos (5 bytes)
Event: 5.595 Thread 0x00000208f9487dc0 nmethod 3841 0x00000208eddf5f10 code [0x00000208eddf60a0, 0x00000208eddf6168]
Event: 5.595 Thread 0x00000208f9487dc0 3842       1       lombok.patcher.scripts.WrapReturnValuesScript::access$2 (5 bytes)
Event: 5.595 Thread 0x00000208f9487dc0 nmethod 3842 0x00000208eddf6210 code [0x00000208eddf63a0, 0x00000208eddf6450]
Event: 5.595 Thread 0x00000208f9487dc0 3843       1       lombok.patcher.scripts.WrapReturnValuesScript::access$3 (5 bytes)
Event: 5.595 Thread 0x00000208f9487dc0 nmethod 3843 0x00000208eddf6510 code [0x00000208eddf66a0, 0x00000208eddf6750]
Event: 5.595 Thread 0x00000208f9487dc0 3844       1       lombok.patcher.scripts.WrapReturnValuesScript::access$6 (5 bytes)
Event: 5.595 Thread 0x00000208f9487dc0 nmethod 3844 0x00000208eddf6810 code [0x00000208eddf69a0, 0x00000208eddf6a50]
Event: 5.595 Thread 0x00000208f9487dc0 3848       3       org.lombokweb.asm.ClassReader::readCode (5117 bytes)
Event: 5.596 Thread 0x00000208fe5a3670 nmethod 3838 0x00000208eddf6b10 code [0x00000208eddf6d20, 0x00000208eddf7558]
Event: 5.596 Thread 0x00000208fe5a3670 3846       4       org.lombokweb.asm.MethodWriter::visitLabel (332 bytes)
Event: 5.601 Thread 0x00000208fe5a3670 nmethod 3846 0x00000208eddf7d10 code [0x00000208eddf7ec0, 0x00000208eddf8458]
Event: 5.601 Thread 0x00000208fe5a3670 3849       4       org.lombokweb.asm.ClassReader::<init> (371 bytes)

GC Heap History (20 events):
Event: 3.034 GC heap after
{Heap after GC invocations=2 (full 0):
 PSYoungGen      total 29696K, used 4091K [0x00000000eab00000, 0x00000000ecc00000, 0x0000000100000000)
  eden space 25600K, 0% used [0x00000000eab00000,0x00000000eab00000,0x00000000ec400000)
  from space 4096K, 99% used [0x00000000ec800000,0x00000000ecbfef08,0x00000000ecc00000)
  to   space 4096K, 0% used [0x00000000ec400000,0x00000000ec400000,0x00000000ec800000)
 ParOldGen       total 68608K, used 880K [0x00000000c0000000, 0x00000000c4300000, 0x00000000eab00000)
  object space 68608K, 1% used [0x00000000c0000000,0x00000000c00dc158,0x00000000c4300000)
 Metaspace       used 8311K, committed 8640K, reserved 1114112K
  class space    used 792K, committed 960K, reserved 1048576K
}
Event: 3.412 GC heap before
{Heap before GC invocations=3 (full 0):
 PSYoungGen      total 29696K, used 29691K [0x00000000eab00000, 0x00000000ecc00000, 0x0000000100000000)
  eden space 25600K, 100% used [0x00000000eab00000,0x00000000ec400000,0x00000000ec400000)
  from space 4096K, 99% used [0x00000000ec800000,0x00000000ecbfef08,0x00000000ecc00000)
  to   space 4096K, 0% used [0x00000000ec400000,0x00000000ec400000,0x00000000ec800000)
 ParOldGen       total 68608K, used 880K [0x00000000c0000000, 0x00000000c4300000, 0x00000000eab00000)
  object space 68608K, 1% used [0x00000000c0000000,0x00000000c00dc158,0x00000000c4300000)
 Metaspace       used 13187K, committed 13696K, reserved 1114112K
  class space    used 1289K, committed 1472K, reserved 1048576K
}
Event: 3.415 GC heap after
{Heap after GC invocations=3 (full 0):
 PSYoungGen      total 29696K, used 4093K [0x00000000eab00000, 0x00000000ecc00000, 0x0000000100000000)
  eden space 25600K, 0% used [0x00000000eab00000,0x00000000eab00000,0x00000000ec400000)
  from space 4096K, 99% used [0x00000000ec400000,0x00000000ec7ff470,0x00000000ec800000)
  to   space 4096K, 0% used [0x00000000ec800000,0x00000000ec800000,0x00000000ecc00000)
 ParOldGen       total 68608K, used 2801K [0x00000000c0000000, 0x00000000c4300000, 0x00000000eab00000)
  object space 68608K, 4% used [0x00000000c0000000,0x00000000c02bc678,0x00000000c4300000)
 Metaspace       used 13187K, committed 13696K, reserved 1114112K
  class space    used 1289K, committed 1472K, reserved 1048576K
}
Event: 3.640 GC heap before
{Heap before GC invocations=4 (full 0):
 PSYoungGen      total 29696K, used 29693K [0x00000000eab00000, 0x00000000ecc00000, 0x0000000100000000)
  eden space 25600K, 100% used [0x00000000eab00000,0x00000000ec400000,0x00000000ec400000)
  from space 4096K, 99% used [0x00000000ec400000,0x00000000ec7ff470,0x00000000ec800000)
  to   space 4096K, 0% used [0x00000000ec800000,0x00000000ec800000,0x00000000ecc00000)
 ParOldGen       total 68608K, used 2801K [0x00000000c0000000, 0x00000000c4300000, 0x00000000eab00000)
  object space 68608K, 4% used [0x00000000c0000000,0x00000000c02bc678,0x00000000c4300000)
 Metaspace       used 17166K, committed 17856K, reserved 1114112K
  class space    used 1684K, committed 1984K, reserved 1048576K
}
Event: 3.642 GC heap after
{Heap after GC invocations=4 (full 0):
 PSYoungGen      total 29696K, used 4071K [0x00000000eab00000, 0x00000000ecc00000, 0x0000000100000000)
  eden space 25600K, 0% used [0x00000000eab00000,0x00000000eab00000,0x00000000ec400000)
  from space 4096K, 99% used [0x00000000ec800000,0x00000000ecbf9f40,0x00000000ecc00000)
  to   space 4096K, 0% used [0x00000000ec400000,0x00000000ec400000,0x00000000ec800000)
 ParOldGen       total 68608K, used 5508K [0x00000000c0000000, 0x00000000c4300000, 0x00000000eab00000)
  object space 68608K, 8% used [0x00000000c0000000,0x00000000c05610d0,0x00000000c4300000)
 Metaspace       used 17166K, committed 17856K, reserved 1114112K
  class space    used 1684K, committed 1984K, reserved 1048576K
}
Event: 3.790 GC heap before
{Heap before GC invocations=5 (full 0):
 PSYoungGen      total 29696K, used 29466K [0x00000000eab00000, 0x00000000ecc00000, 0x0000000100000000)
  eden space 25600K, 99% used [0x00000000eab00000,0x00000000ec3cca08,0x00000000ec400000)
  from space 4096K, 99% used [0x00000000ec800000,0x00000000ecbf9f40,0x00000000ecc00000)
  to   space 4096K, 0% used [0x00000000ec400000,0x00000000ec400000,0x00000000ec800000)
 ParOldGen       total 68608K, used 5508K [0x00000000c0000000, 0x00000000c4300000, 0x00000000eab00000)
  object space 68608K, 8% used [0x00000000c0000000,0x00000000c05610d0,0x00000000c4300000)
 Metaspace       used 20538K, committed 21248K, reserved 1114112K
  class space    used 1929K, committed 2240K, reserved 1048576K
}
Event: 3.792 GC heap after
{Heap after GC invocations=5 (full 0):
 PSYoungGen      total 29184K, used 4083K [0x00000000eab00000, 0x00000000ed080000, 0x0000000100000000)
  eden space 25088K, 0% used [0x00000000eab00000,0x00000000eab00000,0x00000000ec380000)
  from space 4096K, 99% used [0x00000000ec400000,0x00000000ec7fcfa0,0x00000000ec800000)
  to   space 6656K, 0% used [0x00000000eca00000,0x00000000eca00000,0x00000000ed080000)
 ParOldGen       total 68608K, used 7615K [0x00000000c0000000, 0x00000000c4300000, 0x00000000eab00000)
  object space 68608K, 11% used [0x00000000c0000000,0x00000000c076fc18,0x00000000c4300000)
 Metaspace       used 20538K, committed 21248K, reserved 1114112K
  class space    used 1929K, committed 2240K, reserved 1048576K
}
Event: 3.803 GC heap before
{Heap before GC invocations=6 (full 0):
 PSYoungGen      total 29184K, used 6531K [0x00000000eab00000, 0x00000000ed080000, 0x0000000100000000)
  eden space 25088K, 9% used [0x00000000eab00000,0x00000000ead63fe8,0x00000000ec380000)
  from space 4096K, 99% used [0x00000000ec400000,0x00000000ec7fcfa0,0x00000000ec800000)
  to   space 6656K, 0% used [0x00000000eca00000,0x00000000eca00000,0x00000000ed080000)
 ParOldGen       total 68608K, used 7615K [0x00000000c0000000, 0x00000000c4300000, 0x00000000eab00000)
  object space 68608K, 11% used [0x00000000c0000000,0x00000000c076fc18,0x00000000c4300000)
 Metaspace       used 20856K, committed 21504K, reserved 1114112K
  class space    used 1929K, committed 2240K, reserved 1048576K
}
Event: 3.804 GC heap after
{Heap after GC invocations=6 (full 0):
 PSYoungGen      total 30208K, used 4694K [0x00000000eab00000, 0x00000000ecf00000, 0x0000000100000000)
  eden space 25088K, 0% used [0x00000000eab00000,0x00000000eab00000,0x00000000ec380000)
  from space 5120K, 91% used [0x00000000eca00000,0x00000000ece95a90,0x00000000ecf00000)
  to   space 5632K, 0% used [0x00000000ec400000,0x00000000ec400000,0x00000000ec980000)
 ParOldGen       total 68608K, used 7615K [0x00000000c0000000, 0x00000000c4300000, 0x00000000eab00000)
  object space 68608K, 11% used [0x00000000c0000000,0x00000000c076fc18,0x00000000c4300000)
 Metaspace       used 20856K, committed 21504K, reserved 1114112K
  class space    used 1929K, committed 2240K, reserved 1048576K
}
Event: 3.804 GC heap before
{Heap before GC invocations=7 (full 1):
 PSYoungGen      total 30208K, used 4694K [0x00000000eab00000, 0x00000000ecf00000, 0x0000000100000000)
  eden space 25088K, 0% used [0x00000000eab00000,0x00000000eab00000,0x00000000ec380000)
  from space 5120K, 91% used [0x00000000eca00000,0x00000000ece95a90,0x00000000ecf00000)
  to   space 5632K, 0% used [0x00000000ec400000,0x00000000ec400000,0x00000000ec980000)
 ParOldGen       total 68608K, used 7615K [0x00000000c0000000, 0x00000000c4300000, 0x00000000eab00000)
  object space 68608K, 11% used [0x00000000c0000000,0x00000000c076fc18,0x00000000c4300000)
 Metaspace       used 20856K, committed 21504K, reserved 1114112K
  class space    used 1929K, committed 2240K, reserved 1048576K
}
Event: 3.819 GC heap after
{Heap after GC invocations=7 (full 1):
 PSYoungGen      total 30208K, used 0K [0x00000000eab00000, 0x00000000ecf00000, 0x0000000100000000)
  eden space 25088K, 0% used [0x00000000eab00000,0x00000000eab00000,0x00000000ec380000)
  from space 5120K, 0% used [0x00000000eca00000,0x00000000eca00000,0x00000000ecf00000)
  to   space 5632K, 0% used [0x00000000ec400000,0x00000000ec400000,0x00000000ec980000)
 ParOldGen       total 68608K, used 8763K [0x00000000c0000000, 0x00000000c4300000, 0x00000000eab00000)
  object space 68608K, 12% used [0x00000000c0000000,0x00000000c088eea8,0x00000000c4300000)
 Metaspace       used 20843K, committed 21504K, reserved 1114112K
  class space    used 1925K, committed 2240K, reserved 1048576K
}
Event: 3.992 GC heap before
{Heap before GC invocations=8 (full 1):
 PSYoungGen      total 30208K, used 25088K [0x00000000eab00000, 0x00000000ecf00000, 0x0000000100000000)
  eden space 25088K, 100% used [0x00000000eab00000,0x00000000ec380000,0x00000000ec380000)
  from space 5120K, 0% used [0x00000000eca00000,0x00000000eca00000,0x00000000ecf00000)
  to   space 5632K, 0% used [0x00000000ec400000,0x00000000ec400000,0x00000000ec980000)
 ParOldGen       total 68608K, used 8763K [0x00000000c0000000, 0x00000000c4300000, 0x00000000eab00000)
  object space 68608K, 12% used [0x00000000c0000000,0x00000000c088eea8,0x00000000c4300000)
 Metaspace       used 23013K, committed 23680K, reserved 1114112K
  class space    used 2102K, committed 2368K, reserved 1048576K
}
Event: 3.993 GC heap after
{Heap after GC invocations=8 (full 1):
 PSYoungGen      total 27136K, used 2387K [0x00000000eab00000, 0x00000000eca80000, 0x0000000100000000)
  eden space 24576K, 0% used [0x00000000eab00000,0x00000000eab00000,0x00000000ec300000)
  from space 2560K, 93% used [0x00000000ec400000,0x00000000ec654cf0,0x00000000ec680000)
  to   space 3584K, 0% used [0x00000000ec700000,0x00000000ec700000,0x00000000eca80000)
 ParOldGen       total 68608K, used 8771K [0x00000000c0000000, 0x00000000c4300000, 0x00000000eab00000)
  object space 68608K, 12% used [0x00000000c0000000,0x00000000c0890ea8,0x00000000c4300000)
 Metaspace       used 23013K, committed 23680K, reserved 1114112K
  class space    used 2102K, committed 2368K, reserved 1048576K
}
Event: 4.227 GC heap before
{Heap before GC invocations=9 (full 1):
 PSYoungGen      total 27136K, used 26962K [0x00000000eab00000, 0x00000000eca80000, 0x0000000100000000)
  eden space 24576K, 99% used [0x00000000eab00000,0x00000000ec2fff00,0x00000000ec300000)
  from space 2560K, 93% used [0x00000000ec400000,0x00000000ec654cf0,0x00000000ec680000)
  to   space 3584K, 0% used [0x00000000ec700000,0x00000000ec700000,0x00000000eca80000)
 ParOldGen       total 68608K, used 8771K [0x00000000c0000000, 0x00000000c4300000, 0x00000000eab00000)
  object space 68608K, 12% used [0x00000000c0000000,0x00000000c0890ea8,0x00000000c4300000)
 Metaspace       used 26809K, committed 27584K, reserved 1114112K
  class space    used 2510K, committed 2880K, reserved 1048576K
}
Event: 4.228 GC heap after
{Heap after GC invocations=9 (full 1):
 PSYoungGen      total 27136K, used 3558K [0x00000000eab00000, 0x00000000ecc80000, 0x0000000100000000)
  eden space 23552K, 0% used [0x00000000eab00000,0x00000000eab00000,0x00000000ec200000)
  from space 3584K, 99% used [0x00000000ec700000,0x00000000eca798d8,0x00000000eca80000)
  to   space 5120K, 0% used [0x00000000ec200000,0x00000000ec200000,0x00000000ec700000)
 ParOldGen       total 68608K, used 9736K [0x00000000c0000000, 0x00000000c4300000, 0x00000000eab00000)
  object space 68608K, 14% used [0x00000000c0000000,0x00000000c09823c8,0x00000000c4300000)
 Metaspace       used 26809K, committed 27584K, reserved 1114112K
  class space    used 2510K, committed 2880K, reserved 1048576K
}
Event: 4.392 GC heap before
{Heap before GC invocations=10 (full 1):
 PSYoungGen      total 27136K, used 27110K [0x00000000eab00000, 0x00000000ecc80000, 0x0000000100000000)
  eden space 23552K, 100% used [0x00000000eab00000,0x00000000ec200000,0x00000000ec200000)
  from space 3584K, 99% used [0x00000000ec700000,0x00000000eca798d8,0x00000000eca80000)
  to   space 5120K, 0% used [0x00000000ec200000,0x00000000ec200000,0x00000000ec700000)
 ParOldGen       total 68608K, used 9736K [0x00000000c0000000, 0x00000000c4300000, 0x00000000eab00000)
  object space 68608K, 14% used [0x00000000c0000000,0x00000000c09823c8,0x00000000c4300000)
 Metaspace       used 30291K, committed 31104K, reserved 1114112K
  class space    used 2913K, committed 3264K, reserved 1048576K
}
Event: 4.394 GC heap after
{Heap after GC invocations=10 (full 1):
 PSYoungGen      total 28160K, used 5100K [0x00000000eab00000, 0x00000000ecc80000, 0x0000000100000000)
  eden space 23040K, 0% used [0x00000000eab00000,0x00000000eab00000,0x00000000ec180000)
  from space 5120K, 99% used [0x00000000ec200000,0x00000000ec6fb180,0x00000000ec700000)
  to   space 5632K, 0% used [0x00000000ec700000,0x00000000ec700000,0x00000000ecc80000)
 ParOldGen       total 68608K, used 9768K [0x00000000c0000000, 0x00000000c4300000, 0x00000000eab00000)
  object space 68608K, 14% used [0x00000000c0000000,0x00000000c098a3c8,0x00000000c4300000)
 Metaspace       used 30291K, committed 31104K, reserved 1114112K
  class space    used 2913K, committed 3264K, reserved 1048576K
}
Event: 5.575 GC heap before
{Heap before GC invocations=11 (full 1):
 PSYoungGen      total 28160K, used 28127K [0x00000000eab00000, 0x00000000ecc80000, 0x0000000100000000)
  eden space 23040K, 99% used [0x00000000eab00000,0x00000000ec17cbe8,0x00000000ec180000)
  from space 5120K, 99% used [0x00000000ec200000,0x00000000ec6fb180,0x00000000ec700000)
  to   space 5632K, 0% used [0x00000000ec700000,0x00000000ec700000,0x00000000ecc80000)
 ParOldGen       total 68608K, used 9768K [0x00000000c0000000, 0x00000000c4300000, 0x00000000eab00000)
  object space 68608K, 14% used [0x00000000c0000000,0x00000000c098a3c8,0x00000000c4300000)
 Metaspace       used 33315K, committed 34240K, reserved 1114112K
  class space    used 3231K, committed 3648K, reserved 1048576K
}
Event: 5.577 GC heap after
{Heap after GC invocations=11 (full 1):
 PSYoungGen      total 27136K, used 4102K [0x00000000eab00000, 0x00000000ecb80000, 0x0000000100000000)
  eden space 22528K, 0% used [0x00000000eab00000,0x00000000eab00000,0x00000000ec100000)
  from space 4608K, 89% used [0x00000000ec700000,0x00000000ecb01910,0x00000000ecb80000)
  to   space 4608K, 0% used [0x00000000ec280000,0x00000000ec280000,0x00000000ec700000)
 ParOldGen       total 68608K, used 13258K [0x00000000c0000000, 0x00000000c4300000, 0x00000000eab00000)
  object space 68608K, 19% used [0x00000000c0000000,0x00000000c0cf2850,0x00000000c4300000)
 Metaspace       used 33315K, committed 34240K, reserved 1114112K
  class space    used 3231K, committed 3648K, reserved 1048576K
}
Event: 6.622 GC heap before
{Heap before GC invocations=12 (full 1):
 PSYoungGen      total 27136K, used 26630K [0x00000000eab00000, 0x00000000ecb80000, 0x0000000100000000)
  eden space 22528K, 100% used [0x00000000eab00000,0x00000000ec100000,0x00000000ec100000)
  from space 4608K, 89% used [0x00000000ec700000,0x00000000ecb01910,0x00000000ecb80000)
  to   space 4608K, 0% used [0x00000000ec280000,0x00000000ec280000,0x00000000ec700000)
 ParOldGen       total 68608K, used 13258K [0x00000000c0000000, 0x00000000c4300000, 0x00000000eab00000)
  object space 68608K, 19% used [0x00000000c0000000,0x00000000c0cf2850,0x00000000c4300000)
 Metaspace       used 33340K, committed 34240K, reserved 1114112K
  class space    used 3231K, committed 3648K, reserved 1048576K
}

Dll operation events (11 events):
Event: 0.007 Loaded shared library C:\Program Files\Java\jdk-21\bin\java.dll
Event: 0.029 Loaded shared library C:\Program Files\Java\jdk-21\bin\jsvml.dll
Event: 0.051 Loaded shared library C:\Program Files\Java\jdk-21\bin\zip.dll
Event: 0.055 Loaded shared library C:\Program Files\Java\jdk-21\bin\instrument.dll
Event: 0.059 Loaded shared library C:\Program Files\Java\jdk-21\bin\net.dll
Event: 0.061 Loaded shared library C:\Program Files\Java\jdk-21\bin\nio.dll
Event: 0.064 Loaded shared library C:\Program Files\Java\jdk-21\bin\zip.dll
Event: 0.083 Loaded shared library C:\Program Files\Java\jdk-21\bin\jimage.dll
Event: 0.132 Loaded shared library C:\Program Files\Java\jdk-21\bin\verify.dll
Event: 2.979 Loaded shared library C:\Users\oak pumirut\AppData\Roaming\Code\User\globalStorage\redhat.java\1.38.0\config_ss_win\org.eclipse.equinox.launcher\org.eclipse.equinox.launcher.win32.win32.x86_64_1.2.1100.v20240722-2106\eclipse_11904.dll
Event: 3.516 Loaded shared library C:\Users\oak pumirut\AppData\Local\Temp\jna-105890889\jna4864034860137148124.dll

Deoptimization events (20 events):
Event: 5.589 Thread 0x00000208c12368f0 Uncommon trap: trap_request=0xffffffde fr.pc=0x00000208edd950a0 relative=0x0000000000007ae0
Event: 5.589 Thread 0x00000208c12368f0 Uncommon trap: reason=class_check action=maybe_recompile pc=0x00000208edd950a0 method=lombok.patcher.PatchScript$MethodPatcher.visitMethod(ILjava/lang/String;Ljava/lang/String;Ljava/lang/String;[Ljava/lang/String;)Lorg/lombokweb/asm/MethodVisitor; @ 101 c
Event: 5.589 Thread 0x00000208c12368f0 DEOPT PACKING pc=0x00000208edd950a0 sp=0x0000002d1eff9e80
Event: 5.589 Thread 0x00000208c12368f0 DEOPT UNPACKING pc=0x00000208ed6e3aa2 sp=0x0000002d1eff9e28 mode 2
Event: 5.589 Thread 0x00000208c12368f0 Uncommon trap: trap_request=0xffffffde fr.pc=0x00000208edd950a0 relative=0x0000000000007ae0
Event: 5.589 Thread 0x00000208c12368f0 Uncommon trap: reason=class_check action=maybe_recompile pc=0x00000208edd950a0 method=lombok.patcher.PatchScript$MethodPatcher.visitMethod(ILjava/lang/String;Ljava/lang/String;Ljava/lang/String;[Ljava/lang/String;)Lorg/lombokweb/asm/MethodVisitor; @ 101 c
Event: 5.589 Thread 0x00000208c12368f0 DEOPT PACKING pc=0x00000208edd950a0 sp=0x0000002d1eff9e80
Event: 5.589 Thread 0x00000208c12368f0 DEOPT UNPACKING pc=0x00000208ed6e3aa2 sp=0x0000002d1eff9e28 mode 2
Event: 5.596 Thread 0x00000208c12368f0 DEOPT PACKING pc=0x00000208e666e4b3 sp=0x0000002d1eff9d20
Event: 5.596 Thread 0x00000208c12368f0 DEOPT UNPACKING pc=0x00000208ed6e4242 sp=0x0000002d1eff9240 mode 0
Event: 5.598 Thread 0x00000208c12368f0 DEOPT PACKING pc=0x00000208e666e4b3 sp=0x0000002d1eff9ff0
Event: 5.598 Thread 0x00000208c12368f0 DEOPT UNPACKING pc=0x00000208ed6e4242 sp=0x0000002d1eff9510 mode 0
Event: 6.615 Thread 0x00000208c12368f0 DEOPT PACKING pc=0x00000208e666e4b3 sp=0x0000002d1eff9ff0
Event: 6.615 Thread 0x00000208c12368f0 DEOPT UNPACKING pc=0x00000208ed6e4242 sp=0x0000002d1eff9510 mode 0
Event: 6.619 Thread 0x00000208c12368f0 DEOPT PACKING pc=0x00000208e666e4b3 sp=0x0000002d1eff9ff0
Event: 6.619 Thread 0x00000208c12368f0 DEOPT UNPACKING pc=0x00000208ed6e4242 sp=0x0000002d1eff9510 mode 0
Event: 6.620 Thread 0x00000208c12368f0 DEOPT PACKING pc=0x00000208e666e4b3 sp=0x0000002d1eff9ff0
Event: 6.620 Thread 0x00000208c12368f0 DEOPT UNPACKING pc=0x00000208ed6e4242 sp=0x0000002d1eff9510 mode 0
Event: 6.622 Thread 0x00000208c12368f0 DEOPT PACKING pc=0x00000208e666e4b3 sp=0x0000002d1eff9ff0
Event: 6.622 Thread 0x00000208c12368f0 DEOPT UNPACKING pc=0x00000208ed6e4242 sp=0x0000002d1eff9510 mode 0

Classes loaded (20 events):
Event: 4.377 Loading class java/util/concurrent/CompletableFuture$AsynchronousCompletionTask done
Event: 4.377 Loading class java/util/concurrent/CompletableFuture$Completion done
Event: 4.381 Loading class sun/nio/ch/WindowsAsynchronousFileChannelImpl$WriteTask
Event: 4.381 Loading class sun/nio/ch/WindowsAsynchronousFileChannelImpl$WriteTask done
Event: 4.404 Loading class java/util/concurrent/CompletableFuture$UniApply
Event: 4.404 Loading class java/util/concurrent/CompletableFuture$UniCompletion
Event: 4.404 Loading class java/util/concurrent/CompletableFuture$UniCompletion done
Event: 4.404 Loading class java/util/concurrent/CompletableFuture$UniApply done
Event: 4.404 Loading class java/util/concurrent/CancellationException
Event: 4.404 Loading class java/util/concurrent/CancellationException done
Event: 4.404 Loading class java/util/concurrent/CompletableFuture$UniAccept
Event: 4.404 Loading class java/util/concurrent/CompletableFuture$UniAccept done
Event: 4.404 Loading class java/util/concurrent/CompletableFuture$UniExceptionally
Event: 4.404 Loading class java/util/concurrent/CompletableFuture$UniExceptionally done
Event: 4.407 Loading class java/nio/file/InvalidPathException
Event: 4.407 Loading class java/nio/file/InvalidPathException done
Event: 4.410 Loading class java/util/concurrent/locks/ReentrantReadWriteLock$Sync$HoldCounter
Event: 4.410 Loading class java/util/concurrent/locks/ReentrantReadWriteLock$Sync$HoldCounter done
Event: 4.455 Loading class java/lang/ExceptionInInitializerError
Event: 4.455 Loading class java/lang/ExceptionInInitializerError done

Classes unloaded (7 events):
Event: 3.807 Thread 0x00000208dba0e8a0 Unloading class 0x000002088117b800 'java/lang/invoke/LambdaForm$MH+0x000002088117b800'
Event: 3.807 Thread 0x00000208dba0e8a0 Unloading class 0x000002088117b400 'java/lang/invoke/LambdaForm$MH+0x000002088117b400'
Event: 3.807 Thread 0x00000208dba0e8a0 Unloading class 0x000002088117b000 'java/lang/invoke/LambdaForm$MH+0x000002088117b000'
Event: 3.807 Thread 0x00000208dba0e8a0 Unloading class 0x000002088117ac00 'java/lang/invoke/LambdaForm$MH+0x000002088117ac00'
Event: 3.807 Thread 0x00000208dba0e8a0 Unloading class 0x000002088117a800 'java/lang/invoke/LambdaForm$BMH+0x000002088117a800'
Event: 3.807 Thread 0x00000208dba0e8a0 Unloading class 0x000002088117a400 'java/lang/invoke/LambdaForm$DMH+0x000002088117a400'
Event: 3.807 Thread 0x00000208dba0e8a0 Unloading class 0x0000020881179000 'java/lang/invoke/LambdaForm$DMH+0x0000020881179000'

Classes redefined (0 events):
No events

Internal exceptions (20 events):
Event: 4.219 Thread 0x00000208fef5e9b0 Exception <a 'sun/nio/fs/WindowsException'{0x00000000ec1b7b50}> (0x00000000ec1b7b50) 
thrown [s\open\src\hotspot\share\prims\jni.cpp, line 520]
Event: 4.220 Thread 0x00000208fef5e9b0 Exception <a 'sun/nio/fs/WindowsException'{0x00000000ec1b8110}> (0x00000000ec1b8110) 
thrown [s\open\src\hotspot\share\prims\jni.cpp, line 520]
Event: 4.224 Thread 0x00000208fef5e9b0 Exception <a 'java/lang/NoSuchMethodError'{0x00000000ec279440}: 'void java.lang.invoke.DirectMethodHandle$Holder.invokeVirtual(java.lang.Object, java.lang.Object, java.lang.Object, java.lang.Object)'> (0x00000000ec279440) 
thrown [s\open\src\hotspot\share\interpreter\linkResolver.cpp, line 773]
Event: 4.266 Thread 0x00000208fef5e9b0 Exception <a 'java/io/FileNotFoundException'{0x00000000eb158a50}> (0x00000000eb158a50) 
thrown [s\open\src\hotspot\share\prims\jni.cpp, line 520]
Event: 4.266 Thread 0x00000208fef5e9b0 Exception <a 'java/io/FileNotFoundException'{0x00000000eb159d00}> (0x00000000eb159d00) 
thrown [s\open\src\hotspot\share\prims\jni.cpp, line 520]
Event: 4.267 Thread 0x00000208fef5e9b0 Exception <a 'java/lang/NoSuchMethodError'{0x00000000eb190dd8}: 'java.lang.Object java.lang.invoke.DirectMethodHandle$Holder.newInvokeSpecial(java.lang.Object, java.lang.Object, java.lang.Object, int)'> (0x00000000eb190dd8) 
thrown [s\open\src\hotspot\share\interpreter\linkResolver.cpp, line 773]
Event: 4.267 Thread 0x00000208fef5e9b0 Exception <a 'java/lang/NoSuchMethodError'{0x00000000eb1949d0}: 'java.lang.Object java.lang.invoke.DirectMethodHandle$Holder.invokeSpecial(java.lang.Object, java.lang.Object, java.lang.Object, java.lang.Object, int)'> (0x00000000eb1949d0) 
thrown [s\open\src\hotspot\share\interpreter\linkResolver.cpp, line 773]
Event: 4.267 Thread 0x00000208fef5e9b0 Exception <a 'java/lang/NoSuchMethodError'{0x00000000eb197e68}: 'java.lang.Object java.lang.invoke.Invokers$Holder.linkToTargetMethod(java.lang.Object, java.lang.Object, int, java.lang.Object)'> (0x00000000eb197e68) 
thrown [s\open\src\hotspot\share\interpreter\linkResolver.cpp, line 773]
Event: 4.268 Thread 0x00000208fef5e9b0 Exception <a 'java/lang/NoSuchMethodError'{0x00000000eb1a3088}: 'void java.lang.invoke.DirectMethodHandle$Holder.invokeStaticInit(java.lang.Object, java.lang.Object, java.lang.Object)'> (0x00000000eb1a3088) 
thrown [s\open\src\hotspot\share\interpreter\linkResolver.cpp, line 773]
Event: 4.298 Thread 0x00000208ddcdf5c0 Exception <a 'java/lang/NoSuchMethodError'{0x00000000eb616eb8}: 'void java.lang.invoke.DirectMethodHandle$Holder.invokeSpecial(java.lang.Object, java.lang.Object, java.lang.Object, java.lang.Object, java.lang.Object, java.lang.Object)'> (0x00000000eb616eb8) 
thrown [s\open\src\hotspot\share\interpreter\linkResolver.cpp, line 773]
Event: 4.299 Thread 0x00000208ddcdf5c0 Exception <a 'java/lang/IncompatibleClassChangeError'{0x00000000eb61f210}: Found class java.lang.Object, but interface was expected> (0x00000000eb61f210) 
thrown [s\open\src\hotspot\share\interpreter\linkResolver.cpp, line 840]
Event: 4.299 Thread 0x00000208ddcdf5c0 Exception <a 'java/lang/IncompatibleClassChangeError'{0x00000000eb620fc0}: Found class java.lang.Object, but interface was expected> (0x00000000eb620fc0) 
thrown [s\open\src\hotspot\share\interpreter\linkResolver.cpp, line 840]
Event: 4.352 Thread 0x00000208c12368f0 Exception <a 'java/lang/NoSuchMethodError'{0x00000000ebd0fc90}: 'java.lang.Object java.lang.invoke.DirectMethodHandle$Holder.invokeInterface(java.lang.Object, java.lang.Object, java.lang.Object)'> (0x00000000ebd0fc90) 
thrown [s\open\src\hotspot\share\interpreter\linkResolver.cpp, line 773]
Event: 4.359 Thread 0x00000208c12368f0 Exception <a 'java/io/FileNotFoundException'{0x00000000ebd9bd10}> (0x00000000ebd9bd10) 
thrown [s\open\src\hotspot\share\prims\jni.cpp, line 520]
Event: 4.369 Thread 0x00000208c12368f0 Exception <a 'sun/nio/fs/WindowsException'{0x00000000ebf37f18}> (0x00000000ebf37f18) 
thrown [s\open\src\hotspot\share\prims\jni.cpp, line 520]
Event: 4.390 Thread 0x00000208c12368f0 Exception <a 'java/lang/IncompatibleClassChangeError'{0x00000000ec1c9980}: Found class java.lang.Object, but interface was expected> (0x00000000ec1c9980) 
thrown [s\open\src\hotspot\share\interpreter\linkResolver.cpp, line 840]
Event: 4.401 Thread 0x00000208c12368f0 Exception <a 'java/lang/IncompatibleClassChangeError'{0x00000000eab6dee8}: Found class java.lang.Object, but interface was expected> (0x00000000eab6dee8) 
thrown [s\open\src\hotspot\share\interpreter\linkResolver.cpp, line 840]
Event: 5.514 Thread 0x00000208c12368f0 Implicit null exception at 0x00000208edda0e77 to 0x00000208edda10e8
Event: 5.542 Thread 0x00000208c12368f0 Exception <a 'java/lang/LinkageError'{0x00000000ebb8d2a0}: loader lombok.launch.ShadowClassLoader @31077804 attempted duplicate class definition for lombok.launch.PatchFixesHider$ValPortal. (lombok.launch.PatchFixesHider$ValPortal is in unnamed module of loader lombok.launch.ShadowClassLoader @31077804, parent loader org.eclipse.osgi.internal.loader.EquinoxClassLoader @270eb1cf)> (0x00000000ebb8d2a0) 
thrown [s\open\src\hotspot\share\classfile\systemDictionary.cpp, line 1682]
Event: 5.543 Thread 0x00000208c1239050 Exception <a 'java/lang/LinkageError'{0x00000000ebca3740}: loader lombok.launch.ShadowClassLoader @31077804 attempted duplicate class definition for lombok.launch.PatchFixesHider$ValPortal. (lombok.launch.PatchFixesHider$ValPortal is in unnamed module of loader lombok.launch.ShadowClassLoader @31077804, parent loader org.eclipse.osgi.internal.loader.EquinoxClassLoader @270eb1cf)> (0x00000000ebca3740) 
thrown [s\open\src\hotspot\share\classfile\systemDictionary.cpp, line 1682]

ZGC Phase Switch (0 events):
No events

VM Operations (20 events):
Event: 4.038 Executing VM operation: HandshakeAllThreads (Deoptimize) done
Event: 4.074 Executing VM operation: HandshakeAllThreads (Deoptimize)
Event: 4.074 Executing VM operation: HandshakeAllThreads (Deoptimize) done
Event: 4.094 Executing VM operation: HandshakeAllThreads (Deoptimize)
Event: 4.094 Executing VM operation: HandshakeAllThreads (Deoptimize) done
Event: 4.227 Executing VM operation: ParallelGCFailedAllocation (Allocation Failure)
Event: 4.228 Executing VM operation: ParallelGCFailedAllocation (Allocation Failure) done
Event: 4.356 Executing VM operation: HandshakeAllThreads (Deoptimize)
Event: 4.356 Executing VM operation: HandshakeAllThreads (Deoptimize) done
Event: 4.392 Executing VM operation: ParallelGCFailedAllocation (Allocation Failure)
Event: 4.394 Executing VM operation: ParallelGCFailedAllocation (Allocation Failure) done
Event: 5.394 Executing VM operation: Cleanup
Event: 5.502 Executing VM operation: Cleanup done
Event: 5.520 Executing VM operation: HandshakeAllThreads (Deoptimize)
Event: 5.520 Executing VM operation: HandshakeAllThreads (Deoptimize) done
Event: 5.575 Executing VM operation: ParallelGCFailedAllocation (Allocation Failure)
Event: 5.577 Executing VM operation: ParallelGCFailedAllocation (Allocation Failure) done
Event: 6.580 Executing VM operation: Cleanup
Event: 6.580 Executing VM operation: Cleanup done
Event: 6.622 Executing VM operation: ParallelGCFailedAllocation (Allocation Failure)

Events (20 events):
Event: 4.188 Thread 0x00000208fef5f6d0 Thread added: 0x00000208fef5f6d0
Event: 4.188 Thread 0x00000208fef5fd60 Thread added: 0x00000208fef5fd60
Event: 4.188 Thread 0x00000208fef603f0 Thread added: 0x00000208fef603f0
Event: 4.188 Thread 0x00000208fef60a80 Thread added: 0x00000208fef60a80
Event: 4.189 Thread 0x00000208c1236260 Thread added: 0x00000208c1236260
Event: 4.189 Thread 0x00000208c1235bd0 Thread added: 0x00000208c1235bd0
Event: 4.189 Thread 0x00000208c1237610 Thread added: 0x00000208c1237610
Event: 4.189 Thread 0x00000208c1235540 Thread added: 0x00000208c1235540
Event: 4.189 Thread 0x00000208c1237ca0 Thread added: 0x00000208c1237ca0
Event: 4.200 Thread 0x00000208c12389c0 Thread added: 0x00000208c12389c0
Event: 4.271 Thread 0x00000208c1238330 Thread added: 0x00000208c1238330
Event: 4.273 Thread 0x00000208c12396e0 Thread added: 0x00000208c12396e0
Event: 4.307 Thread 0x00000208c1239d70 Thread added: 0x00000208c1239d70
Event: 4.308 Thread 0x00000208c12368f0 Thread added: 0x00000208c12368f0
Event: 4.404 Thread 0x00000208c1239050 Thread added: 0x00000208c1239050
Event: 4.405 Thread 0x00000208c123a400 Thread added: 0x00000208c123a400
Event: 5.502 Thread 0x00000208fe5a4520 Thread exited: 0x00000208fe5a4520
Event: 5.502 Thread 0x00000208fe5a3670 Thread exited: 0x00000208fe5a3670
Event: 5.583 Thread 0x00000208fe5a3670 Thread added: 0x00000208fe5a3670
Event: 5.589 Thread 0x00000208c15b05c0 Thread added: 0x00000208c15b05c0


Dynamic libraries:
0x00007ff656cc0000 - 0x00007ff656cd0000 	C:\Program Files\Java\jdk-21\bin\java.exe
0x00007ffa37760000 - 0x00007ffa379c3000 	C:\WINDOWS\SYSTEM32\ntdll.dll
0x00007ffa361d0000 - 0x00007ffa36298000 	C:\WINDOWS\System32\KERNEL32.DLL
0x00007ffa34b30000 - 0x00007ffa34ee2000 	C:\WINDOWS\System32\KERNELBASE.dll
0x00007ffa352f0000 - 0x00007ffa3543b000 	C:\WINDOWS\System32\ucrtbase.dll
0x00007ffa26010000 - 0x00007ffa2602b000 	C:\Program Files\Java\jdk-21\bin\VCRUNTIME140.dll
0x00007ffa246d0000 - 0x00007ffa246e9000 	C:\Program Files\Java\jdk-21\bin\jli.dll
0x00007ffa36030000 - 0x00007ffa360e4000 	C:\WINDOWS\System32\ADVAPI32.dll
0x00007ffa36690000 - 0x00007ffa36739000 	C:\WINDOWS\System32\msvcrt.dll
0x00007ffa359a0000 - 0x00007ffa35a46000 	C:\WINDOWS\System32\sechost.dll
0x00007ffa35800000 - 0x00007ffa35916000 	C:\WINDOWS\System32\RPCRT4.dll
0x00007ffa12e10000 - 0x00007ffa130a0000 	C:\WINDOWS\WinSxS\amd64_microsoft.windows.common-controls_6595b64144ccf1df_6.0.26100.2454_none_3e0b68a2e331ad60\COMCTL32.dll
0x00007ffa35e60000 - 0x00007ffa36028000 	C:\WINDOWS\System32\USER32.dll
0x00007ffa35040000 - 0x00007ffa35067000 	C:\WINDOWS\System32\win32u.dll
0x00007ffa36740000 - 0x00007ffa3676a000 	C:\WINDOWS\System32\GDI32.dll
0x00007ffa35110000 - 0x00007ffa3523b000 	C:\WINDOWS\System32\gdi32full.dll
0x00007ffa35240000 - 0x00007ffa352e3000 	C:\WINDOWS\System32\msvcp_win.dll
0x00007ffa2acc0000 - 0x00007ffa2accb000 	C:\WINDOWS\SYSTEM32\VERSION.dll
0x00007ffa360f0000 - 0x00007ffa3611f000 	C:\WINDOWS\System32\IMM32.DLL
0x00007ffa2d2b0000 - 0x00007ffa2d2bc000 	C:\Program Files\Java\jdk-21\bin\vcruntime140_1.dll
0x00007ffa20cc0000 - 0x00007ffa20d4e000 	C:\Program Files\Java\jdk-21\bin\msvcp140.dll
0x00007ff9b3290000 - 0x00007ff9b3fa8000 	C:\Program Files\Java\jdk-21\bin\server\jvm.dll
0x00007ffa371b0000 - 0x00007ffa37224000 	C:\WINDOWS\System32\WS2_32.dll
0x00007ffa349c0000 - 0x00007ffa34a0e000 	C:\WINDOWS\SYSTEM32\POWRPROF.dll
0x00007ffa2ebe0000 - 0x00007ffa2ec16000 	C:\WINDOWS\SYSTEM32\WINMM.dll
0x00007ffa349a0000 - 0x00007ffa349b4000 	C:\WINDOWS\SYSTEM32\UMPDC.dll
0x00007ffa33970000 - 0x00007ffa3398a000 	C:\WINDOWS\SYSTEM32\kernel.appcore.dll
0x00007ffa2d210000 - 0x00007ffa2d21a000 	C:\Program Files\Java\jdk-21\bin\jimage.dll
0x00007ffa32370000 - 0x00007ffa325b1000 	C:\WINDOWS\SYSTEM32\DBGHELP.DLL
0x00007ffa35a50000 - 0x00007ffa35dce000 	C:\WINDOWS\System32\combase.dll
0x00007ffa355c0000 - 0x00007ffa35696000 	C:\WINDOWS\System32\OLEAUT32.dll
0x00007ffa027e0000 - 0x00007ffa02819000 	C:\WINDOWS\SYSTEM32\dbgcore.DLL
0x00007ffa35070000 - 0x00007ffa35109000 	C:\WINDOWS\System32\bcryptPrimitives.dll
0x00007ffa2cbf0000 - 0x00007ffa2cbff000 	C:\Program Files\Java\jdk-21\bin\instrument.dll
0x00007ffa24620000 - 0x00007ffa2463f000 	C:\Program Files\Java\jdk-21\bin\java.dll
0x00007ffa36870000 - 0x00007ffa36f70000 	C:\WINDOWS\System32\SHELL32.dll
0x00007ffa32860000 - 0x00007ffa33091000 	C:\WINDOWS\SYSTEM32\windows.storage.dll
0x00007ffa35720000 - 0x00007ffa357fa000 	C:\WINDOWS\System32\SHCORE.dll
0x00007ffa376c0000 - 0x00007ffa3771d000 	C:\WINDOWS\System32\shlwapi.dll
0x00007ffa34a40000 - 0x00007ffa34a6e000 	C:\WINDOWS\SYSTEM32\profapi.dll
0x00007ffa1c130000 - 0x00007ffa1c207000 	C:\Program Files\Java\jdk-21\bin\jsvml.dll
0x00007ffa24600000 - 0x00007ffa24618000 	C:\Program Files\Java\jdk-21\bin\zip.dll
0x00007ffa2cb30000 - 0x00007ffa2cb40000 	C:\Program Files\Java\jdk-21\bin\net.dll
0x00007ffa239b0000 - 0x00007ffa23ad6000 	C:\WINDOWS\SYSTEM32\WINHTTP.dll
0x00007ffa33e70000 - 0x00007ffa33ed8000 	C:\WINDOWS\system32\mswsock.dll
0x00007ffa23b20000 - 0x00007ffa23b36000 	C:\Program Files\Java\jdk-21\bin\nio.dll
0x00007ffa23b50000 - 0x00007ffa23b60000 	C:\Program Files\Java\jdk-21\bin\verify.dll
0x00007ffa1ee70000 - 0x00007ffa1eeb5000 	C:\Users\oak pumirut\AppData\Roaming\Code\User\globalStorage\redhat.java\1.38.0\config_ss_win\org.eclipse.equinox.launcher\org.eclipse.equinox.launcher.win32.win32.x86_64_1.2.1100.v20240722-2106\eclipse_11904.dll
0x00007ffa36fe0000 - 0x00007ffa37179000 	C:\WINDOWS\System32\ole32.dll
0x00007ffa34110000 - 0x00007ffa3412c000 	C:\WINDOWS\SYSTEM32\CRYPTSP.dll
0x00007ffa338d0000 - 0x00007ffa33908000 	C:\WINDOWS\system32\rsaenh.dll
0x00007ffa33f10000 - 0x00007ffa33f3b000 	C:\WINDOWS\SYSTEM32\USERENV.dll
0x00007ffa342e0000 - 0x00007ffa34306000 	C:\WINDOWS\SYSTEM32\bcrypt.dll
0x00007ffa34130000 - 0x00007ffa3413c000 	C:\WINDOWS\SYSTEM32\CRYPTBASE.dll
0x00007ffa33400000 - 0x00007ffa33432000 	C:\WINDOWS\SYSTEM32\IPHLPAPI.DLL
0x00007ffa36130000 - 0x00007ffa3613a000 	C:\WINDOWS\System32\NSI.dll
0x00007ffa0ed50000 - 0x00007ffa0ed99000 	C:\Users\oak pumirut\AppData\Local\Temp\jna-105890889\jna4864034860137148124.dll
0x00007ffa36770000 - 0x00007ffa36778000 	C:\WINDOWS\System32\PSAPI.DLL
0x00007ffa22900000 - 0x00007ffa2291e000 	C:\WINDOWS\SYSTEM32\dhcpcsvc6.DLL
0x00007ffa226c0000 - 0x00007ffa226e5000 	C:\WINDOWS\SYSTEM32\dhcpcsvc.DLL

dbghelp: loaded successfully - version: 4.0.5 - missing functions: none
symbol engine: initialized successfully - sym options: 0x614 - pdb path: .;C:\Program Files\Java\jdk-21\bin;C:\WINDOWS\SYSTEM32;C:\WINDOWS\WinSxS\amd64_microsoft.windows.common-controls_6595b64144ccf1df_6.0.26100.2454_none_3e0b68a2e331ad60;C:\Program Files\Java\jdk-21\bin\server;C:\Users\oak pumirut\AppData\Roaming\Code\User\globalStorage\redhat.java\1.38.0\config_ss_win\org.eclipse.equinox.launcher\org.eclipse.equinox.launcher.win32.win32.x86_64_1.2.1100.v20240722-2106;C:\Users\oak pumirut\AppData\Local\Temp\jna-105890889

VM Arguments:
jvm_args: --add-modules=ALL-SYSTEM --add-opens=java.base/java.util=ALL-UNNAMED --add-opens=java.base/java.lang=ALL-UNNAMED --add-opens=java.base/sun.nio.fs=ALL-UNNAMED -Declipse.application=org.eclipse.jdt.ls.core.id1 -Dosgi.bundles.defaultStartLevel=4 -Declipse.product=org.eclipse.jdt.ls.core.product -Djava.import.generatesMetadataFilesAtProjectRoot=false -DDetectVMInstallationsJob.disabled=true -Dfile.encoding=utf8 -XX:+UseParallelGC -XX:GCTimeRatio=4 -XX:AdaptiveSizePolicyWeight=90 -Dsun.zip.disableMemoryMapping=true -Xmx1G -Xms100m -Xlog:disable -javaagent:c:\Users\oak pumirut\.vscode\extensions\redhat.java-1.38.0-win32-x64\lombok\lombok-1.18.34.jar 
java_command: c:\Users\oak pumirut\.vscode\extensions\redhat.java-1.38.0-win32-x64\server\plugins\org.eclipse.equinox.launcher_1.6.900.v20240613-2009.jar -configuration c:\Users\oak pumirut\AppData\Roaming\Code\User\globalStorage\redhat.java\1.38.0\config_ss_win -data c:\Users\oak pumirut\AppData\Roaming\Code\User\workspaceStorage\a3c4028b28b4910effa67704777bf6b0\redhat.java\ss_ws --pipe=\\.\pipe\lsp-705048c6081889ad55d5af236844f25e-sock
java_class_path (initial): c:\Users\oak pumirut\.vscode\extensions\redhat.java-1.38.0-win32-x64\server\plugins\org.eclipse.equinox.launcher_1.6.900.v20240613-2009.jar
Launcher Type: SUN_STANDARD

[Global flags]
    uintx AdaptiveSizePolicyWeight                 = 90                                        {product} {command line}
     intx CICompilerCount                          = 4                                         {product} {ergonomic}
    uintx GCTimeRatio                              = 4                                         {product} {command line}
   size_t InitialHeapSize                          = 104857600                                 {product} {command line}
   size_t MaxHeapSize                              = 1073741824                                {product} {command line}
   size_t MaxNewSize                               = 357564416                                 {product} {ergonomic}
   size_t MinHeapDeltaBytes                        = 524288                                    {product} {ergonomic}
   size_t MinHeapSize                              = 104857600                                 {product} {command line}
   size_t NewSize                                  = 34603008                                  {product} {ergonomic}
    uintx NonNMethodCodeHeapSize                   = 5839372                                {pd product} {ergonomic}
    uintx NonProfiledCodeHeapSize                  = 122909434                              {pd product} {ergonomic}
   size_t OldSize                                  = 70254592                                  {product} {ergonomic}
    uintx ProfiledCodeHeapSize                     = 122909434                              {pd product} {ergonomic}
    uintx ReservedCodeCacheSize                    = 251658240                              {pd product} {ergonomic}
     bool SegmentedCodeCache                       = true                                      {product} {ergonomic}
   size_t SoftMaxHeapSize                          = 1073741824                             {manageable} {ergonomic}
     bool UseCompressedOops                        = true                           {product lp64_product} {ergonomic}
     bool UseLargePagesIndividualAllocation        = false                                  {pd product} {ergonomic}
     bool UseParallelGC                            = true                                      {product} {command line}

Logging:
Log output configuration:
 #0: stdout all=off uptime,level,tags foldmultilines=false
 #1: stderr all=off uptime,level,tags foldmultilines=false

Environment Variables:
JAVA_HOME=C:\Program Files\Java\jdk-21\bin
PATH=C:\Program Files\Common Files\Oracle\Java\javapath;C:\Python313\Scripts\;C:\Python313\;C:\Program Files (x86)\VMware\VMware Workstation\bin\;C:\Program Files (x86)\Common Files\Oracle\Java\javapath;C:\DevSuiteHome_2\jdk\jre\bin\classic;C:\DevSuiteHome_2\jdk\jre\bin;C:\DevSuiteHome_2\jdk\jre\bin\client;C:\DevSuiteHome_2\jlib;C:\DevSuiteHome_2\bin;C:\DevSuiteHome_2\jre\1.4.2\bin\client;C:\DevSuiteHome_2\jre\1.4.2\bin;C:\DevSuiteHome_1\jdk\jre\bin\client;C:\DevSuiteHome_1\bin;C:\DevSuiteHome_1\jlib;C:\WINDOWS\system32;C:\WINDOWS;C:\WINDOWS\System32\Wbem;C:\WINDOWS\System32\WindowsPowerShell\v1.0\;C:\WINDOWS\System32\OpenSSH\;C:\Users\Pumirut\bin;C:\Program Files\dotnet\;C:\Program Files\PuTTY\;C:\Program Files\nodejs\;C:\ProgramData\chocolatey\bin;C:\Users\oak pumirut\AppData\Local\Microsoft\WindowsApps;C:\Users\oak pumirut\AppData\Local\Programs\Microsoft VS Code\bin;C:\Users\oak pumirut\AppData\Roaming\npm;
USERNAME=oak pumirut
OS=Windows_NT
PROCESSOR_IDENTIFIER=Intel64 Family 6 Model 186 Stepping 2, GenuineIntel
TMP=C:\Users\OAKPUM~1\AppData\Local\Temp
TEMP=C:\Users\OAKPUM~1\AppData\Local\Temp




Periodic native trim disabled

---------------  S Y S T E M  ---------------

OS:
 Windows 11 , 64 bit Build 26100 (10.0.26100.2454)
OS uptime: 1 days 4:13 hours

CPU: total 12 (initial active 12) (6 cores per cpu, 2 threads per core) family 6 model 186 stepping 2 microcode 0x410e, cx8, cmov, fxsr, ht, mmx, 3dnowpref, sse, sse2, sse3, ssse3, sse4.1, sse4.2, popcnt, lzcnt, tsc, tscinvbit, avx, avx2, aes, erms, clmul, bmi1, bmi2, adx, sha, fma, vzeroupper, clflush, clflushopt, clwb, serialize, rdtscp, rdpid, fsrm, f16c, pku, cet_ibt, cet_ss
Processor Information for processor 0
  Max Mhz: 2100, Current Mhz: 2100, Mhz Limit: 2100
Processor Information for processor 1
  Max Mhz: 2100, Current Mhz: 2100, Mhz Limit: 2100
Processor Information for processor 2
  Max Mhz: 2100, Current Mhz: 2100, Mhz Limit: 2100
Processor Information for processor 3
  Max Mhz: 2100, Current Mhz: 1453, Mhz Limit: 2100
Processor Information for processor 4
  Max Mhz: 2100, Current Mhz: 2100, Mhz Limit: 2100
Processor Information for processor 5
  Max Mhz: 2100, Current Mhz: 2100, Mhz Limit: 2100
Processor Information for processor 6
  Max Mhz: 2100, Current Mhz: 2100, Mhz Limit: 2100
Processor Information for processor 7
  Max Mhz: 2100, Current Mhz: 2100, Mhz Limit: 2100
Processor Information for processor 8
  Max Mhz: 2100, Current Mhz: 1500, Mhz Limit: 1491
Processor Information for processor 9
  Max Mhz: 2100, Current Mhz: 1500, Mhz Limit: 1491
Processor Information for processor 10
  Max Mhz: 2100, Current Mhz: 1500, Mhz Limit: 1491
Processor Information for processor 11
  Max Mhz: 2100, Current Mhz: 1500, Mhz Limit: 1491

Memory: 4k page, system-wide physical 16071M (2904M free)
TotalPageFile size 20167M (AvailPageFile size 31M)
current process WorkingSet (physical memory assigned to process): 179M, peak: 180M
current process commit charge ("private bytes"): 280M, peak: 282M

vm_info: Java HotSpot(TM) 64-Bit Server VM (21.0.5+9-LTS-239) for windows-amd64 JRE (21.0.5+9-LTS-239), built on 2024-09-30T05:17:38Z by "mach5one" with MS VC++ 17.6 (VS2022)

END.
